[0.158s] Invoking command in '/home/kevin/ldlidar_ros2_ws/build/rf2o_laser_odometry': CMAKE_PREFIX_PATH=${CMAKE_PREFIX_PATH}:/home/kevin/ldlidar_ros2_ws/install/autonomous_exploration:/opt/ros/humble /usr/bin/cmake /home/kevin/ldlidar_ros2_ws/src/rf2o_laser_odometry -DCMAKE_INSTALL_PREFIX=/home/kevin/ldlidar_ros2_ws/install/rf2o_laser_odometry
[1.322s] -- The C compiler identification is GNU 11.4.0
[2.107s] -- The CXX compiler identification is GNU 11.4.0
[2.174s] -- Detecting C compiler ABI info
[2.738s] -- Detecting C compiler ABI info - done
[2.766s] -- Check for working C compiler: /usr/bin/cc - skipped
[2.777s] -- Detecting C compile features
[2.780s] -- Detecting C compile features - done
[2.796s] -- Detecting CXX compiler ABI info
[3.252s] -- Detecting CXX compiler ABI info - done
[3.283s] -- Check for working CXX compiler: /usr/bin/c++ - skipped
[3.284s] -- Detecting CXX compile features
[3.290s] -- Detecting CXX compile features - done
[3.337s] -- Found ament_cmake: 1.3.9 (/opt/ros/humble/share/ament_cmake/cmake)
[4.287s] -- Found Python3: /usr/bin/python3 (found version "3.10.12") found components: Interpreter 
[4.972s] -- Found rclcpp: 16.0.9 (/opt/ros/humble/share/rclcpp/cmake)
[5.489s] -- Found rosidl_generator_c: 3.1.5 (/opt/ros/humble/share/rosidl_generator_c/cmake)
[5.556s] -- Found rosidl_adapter: 3.1.5 (/opt/ros/humble/share/rosidl_adapter/cmake)
[5.659s] -- Found rosidl_generator_cpp: 3.1.5 (/opt/ros/humble/share/rosidl_generator_cpp/cmake)
[5.797s] -- Using all available rosidl_typesupport_c: rosidl_typesupport_fastrtps_c;rosidl_typesupport_introspection_c
[5.982s] -- Using all available rosidl_typesupport_cpp: rosidl_typesupport_fastrtps_cpp;rosidl_typesupport_introspection_cpp
[6.582s] -- Found rmw_implementation_cmake: 6.1.2 (/opt/ros/humble/share/rmw_implementation_cmake/cmake)
[6.622s] -- Found rmw_fastrtps_cpp: 6.2.6 (/opt/ros/humble/share/rmw_fastrtps_cpp/cmake)
[7.404s] -- Found OpenSSL: /usr/lib/aarch64-linux-gnu/libcrypto.so (found version "3.0.2")  
[7.691s] -- Found FastRTPS: /opt/ros/humble/include  
[8.170s] -- Using RMW implementation 'rmw_fastrtps_cpp' as default
[8.284s] -- Looking for pthread.h
[8.688s] -- Looking for pthread.h - found
[8.690s] -- Performing Test CMAKE_HAVE_LIBC_PTHREAD
[9.058s] -- Performing Test CMAKE_HAVE_LIBC_PTHREAD - Success
[9.059s] -- Found Threads: TRUE  
[9.884s] -- Found geometry_msgs: 4.2.3 (/opt/ros/humble/share/geometry_msgs/cmake)
[10.110s] -- Found tf2_geometry_msgs: 0.25.6 (/opt/ros/humble/share/tf2_geometry_msgs/cmake)
[10.340s] -- Found eigen3_cmake_module: 0.1.1 (/opt/ros/humble/share/eigen3_cmake_module/cmake)
[10.348s] -- Found Eigen3: TRUE (found version "3.4.0") 
[10.349s] -- Ensuring Eigen3 include directory is part of orocos-kdl CMake target
[12.309s] -- Found sensor_msgs: 4.2.3 (/opt/ros/humble/share/sensor_msgs/cmake)
[12.681s] -- Found nav_msgs: 4.2.3 (/opt/ros/humble/share/nav_msgs/cmake)
[13.108s] -- Found Boost: /usr/lib/aarch64-linux-gnu/cmake/Boost-1.74.0/BoostConfig.cmake (found version "1.74.0")  
[13.477s] -- Configuring done
[13.573s] -- Generating done
[13.583s] -- Build files have been written to: /home/kevin/ldlidar_ros2_ws/build/rf2o_laser_odometry
[13.645s] Invoked command in '/home/kevin/ldlidar_ros2_ws/build/rf2o_laser_odometry' returned '0': CMAKE_PREFIX_PATH=${CMAKE_PREFIX_PATH}:/home/kevin/ldlidar_ros2_ws/install/autonomous_exploration:/opt/ros/humble /usr/bin/cmake /home/kevin/ldlidar_ros2_ws/src/rf2o_laser_odometry -DCMAKE_INSTALL_PREFIX=/home/kevin/ldlidar_ros2_ws/install/rf2o_laser_odometry
[13.648s] Invoking command in '/home/kevin/ldlidar_ros2_ws/build/rf2o_laser_odometry': CMAKE_PREFIX_PATH=${CMAKE_PREFIX_PATH}:/home/kevin/ldlidar_ros2_ws/install/autonomous_exploration:/opt/ros/humble /usr/bin/cmake --build /home/kevin/ldlidar_ros2_ws/build/rf2o_laser_odometry -- -j4 -l4
[13.872s] [ 20%] [32mBuilding CXX object CMakeFiles/rf2o_laser_odometry_node.dir/src/CLaserOdometry2DNode.cpp.o[0m
[13.880s] [ 40%] [32mBuilding CXX object CMakeFiles/rf2o_laser_odometry.dir/src/CLaserOdometry2D.cpp.o[0m
[13.886s] [ 60%] [32mBuilding CXX object CMakeFiles/rf2o_laser_odometry_node.dir/src/CLaserOdometry2D.cpp.o[0m
