[0.122s] Invoking command in '/home/kevin/ldlidar_ros2_ws/build/lidar_cartographer': CMAKE_PREFIX_PATH=${CMAKE_PREFIX_PATH}:/opt/ros/humble /usr/bin/cmake --build /home/kevin/ldlidar_ros2_ws/build/lidar_cartographer -- -j4 -l4
[0.563s] Invoked command in '/home/kevin/ldlidar_ros2_ws/build/lidar_cartographer' returned '0': CMAKE_PREFIX_PATH=${CMAKE_PREFIX_PATH}:/opt/ros/humble /usr/bin/cmake --build /home/kevin/ldlidar_ros2_ws/build/lidar_cartographer -- -j4 -l4
[0.724s] Invoking command in '/home/kevin/ldlidar_ros2_ws/build/lidar_cartographer': CMAKE_PREFIX_PATH=${CMAKE_PREFIX_PATH}:/opt/ros/humble /usr/bin/cmake --install /home/kevin/ldlidar_ros2_ws/build/lidar_cartographer
[0.765s] -- Install configuration: ""
[0.768s] -- Up-to-date: /home/kevin/ldlidar_ros2_ws/install/lidar_cartographer/share/lidar_cartographer/config
[0.771s] -- Up-to-date: /home/kevin/ldlidar_ros2_ws/install/lidar_cartographer/share/lidar_cartographer/config/cartographer_2d.lua
[0.772s] -- Up-to-date: /home/kevin/ldlidar_ros2_ws/install/lidar_cartographer/share/lidar_cartographer/launch
[0.773s] -- Up-to-date: /home/kevin/ldlidar_ros2_ws/install/lidar_cartographer/share/lidar_cartographer/launch/cartographer.launch.py
[0.775s] -- Up-to-date: /home/kevin/ldlidar_ros2_ws/install/lidar_cartographer/share/ament_index/resource_index/package_run_dependencies/lidar_cartographer
[0.775s] -- Up-to-date: /home/kevin/ldlidar_ros2_ws/install/lidar_cartographer/share/ament_index/resource_index/parent_prefix_path/lidar_cartographer
[0.777s] -- Up-to-date: /home/kevin/ldlidar_ros2_ws/install/lidar_cartographer/share/lidar_cartographer/environment/ament_prefix_path.sh
[0.778s] -- Up-to-date: /home/kevin/ldlidar_ros2_ws/install/lidar_cartographer/share/lidar_cartographer/environment/ament_prefix_path.dsv
[0.781s] -- Up-to-date: /home/kevin/ldlidar_ros2_ws/install/lidar_cartographer/share/lidar_cartographer/environment/path.sh
[0.790s] -- Up-to-date: /home/kevin/ldlidar_ros2_ws/install/lidar_cartographer/share/lidar_cartographer/environment/path.dsv
[0.791s] -- Up-to-date: /home/kevin/ldlidar_ros2_ws/install/lidar_cartographer/share/lidar_cartographer/local_setup.bash
[0.791s] -- Up-to-date: /home/kevin/ldlidar_ros2_ws/install/lidar_cartographer/share/lidar_cartographer/local_setup.sh
[0.792s] -- Up-to-date: /home/kevin/ldlidar_ros2_ws/install/lidar_cartographer/share/lidar_cartographer/local_setup.zsh
[0.794s] -- Up-to-date: /home/kevin/ldlidar_ros2_ws/install/lidar_cartographer/share/lidar_cartographer/local_setup.dsv
[0.796s] -- Installing: /home/kevin/ldlidar_ros2_ws/install/lidar_cartographer/share/lidar_cartographer/package.dsv
[0.800s] -- Up-to-date: /home/kevin/ldlidar_ros2_ws/install/lidar_cartographer/share/ament_index/resource_index/packages/lidar_cartographer
[0.800s] -- Up-to-date: /home/kevin/ldlidar_ros2_ws/install/lidar_cartographer/share/lidar_cartographer/cmake/lidar_cartographerConfig.cmake
[0.800s] -- Up-to-date: /home/kevin/ldlidar_ros2_ws/install/lidar_cartographer/share/lidar_cartographer/cmake/lidar_cartographerConfig-version.cmake
[0.801s] -- Up-to-date: /home/kevin/ldlidar_ros2_ws/install/lidar_cartographer/share/lidar_cartographer/package.xml
[0.828s] Invoked command in '/home/kevin/ldlidar_ros2_ws/build/lidar_cartographer' returned '0': CMAKE_PREFIX_PATH=${CMAKE_PREFIX_PATH}:/opt/ros/humble /usr/bin/cmake --install /home/kevin/ldlidar_ros2_ws/build/lidar_cartographer
