[4.723s] Invoking command in '/home/kevin/ldlidar_ros2_ws/src/autonomous_exploration': PYTHONPATH=/home/kevin/ldlidar_ros2_ws/build/autonomous_exploration/prefix_override:/home/kevin/ldlidar_ros2_ws/install/autonomous_exploration/lib/python3.10/site-packages:${PYTHONPATH} /usr/bin/python3 -W ignore:setup.py install is deprecated setup.py egg_info --egg-base ../../build/autonomous_exploration build --build-base /home/kevin/ldlidar_ros2_ws/build/autonomous_exploration/build install --record /home/kevin/ldlidar_ros2_ws/build/autonomous_exploration/install.log --single-version-externally-managed install_data
[5.952s] running egg_info
[5.954s] creating ../../build/autonomous_exploration/autonomous_exploration.egg-info
[5.956s] writing ../../build/autonomous_exploration/autonomous_exploration.egg-info/PKG-INFO
[5.957s] writing dependency_links to ../../build/autonomous_exploration/autonomous_exploration.egg-info/dependency_links.txt
[5.958s] writing entry points to ../../build/autonomous_exploration/autonomous_exploration.egg-info/entry_points.txt
[5.958s] writing requirements to ../../build/autonomous_exploration/autonomous_exploration.egg-info/requires.txt
[5.960s] writing top-level names to ../../build/autonomous_exploration/autonomous_exploration.egg-info/top_level.txt
[5.960s] writing manifest file '../../build/autonomous_exploration/autonomous_exploration.egg-info/SOURCES.txt'
[5.968s] reading manifest file '../../build/autonomous_exploration/autonomous_exploration.egg-info/SOURCES.txt'
[5.972s] writing manifest file '../../build/autonomous_exploration/autonomous_exploration.egg-info/SOURCES.txt'
[5.973s] running build
[5.974s] running build_py
[5.975s] creating /home/kevin/ldlidar_ros2_ws/build/autonomous_exploration/build
[5.975s] creating /home/kevin/ldlidar_ros2_ws/build/autonomous_exploration/build/lib
[5.976s] creating /home/kevin/ldlidar_ros2_ws/build/autonomous_exploration/build/lib/autonomous_exploration
[5.976s] copying autonomous_exploration/control.py -> /home/kevin/ldlidar_ros2_ws/build/autonomous_exploration/build/lib/autonomous_exploration
[5.977s] copying autonomous_exploration/__init__.py -> /home/kevin/ldlidar_ros2_ws/build/autonomous_exploration/build/lib/autonomous_exploration
[5.977s] running install
[5.979s] running install_lib
[5.983s] creating /home/kevin/ldlidar_ros2_ws/install/autonomous_exploration/lib/python3.10/site-packages/autonomous_exploration
[5.984s] copying /home/kevin/ldlidar_ros2_ws/build/autonomous_exploration/build/lib/autonomous_exploration/control.py -> /home/kevin/ldlidar_ros2_ws/install/autonomous_exploration/lib/python3.10/site-packages/autonomous_exploration
[5.985s] copying /home/kevin/ldlidar_ros2_ws/build/autonomous_exploration/build/lib/autonomous_exploration/__init__.py -> /home/kevin/ldlidar_ros2_ws/install/autonomous_exploration/lib/python3.10/site-packages/autonomous_exploration
[5.988s] byte-compiling /home/kevin/ldlidar_ros2_ws/install/autonomous_exploration/lib/python3.10/site-packages/autonomous_exploration/control.py to control.cpython-310.pyc
[6.003s] byte-compiling /home/kevin/ldlidar_ros2_ws/install/autonomous_exploration/lib/python3.10/site-packages/autonomous_exploration/__init__.py to __init__.cpython-310.pyc
[6.004s] running install_data
[6.005s] creating /home/kevin/ldlidar_ros2_ws/install/autonomous_exploration/share/ament_index
[6.006s] creating /home/kevin/ldlidar_ros2_ws/install/autonomous_exploration/share/ament_index/resource_index
[6.006s] creating /home/kevin/ldlidar_ros2_ws/install/autonomous_exploration/share/ament_index/resource_index/packages
[6.007s] copying resource/autonomous_exploration -> /home/kevin/ldlidar_ros2_ws/install/autonomous_exploration/share/ament_index/resource_index/packages
[6.007s] copying package.xml -> /home/kevin/ldlidar_ros2_ws/install/autonomous_exploration/share/autonomous_exploration
[6.008s] running install_egg_info
[6.015s] Copying ../../build/autonomous_exploration/autonomous_exploration.egg-info to /home/kevin/ldlidar_ros2_ws/install/autonomous_exploration/lib/python3.10/site-packages/autonomous_exploration-0.0.0-py3.10.egg-info
[6.022s] running install_scripts
[6.111s] Installing control script to /home/kevin/ldlidar_ros2_ws/install/autonomous_exploration/lib/autonomous_exploration
[6.113s] writing list of installed files to '/home/kevin/ldlidar_ros2_ws/build/autonomous_exploration/install.log'
[6.289s] Invoked command in '/home/kevin/ldlidar_ros2_ws/src/autonomous_exploration' returned '0': PYTHONPATH=/home/kevin/ldlidar_ros2_ws/build/autonomous_exploration/prefix_override:/home/kevin/ldlidar_ros2_ws/install/autonomous_exploration/lib/python3.10/site-packages:${PYTHONPATH} /usr/bin/python3 -W ignore:setup.py install is deprecated setup.py egg_info --egg-base ../../build/autonomous_exploration build --build-base /home/kevin/ldlidar_ros2_ws/build/autonomous_exploration/build install --record /home/kevin/ldlidar_ros2_ws/build/autonomous_exploration/install.log --single-version-externally-managed install_data
