[0.079s] Invoking command in '/home/kevin/ldlidar_ros2_ws/build/lidar_cartographer': CMAKE_PREFIX_PATH=${CMAKE_PREFIX_PATH}:/opt/ros/humble /usr/bin/cmake --build /home/kevin/ldlidar_ros2_ws/build/lidar_cartographer -- -j4 -l4
[0.279s] Invoked command in '/home/kevin/ldlidar_ros2_ws/build/lidar_cartographer' returned '0': CMAKE_PREFIX_PATH=${CMAKE_PREFIX_PATH}:/opt/ros/humble /usr/bin/cmake --build /home/kevin/ldlidar_ros2_ws/build/lidar_cartographer -- -j4 -l4
[0.439s] Invoking command in '/home/kevin/ldlidar_ros2_ws/build/lidar_cartographer': CMAKE_PREFIX_PATH=${CMAKE_PREFIX_PATH}:/opt/ros/humble /usr/bin/cmake --install /home/kevin/ldlidar_ros2_ws/build/lidar_cartographer
[0.476s] -- Install configuration: ""
[0.477s] -- Up-to-date: /home/kevin/ldlidar_ros2_ws/install/lidar_cartographer/share/lidar_cartographer/config
[0.478s] -- Up-to-date: /home/kevin/ldlidar_ros2_ws/install/lidar_cartographer/share/lidar_cartographer/config/cartographer_2d.lua
[0.478s] -- Up-to-date: /home/kevin/ldlidar_ros2_ws/install/lidar_cartographer/share/lidar_cartographer/launch
[0.478s] -- Installing: /home/kevin/ldlidar_ros2_ws/install/lidar_cartographer/share/lidar_cartographer/launch/cartographer.launch.py
[0.479s] -- Up-to-date: /home/kevin/ldlidar_ros2_ws/install/lidar_cartographer/share/ament_index/resource_index/package_run_dependencies/lidar_cartographer
[0.480s] -- Up-to-date: /home/kevin/ldlidar_ros2_ws/install/lidar_cartographer/share/ament_index/resource_index/parent_prefix_path/lidar_cartographer
[0.481s] -- Up-to-date: /home/kevin/ldlidar_ros2_ws/install/lidar_cartographer/share/lidar_cartographer/environment/ament_prefix_path.sh
[0.481s] -- Up-to-date: /home/kevin/ldlidar_ros2_ws/install/lidar_cartographer/share/lidar_cartographer/environment/ament_prefix_path.dsv
[0.482s] -- Up-to-date: /home/kevin/ldlidar_ros2_ws/install/lidar_cartographer/share/lidar_cartographer/environment/path.sh
[0.482s] -- Up-to-date: /home/kevin/ldlidar_ros2_ws/install/lidar_cartographer/share/lidar_cartographer/environment/path.dsv
[0.483s] -- Up-to-date: /home/kevin/ldlidar_ros2_ws/install/lidar_cartographer/share/lidar_cartographer/local_setup.bash
[0.484s] -- Up-to-date: /home/kevin/ldlidar_ros2_ws/install/lidar_cartographer/share/lidar_cartographer/local_setup.sh
[0.484s] -- Up-to-date: /home/kevin/ldlidar_ros2_ws/install/lidar_cartographer/share/lidar_cartographer/local_setup.zsh
[0.485s] -- Up-to-date: /home/kevin/ldlidar_ros2_ws/install/lidar_cartographer/share/lidar_cartographer/local_setup.dsv
[0.485s] -- Installing: /home/kevin/ldlidar_ros2_ws/install/lidar_cartographer/share/lidar_cartographer/package.dsv
[0.488s] -- Up-to-date: /home/kevin/ldlidar_ros2_ws/install/lidar_cartographer/share/ament_index/resource_index/packages/lidar_cartographer
[0.489s] -- Up-to-date: /home/kevin/ldlidar_ros2_ws/install/lidar_cartographer/share/lidar_cartographer/cmake/lidar_cartographerConfig.cmake
[0.490s] -- Up-to-date: /home/kevin/ldlidar_ros2_ws/install/lidar_cartographer/share/lidar_cartographer/cmake/lidar_cartographerConfig-version.cmake
[0.490s] -- Up-to-date: /home/kevin/ldlidar_ros2_ws/install/lidar_cartographer/share/lidar_cartographer/package.xml
[0.501s] Invoked command in '/home/kevin/ldlidar_ros2_ws/build/lidar_cartographer' returned '0': CMAKE_PREFIX_PATH=${CMAKE_PREFIX_PATH}:/opt/ros/humble /usr/bin/cmake --install /home/kevin/ldlidar_ros2_ws/build/lidar_cartographer
