[1.449s] Invoking command in '/home/kevin/ldlidar_ros2_ws/build/ldlidar_stl_ros2': CMAKE_PREFIX_PATH=${CMAKE_PREFIX_PATH}:/home/kevin/ldlidar_ros2_ws/install/autonomous_exploration:/opt/ros/humble /usr/bin/cmake --build /home/kevin/ldlidar_ros2_ws/build/ldlidar_stl_ros2 -- -j4 -l4
[1.798s] [100%] Built target ldlidar_stl_ros2_node
[1.858s] Invoked command in '/home/kevin/ldlidar_ros2_ws/build/ldlidar_stl_ros2' returned '0': CMAKE_PREFIX_PATH=${CMAKE_PREFIX_PATH}:/home/kevin/ldlidar_ros2_ws/install/autonomous_exploration:/opt/ros/humble /usr/bin/cmake --build /home/kevin/ldlidar_ros2_ws/build/ldlidar_stl_ros2 -- -j4 -l4
[2.375s] Invoking command in '/home/kevin/ldlidar_ros2_ws/build/ldlidar_stl_ros2': CMAKE_PREFIX_PATH=${CMAKE_PREFIX_PATH}:/home/kevin/ldlidar_ros2_ws/install/autonomous_exploration:/opt/ros/humble /usr/bin/cmake --install /home/kevin/ldlidar_ros2_ws/build/ldlidar_stl_ros2
[2.433s] -- Install configuration: ""
[2.439s] -- Execute custom install script
[2.447s] -- Up-to-date symlink: /home/kevin/ldlidar_ros2_ws/install/ldlidar_stl_ros2/lib/ldlidar_stl_ros2/ldlidar_stl_ros2_node
[2.455s] -- Up-to-date symlink: /home/kevin/ldlidar_ros2_ws/install/ldlidar_stl_ros2/share/ldlidar_stl_ros2//launch/ld06.launch.py
[2.461s] -- Up-to-date symlink: /home/kevin/ldlidar_ros2_ws/install/ldlidar_stl_ros2/share/ldlidar_stl_ros2//launch/ld19.launch.py
[2.467s] -- Up-to-date symlink: /home/kevin/ldlidar_ros2_ws/install/ldlidar_stl_ros2/share/ldlidar_stl_ros2//launch/stl27l.launch.py
[2.474s] -- Up-to-date symlink: /home/kevin/ldlidar_ros2_ws/install/ldlidar_stl_ros2/share/ldlidar_stl_ros2//launch/viewer_ld06.launch.py
[2.481s] -- Up-to-date symlink: /home/kevin/ldlidar_ros2_ws/install/ldlidar_stl_ros2/share/ldlidar_stl_ros2//launch/viewer_ld19.launch.py
[2.486s] -- Up-to-date symlink: /home/kevin/ldlidar_ros2_ws/install/ldlidar_stl_ros2/share/ldlidar_stl_ros2//launch/viewer_stl27l.launch.py
[2.493s] -- Up-to-date symlink: /home/kevin/ldlidar_ros2_ws/install/ldlidar_stl_ros2/share/ldlidar_stl_ros2//rviz2/ldlidar.rviz
[2.498s] -- Up-to-date symlink: /home/kevin/ldlidar_ros2_ws/install/ldlidar_stl_ros2/share/ament_index/resource_index/package_run_dependencies/ldlidar_stl_ros2
[2.505s] -- Up-to-date symlink: /home/kevin/ldlidar_ros2_ws/install/ldlidar_stl_ros2/share/ament_index/resource_index/parent_prefix_path/ldlidar_stl_ros2
[2.513s] -- Up-to-date symlink: /home/kevin/ldlidar_ros2_ws/install/ldlidar_stl_ros2/share/ldlidar_stl_ros2/environment/ament_prefix_path.sh
[2.519s] -- Up-to-date symlink: /home/kevin/ldlidar_ros2_ws/install/ldlidar_stl_ros2/share/ldlidar_stl_ros2/environment/ament_prefix_path.dsv
[2.524s] -- Up-to-date symlink: /home/kevin/ldlidar_ros2_ws/install/ldlidar_stl_ros2/share/ldlidar_stl_ros2/environment/path.sh
[2.536s] -- Up-to-date symlink: /home/kevin/ldlidar_ros2_ws/install/ldlidar_stl_ros2/share/ldlidar_stl_ros2/environment/path.dsv
[2.542s] -- Up-to-date symlink: /home/kevin/ldlidar_ros2_ws/install/ldlidar_stl_ros2/share/ldlidar_stl_ros2/local_setup.bash
[2.548s] -- Up-to-date symlink: /home/kevin/ldlidar_ros2_ws/install/ldlidar_stl_ros2/share/ldlidar_stl_ros2/local_setup.sh
[2.570s] -- Up-to-date symlink: /home/kevin/ldlidar_ros2_ws/install/ldlidar_stl_ros2/share/ldlidar_stl_ros2/local_setup.zsh
[2.578s] -- Up-to-date symlink: /home/kevin/ldlidar_ros2_ws/install/ldlidar_stl_ros2/share/ldlidar_stl_ros2/local_setup.dsv
[2.581s] -- Symlinking: /home/kevin/ldlidar_ros2_ws/install/ldlidar_stl_ros2/share/ldlidar_stl_ros2/package.dsv
[2.639s] -- Up-to-date symlink: /home/kevin/ldlidar_ros2_ws/install/ldlidar_stl_ros2/share/ament_index/resource_index/packages/ldlidar_stl_ros2
[2.654s] -- Up-to-date symlink: /home/kevin/ldlidar_ros2_ws/install/ldlidar_stl_ros2/share/ldlidar_stl_ros2/cmake/ldlidar_stl_ros2Config.cmake
[2.658s] -- Up-to-date symlink: /home/kevin/ldlidar_ros2_ws/install/ldlidar_stl_ros2/share/ldlidar_stl_ros2/cmake/ldlidar_stl_ros2Config-version.cmake
[2.661s] -- Up-to-date symlink: /home/kevin/ldlidar_ros2_ws/install/ldlidar_stl_ros2/share/ldlidar_stl_ros2/package.xml
[2.673s] Invoked command in '/home/kevin/ldlidar_ros2_ws/build/ldlidar_stl_ros2' returned '0': CMAKE_PREFIX_PATH=${CMAKE_PREFIX_PATH}:/home/kevin/ldlidar_ros2_ws/install/autonomous_exploration:/opt/ros/humble /usr/bin/cmake --install /home/kevin/ldlidar_ros2_ws/build/ldlidar_stl_ros2
