[0.056s] Invoking command in '/home/kevin/ldlidar_ros2_ws/build/ldlidar_stl_ros2': /usr/bin/cmake /home/kevin/ldlidar_ros2_ws/src/ldlidar_stl_ros2 -DCMAKE_INSTALL_PREFIX=/home/kevin/ldlidar_ros2_ws/install/ldlidar_stl_ros2
[0.186s] -- Found ament_cmake: 1.3.9 (/opt/ros/humble/share/ament_cmake/cmake)
[1.000s] -- Found Python3: /usr/bin/python3 (found version "3.10.12") found components: Interpreter 
[1.398s] Traceback (most recent call last):
[1.400s]   File "/opt/ros/humble/share/ament_cmake_core/cmake/package_templates/templates_2_cmake.py", line 21, in <module>
[1.401s]     from ament_package.templates import get_environment_hook_template_path
[1.403s] ModuleNotFoundError: No module named 'ament_package'
[1.479s] [31mCMake Error at /opt/ros/humble/share/ament_cmake_core/cmake/ament_cmake_package_templates-extras.cmake:41 (message):
[1.479s]   execute_process(/usr/bin/python3
[1.480s]   /opt/ros/humble/share/ament_cmake_core/cmake/package_templates/templates_2_cmake.py
[1.480s]   /home/kevin/ldlidar_ros2_ws/build/ldlidar_stl_ros2/ament_cmake_package_templates/templates.cmake)
[1.480s]   returned error code 1
[1.481s] Call Stack (most recent call first):
[1.481s]   /opt/ros/humble/share/ament_cmake_core/cmake/ament_cmake_coreConfig.cmake:41 (include)
[1.481s]   /opt/ros/humble/share/ament_cmake/cmake/ament_cmake_export_dependencies-extras.cmake:15 (find_package)
[1.482s]   /opt/ros/humble/share/ament_cmake/cmake/ament_cmakeConfig.cmake:41 (include)
[1.482s]   CMakeLists.txt:19 (find_package)
[1.483s] 
[1.483s] [0m
[1.484s] -- Configuring incomplete, errors occurred!
[1.484s] See also "/home/kevin/ldlidar_ros2_ws/build/ldlidar_stl_ros2/CMakeFiles/CMakeOutput.log".
[1.498s] Invoked command in '/home/kevin/ldlidar_ros2_ws/build/ldlidar_stl_ros2' returned '1': /usr/bin/cmake /home/kevin/ldlidar_ros2_ws/src/ldlidar_stl_ros2 -DCMAKE_INSTALL_PREFIX=/home/kevin/ldlidar_ros2_ws/install/ldlidar_stl_ros2
