[0.167s] Invoking command in '/home/kev/ldlidar_ros2_ws/build/lidar_bringup': CMAKE_PREFIX_PATH=/opt/ros/humble /usr/bin/cmake /home/kev/ldlidar_ros2_ws/src/lidar_bringup -DCMAKE_INSTALL_PREFIX=/home/kev/ldlidar_ros2_ws/install/lidar_bringup
[0.243s] -- The C compiler identification is GNU 11.4.0
[0.322s] -- The CXX compiler identification is GNU 11.4.0
[0.331s] -- Detecting C compiler ABI info
[0.394s] -- Detecting C compiler ABI info - done
[0.399s] -- Check for working C compiler: /usr/bin/cc - skipped
[0.399s] -- Detecting C compile features
[0.399s] -- Detecting C compile features - done
[0.402s] -- Detecting CXX compiler ABI info
[0.482s] -- Detecting CXX compiler ABI info - done
[0.492s] -- Check for working CXX compiler: /usr/bin/c++ - skipped
[0.492s] -- Detecting CXX compile features
[0.493s] -- Detecting CXX compile features - done
[0.496s] -- Found ament_cmake: 1.3.9 (/opt/ros/humble/share/ament_cmake/cmake)
[0.618s] -- Found Python3: /usr/bin/python3 (found version "3.10.12") found components: Interpreter 
[0.685s] -- Found ament_lint_auto: 0.12.11 (/opt/ros/humble/share/ament_lint_auto/cmake)
[0.745s] -- Added test 'flake8' to check Python code syntax and style conventions
[0.745s] -- Added test 'lint_cmake' to check CMake code style
[0.746s] -- Added test 'pep257' to check Python code against some of the docstring style conventions in PEP 257
[0.746s] -- Added test 'xmllint' to check XML markup files
[0.747s] -- Configuring done
[0.749s] -- Generating done
[0.750s] -- Build files have been written to: /home/kev/ldlidar_ros2_ws/build/lidar_bringup
[0.754s] Invoked command in '/home/kev/ldlidar_ros2_ws/build/lidar_bringup' returned '0': CMAKE_PREFIX_PATH=/opt/ros/humble /usr/bin/cmake /home/kev/ldlidar_ros2_ws/src/lidar_bringup -DCMAKE_INSTALL_PREFIX=/home/kev/ldlidar_ros2_ws/install/lidar_bringup
[0.755s] Invoking command in '/home/kev/ldlidar_ros2_ws/build/lidar_bringup': CMAKE_PREFIX_PATH=/opt/ros/humble /usr/bin/cmake --build /home/kev/ldlidar_ros2_ws/build/lidar_bringup -- -j8 -l8
[0.783s] Invoked command in '/home/kev/ldlidar_ros2_ws/build/lidar_bringup' returned '0': CMAKE_PREFIX_PATH=/opt/ros/humble /usr/bin/cmake --build /home/kev/ldlidar_ros2_ws/build/lidar_bringup -- -j8 -l8
[0.805s] Invoking command in '/home/kev/ldlidar_ros2_ws/build/lidar_bringup': CMAKE_PREFIX_PATH=/opt/ros/humble /usr/bin/cmake --install /home/kev/ldlidar_ros2_ws/build/lidar_bringup
[0.812s] -- Install configuration: ""
[0.812s] -- Up-to-date: /home/kev/ldlidar_ros2_ws/install/lidar_bringup/share/lidar_bringup/launch
[0.812s] -- Installing: /home/kev/ldlidar_ros2_ws/install/lidar_bringup/share/lidar_bringup/launch/slam_and_nav_bringup_launch.py
[0.812s] -- Up-to-date: /home/kev/ldlidar_ros2_ws/install/lidar_bringup/share/lidar_bringup/params
[0.812s] -- Installing: /home/kev/ldlidar_ros2_ws/install/lidar_bringup/share/lidar_bringup/params/slam_and_nav.yaml
[0.812s] -- Installing: /home/kev/ldlidar_ros2_ws/install/lidar_bringup/share/ament_index/resource_index/package_run_dependencies/lidar_bringup
[0.812s] -- Installing: /home/kev/ldlidar_ros2_ws/install/lidar_bringup/share/ament_index/resource_index/parent_prefix_path/lidar_bringup
[0.812s] -- Installing: /home/kev/ldlidar_ros2_ws/install/lidar_bringup/share/lidar_bringup/environment/ament_prefix_path.sh
[0.812s] -- Installing: /home/kev/ldlidar_ros2_ws/install/lidar_bringup/share/lidar_bringup/environment/ament_prefix_path.dsv
[0.813s] -- Installing: /home/kev/ldlidar_ros2_ws/install/lidar_bringup/share/lidar_bringup/environment/path.sh
[0.813s] -- Installing: /home/kev/ldlidar_ros2_ws/install/lidar_bringup/share/lidar_bringup/environment/path.dsv
[0.813s] -- Installing: /home/kev/ldlidar_ros2_ws/install/lidar_bringup/share/lidar_bringup/local_setup.bash
[0.813s] -- Installing: /home/kev/ldlidar_ros2_ws/install/lidar_bringup/share/lidar_bringup/local_setup.sh
[0.813s] -- Installing: /home/kev/ldlidar_ros2_ws/install/lidar_bringup/share/lidar_bringup/local_setup.zsh
[0.813s] -- Installing: /home/kev/ldlidar_ros2_ws/install/lidar_bringup/share/lidar_bringup/local_setup.dsv
[0.813s] -- Installing: /home/kev/ldlidar_ros2_ws/install/lidar_bringup/share/lidar_bringup/package.dsv
[0.813s] -- Installing: /home/kev/ldlidar_ros2_ws/install/lidar_bringup/share/ament_index/resource_index/packages/lidar_bringup
[0.813s] -- Installing: /home/kev/ldlidar_ros2_ws/install/lidar_bringup/share/lidar_bringup/cmake/lidar_bringupConfig.cmake
[0.813s] -- Installing: /home/kev/ldlidar_ros2_ws/install/lidar_bringup/share/lidar_bringup/cmake/lidar_bringupConfig-version.cmake
[0.813s] -- Installing: /home/kev/ldlidar_ros2_ws/install/lidar_bringup/share/lidar_bringup/package.xml
[0.815s] Invoked command in '/home/kev/ldlidar_ros2_ws/build/lidar_bringup' returned '0': CMAKE_PREFIX_PATH=/opt/ros/humble /usr/bin/cmake --install /home/kev/ldlidar_ros2_ws/build/lidar_bringup
