[1.477s] Invoking command in '/home/kevin/ldlidar_ros2_ws/build/lidar_bringup': CMAKE_PREFIX_PATH=${CMAKE_PREFIX_PATH}:/home/kevin/ldlidar_ros2_ws/install/autonomous_exploration:/opt/ros/humble /usr/bin/cmake --build /home/kevin/ldlidar_ros2_ws/build/lidar_bringup -- -j4 -l4
[1.679s] Invoked command in '/home/kevin/ldlidar_ros2_ws/build/lidar_bringup' returned '0': CMAKE_PREFIX_PATH=${CMAKE_PREFIX_PATH}:/home/kevin/ldlidar_ros2_ws/install/autonomous_exploration:/opt/ros/humble /usr/bin/cmake --build /home/kevin/ldlidar_ros2_ws/build/lidar_bringup -- -j4 -l4
[1.903s] Invoking command in '/home/kevin/ldlidar_ros2_ws/build/lidar_bringup': CMAKE_PREFIX_PATH=${CMAKE_PREFIX_PATH}:/home/kevin/ldlidar_ros2_ws/install/autonomous_exploration:/opt/ros/humble /usr/bin/cmake --install /home/kevin/ldlidar_ros2_ws/build/lidar_bringup
[1.954s] -- Install configuration: ""
[1.958s] -- Execute custom install script
[1.961s] -- Up-to-date symlink: /home/kevin/ldlidar_ros2_ws/install/lidar_bringup/share/ament_index/resource_index/package_run_dependencies/lidar_bringup
[1.964s] -- Up-to-date symlink: /home/kevin/ldlidar_ros2_ws/install/lidar_bringup/share/ament_index/resource_index/parent_prefix_path/lidar_bringup
[1.981s] -- Up-to-date symlink: /home/kevin/ldlidar_ros2_ws/install/lidar_bringup/share/lidar_bringup/environment/ament_prefix_path.sh
[1.990s] -- Up-to-date symlink: /home/kevin/ldlidar_ros2_ws/install/lidar_bringup/share/lidar_bringup/environment/ament_prefix_path.dsv
[1.998s] -- Up-to-date symlink: /home/kevin/ldlidar_ros2_ws/install/lidar_bringup/share/lidar_bringup/environment/path.sh
[2.001s] -- Up-to-date symlink: /home/kevin/ldlidar_ros2_ws/install/lidar_bringup/share/lidar_bringup/environment/path.dsv
[2.008s] -- Up-to-date symlink: /home/kevin/ldlidar_ros2_ws/install/lidar_bringup/share/lidar_bringup/local_setup.bash
[2.011s] -- Up-to-date symlink: /home/kevin/ldlidar_ros2_ws/install/lidar_bringup/share/lidar_bringup/local_setup.sh
[2.033s] -- Up-to-date symlink: /home/kevin/ldlidar_ros2_ws/install/lidar_bringup/share/lidar_bringup/local_setup.zsh
[2.046s] -- Up-to-date symlink: /home/kevin/ldlidar_ros2_ws/install/lidar_bringup/share/lidar_bringup/local_setup.dsv
[2.047s] -- Symlinking: /home/kevin/ldlidar_ros2_ws/install/lidar_bringup/share/lidar_bringup/package.dsv
[2.047s] -- Up-to-date symlink: /home/kevin/ldlidar_ros2_ws/install/lidar_bringup/share/ament_index/resource_index/packages/lidar_bringup
[2.048s] -- Up-to-date symlink: /home/kevin/ldlidar_ros2_ws/install/lidar_bringup/share/lidar_bringup/cmake/lidar_bringupConfig.cmake
[2.048s] -- Up-to-date symlink: /home/kevin/ldlidar_ros2_ws/install/lidar_bringup/share/lidar_bringup/cmake/lidar_bringupConfig-version.cmake
[2.052s] -- Up-to-date symlink: /home/kevin/ldlidar_ros2_ws/install/lidar_bringup/share/lidar_bringup/package.xml
[2.053s] Invoked command in '/home/kevin/ldlidar_ros2_ws/build/lidar_bringup' returned '0': CMAKE_PREFIX_PATH=${CMAKE_PREFIX_PATH}:/home/kevin/ldlidar_ros2_ws/install/autonomous_exploration:/opt/ros/humble /usr/bin/cmake --install /home/kevin/ldlidar_ros2_ws/build/lidar_bringup
