[4.291s] Invoking command in '/home/kevin/ldlidar_ros2_ws/src/autonomous_exploration': PYTHONPATH=/home/kevin/ldlidar_ros2_ws/build/autonomous_exploration/prefix_override:/home/kevin/ldlidar_ros2_ws/install/autonomous_exploration/lib/python3.10/site-packages:${PYTHONPATH} /usr/bin/python3 -W ignore:setup.py install is deprecated setup.py egg_info --egg-base ../../build/autonomous_exploration build --build-base /home/kevin/ldlidar_ros2_ws/build/autonomous_exploration/build install --record /home/kevin/ldlidar_ros2_ws/build/autonomous_exploration/install.log --single-version-externally-managed install_data
[5.466s] running egg_info
[5.469s] writing ../../build/autonomous_exploration/autonomous_exploration.egg-info/PKG-INFO
[5.471s] writing dependency_links to ../../build/autonomous_exploration/autonomous_exploration.egg-info/dependency_links.txt
[5.474s] writing entry points to ../../build/autonomous_exploration/autonomous_exploration.egg-info/entry_points.txt
[5.474s] writing requirements to ../../build/autonomous_exploration/autonomous_exploration.egg-info/requires.txt
[5.475s] writing top-level names to ../../build/autonomous_exploration/autonomous_exploration.egg-info/top_level.txt
[5.482s] reading manifest file '../../build/autonomous_exploration/autonomous_exploration.egg-info/SOURCES.txt'
[5.489s] writing manifest file '../../build/autonomous_exploration/autonomous_exploration.egg-info/SOURCES.txt'
[5.491s] running build
[5.491s] running build_py
[5.492s] running install
[5.495s] running install_lib
[5.503s] running install_data
[5.504s] running install_egg_info
[5.510s] removing '/home/kevin/ldlidar_ros2_ws/install/autonomous_exploration/lib/python3.10/site-packages/autonomous_exploration-0.0.0-py3.10.egg-info' (and everything under it)
[5.512s] Copying ../../build/autonomous_exploration/autonomous_exploration.egg-info to /home/kevin/ldlidar_ros2_ws/install/autonomous_exploration/lib/python3.10/site-packages/autonomous_exploration-0.0.0-py3.10.egg-info
[5.520s] running install_scripts
[5.606s] Installing control script to /home/kevin/ldlidar_ros2_ws/install/autonomous_exploration/lib/autonomous_exploration
[5.609s] writing list of installed files to '/home/kevin/ldlidar_ros2_ws/build/autonomous_exploration/install.log'
[5.747s] Invoked command in '/home/kevin/ldlidar_ros2_ws/src/autonomous_exploration' returned '0': PYTHONPATH=/home/kevin/ldlidar_ros2_ws/build/autonomous_exploration/prefix_override:/home/kevin/ldlidar_ros2_ws/install/autonomous_exploration/lib/python3.10/site-packages:${PYTHONPATH} /usr/bin/python3 -W ignore:setup.py install is deprecated setup.py egg_info --egg-base ../../build/autonomous_exploration build --build-base /home/kevin/ldlidar_ros2_ws/build/autonomous_exploration/build install --record /home/kevin/ldlidar_ros2_ws/build/autonomous_exploration/install.log --single-version-externally-managed install_data
