[0.167s] Invoking command in '/home/kev/ldlidar_ros2_ws/build/ldlidar_stl_ros2': CMAKE_PREFIX_PATH=/opt/ros/humble /usr/bin/cmake /home/kev/ldlidar_ros2_ws/src/ldlidar_stl_ros2 -DCMAKE_INSTALL_PREFIX=/home/kev/ldlidar_ros2_ws/install/ldlidar_stl_ros2
[0.246s] -- The C compiler identification is GNU 11.4.0
[0.314s] -- The CXX compiler identification is GNU 11.4.0
[0.323s] -- Detecting C compiler ABI info
[0.386s] -- Detecting C compiler ABI info - done
[0.395s] -- Check for working C compiler: /usr/bin/cc - skipped
[0.396s] -- Detecting C compile features
[0.396s] -- Detecting C compile features - done
[0.399s] -- Detecting CXX compiler ABI info
[0.467s] -- Detecting CXX compiler ABI info - done
[0.474s] -- Check for working CXX compiler: /usr/bin/c++ - skipped
[0.474s] -- Detecting CXX compile features
[0.474s] -- Detecting CXX compile features - done
[0.476s] -- Found ament_cmake: 1.3.9 (/opt/ros/humble/share/ament_cmake/cmake)
[0.594s] -- Found Python3: /usr/bin/python3 (found version "3.10.12") found components: Interpreter 
[0.684s] -- Found rclcpp: 16.0.9 (/opt/ros/humble/share/rclcpp/cmake)
[0.737s] -- Found rosidl_generator_c: 3.1.5 (/opt/ros/humble/share/rosidl_generator_c/cmake)
[0.744s] -- Found rosidl_adapter: 3.1.5 (/opt/ros/humble/share/rosidl_adapter/cmake)
[0.757s] -- Found rosidl_generator_cpp: 3.1.5 (/opt/ros/humble/share/rosidl_generator_cpp/cmake)
[0.774s] -- Using all available rosidl_typesupport_c: rosidl_typesupport_fastrtps_c;rosidl_typesupport_introspection_c
[0.792s] -- Using all available rosidl_typesupport_cpp: rosidl_typesupport_fastrtps_cpp;rosidl_typesupport_introspection_cpp
[0.873s] -- Found rmw_implementation_cmake: 6.1.2 (/opt/ros/humble/share/rmw_implementation_cmake/cmake)
[0.877s] -- Found rmw_fastrtps_cpp: 6.2.6 (/opt/ros/humble/share/rmw_fastrtps_cpp/cmake)
[0.961s] -- Found OpenSSL: /usr/lib/x86_64-linux-gnu/libcrypto.so (found version "3.0.2")  
[0.984s] -- Found FastRTPS: /opt/ros/humble/include  
[1.016s] -- Using RMW implementation 'rmw_fastrtps_cpp' as default
[1.025s] -- Looking for pthread.h
[1.080s] -- Looking for pthread.h - found
[1.080s] -- Performing Test CMAKE_HAVE_LIBC_PTHREAD
[1.130s] -- Performing Test CMAKE_HAVE_LIBC_PTHREAD - Success
[1.131s] -- Found Threads: TRUE  
[1.236s] -- Found sensor_msgs: 4.2.3 (/opt/ros/humble/share/sensor_msgs/cmake)
[1.318s] -- Found ament_lint_auto: 0.12.11 (/opt/ros/humble/share/ament_lint_auto/cmake)
[1.371s] -- Added test 'copyright' to check source files copyright and LICENSE
[1.374s] -- Added test 'cppcheck' to perform static code analysis on C / C++ code
[1.374s] -- Configured cppcheck include dirs: /home/kev/ldlidar_ros2_ws/src/ldlidar_stl_ros2/include;/home/kev/ldlidar_ros2_ws/src/ldlidar_stl_ros2/ldlidar_driver/include/core;/home/kev/ldlidar_ros2_ws/src/ldlidar_stl_ros2/ldlidar_driver/include/dataprocess;/home/kev/ldlidar_ros2_ws/src/ldlidar_stl_ros2/ldlidar_driver/include/filter;/home/kev/ldlidar_ros2_ws/src/ldlidar_stl_ros2/ldlidar_driver/include/logger;/home/kev/ldlidar_ros2_ws/src/ldlidar_stl_ros2/ldlidar_driver/include/networkcom;/home/kev/ldlidar_ros2_ws/src/ldlidar_stl_ros2/ldlidar_driver/include/serialcom
[1.374s] -- Configured cppcheck exclude dirs and/or files: 
[1.376s] -- Added test 'cpplint' to check C / C++ code against the Google style
[1.376s] -- Configured cpplint exclude dirs and/or files: 
[1.377s] -- Added test 'flake8' to check Python code syntax and style conventions
[1.378s] -- Added test 'lint_cmake' to check CMake code style
[1.378s] -- Added test 'pep257' to check Python code against some of the docstring style conventions in PEP 257
[1.381s] -- Added test 'uncrustify' to check C / C++ code style
[1.381s] -- Configured uncrustify additional arguments: 
[1.381s] -- Added test 'xmllint' to check XML markup files
[1.382s] -- Configuring done
[1.388s] -- Generating done
[1.389s] -- Build files have been written to: /home/kev/ldlidar_ros2_ws/build/ldlidar_stl_ros2
[1.397s] Invoked command in '/home/kev/ldlidar_ros2_ws/build/ldlidar_stl_ros2' returned '0': CMAKE_PREFIX_PATH=/opt/ros/humble /usr/bin/cmake /home/kev/ldlidar_ros2_ws/src/ldlidar_stl_ros2 -DCMAKE_INSTALL_PREFIX=/home/kev/ldlidar_ros2_ws/install/ldlidar_stl_ros2
[1.397s] Invoking command in '/home/kev/ldlidar_ros2_ws/build/ldlidar_stl_ros2': CMAKE_PREFIX_PATH=/opt/ros/humble /usr/bin/cmake --build /home/kev/ldlidar_ros2_ws/build/ldlidar_stl_ros2 -- -j8 -l8
[1.435s] [ 75%] [32mBuilding CXX object CMakeFiles/ldlidar_stl_ros2_node.dir/ldlidar_driver/src/filter/tofbf.cpp.o[0m
[1.436s] [ 75%] [32mBuilding CXX object CMakeFiles/ldlidar_stl_ros2_node.dir/src/demo.cpp.o[0m
[1.436s] [ 75%] [32mBuilding CXX object CMakeFiles/ldlidar_stl_ros2_node.dir/ldlidar_driver/src/networkcom/network_socket_interface_linux.cpp.o[0m
[1.436s] [ 75%] [32mBuilding CXX object CMakeFiles/ldlidar_stl_ros2_node.dir/ldlidar_driver/src/core/ldlidar_driver.cpp.o[0m
[1.436s] [ 87%] [32mBuilding CXX object CMakeFiles/ldlidar_stl_ros2_node.dir/ldlidar_driver/src/logger/log_module.cpp.o[0m
[1.436s] [ 87%] [32mBuilding CXX object CMakeFiles/ldlidar_stl_ros2_node.dir/ldlidar_driver/src/serialcom/serial_interface_linux.cpp.o[0m
[1.436s] [ 75%] [32mBuilding CXX object CMakeFiles/ldlidar_stl_ros2_node.dir/ldlidar_driver/src/dataprocess/lipkg.cpp.o[0m
[5.260s] [100%] [32m[1mLinking CXX executable ldlidar_stl_ros2_node[0m
[5.429s] [100%] Built target ldlidar_stl_ros2_node
[5.438s] Invoked command in '/home/kev/ldlidar_ros2_ws/build/ldlidar_stl_ros2' returned '0': CMAKE_PREFIX_PATH=/opt/ros/humble /usr/bin/cmake --build /home/kev/ldlidar_ros2_ws/build/ldlidar_stl_ros2 -- -j8 -l8
[5.466s] Invoking command in '/home/kev/ldlidar_ros2_ws/build/ldlidar_stl_ros2': CMAKE_PREFIX_PATH=/opt/ros/humble /usr/bin/cmake --install /home/kev/ldlidar_ros2_ws/build/ldlidar_stl_ros2
[5.472s] -- Install configuration: ""
[5.472s] -- Installing: /home/kev/ldlidar_ros2_ws/install/ldlidar_stl_ros2/lib/ldlidar_stl_ros2/ldlidar_stl_ros2_node
[5.473s] -- Set runtime path of "/home/kev/ldlidar_ros2_ws/install/ldlidar_stl_ros2/lib/ldlidar_stl_ros2/ldlidar_stl_ros2_node" to ""
[5.473s] -- Up-to-date: /home/kev/ldlidar_ros2_ws/install/ldlidar_stl_ros2/share/ldlidar_stl_ros2//launch
[5.473s] -- Installing: /home/kev/ldlidar_ros2_ws/install/ldlidar_stl_ros2/share/ldlidar_stl_ros2//launch/stl27l.launch.py
[5.473s] -- Installing: /home/kev/ldlidar_ros2_ws/install/ldlidar_stl_ros2/share/ldlidar_stl_ros2//launch/ld19.launch.py
[5.473s] -- Installing: /home/kev/ldlidar_ros2_ws/install/ldlidar_stl_ros2/share/ldlidar_stl_ros2//launch/viewer_ld19.launch.py
[5.474s] -- Installing: /home/kev/ldlidar_ros2_ws/install/ldlidar_stl_ros2/share/ldlidar_stl_ros2//launch/ld06.launch.py
[5.474s] -- Installing: /home/kev/ldlidar_ros2_ws/install/ldlidar_stl_ros2/share/ldlidar_stl_ros2//launch/viewer_stl27l.launch.py
[5.474s] -- Installing: /home/kev/ldlidar_ros2_ws/install/ldlidar_stl_ros2/share/ldlidar_stl_ros2//launch/viewer_ld06.launch.py
[5.474s] -- Up-to-date: /home/kev/ldlidar_ros2_ws/install/ldlidar_stl_ros2/share/ldlidar_stl_ros2//rviz2
[5.474s] -- Installing: /home/kev/ldlidar_ros2_ws/install/ldlidar_stl_ros2/share/ldlidar_stl_ros2//rviz2/ldlidar.rviz
[5.474s] -- Installing: /home/kev/ldlidar_ros2_ws/install/ldlidar_stl_ros2/share/ament_index/resource_index/package_run_dependencies/ldlidar_stl_ros2
[5.474s] -- Installing: /home/kev/ldlidar_ros2_ws/install/ldlidar_stl_ros2/share/ament_index/resource_index/parent_prefix_path/ldlidar_stl_ros2
[5.474s] -- Installing: /home/kev/ldlidar_ros2_ws/install/ldlidar_stl_ros2/share/ldlidar_stl_ros2/environment/ament_prefix_path.sh
[5.474s] -- Installing: /home/kev/ldlidar_ros2_ws/install/ldlidar_stl_ros2/share/ldlidar_stl_ros2/environment/ament_prefix_path.dsv
[5.474s] -- Installing: /home/kev/ldlidar_ros2_ws/install/ldlidar_stl_ros2/share/ldlidar_stl_ros2/environment/path.sh
[5.474s] -- Installing: /home/kev/ldlidar_ros2_ws/install/ldlidar_stl_ros2/share/ldlidar_stl_ros2/environment/path.dsv
[5.474s] -- Installing: /home/kev/ldlidar_ros2_ws/install/ldlidar_stl_ros2/share/ldlidar_stl_ros2/local_setup.bash
[5.474s] -- Installing: /home/kev/ldlidar_ros2_ws/install/ldlidar_stl_ros2/share/ldlidar_stl_ros2/local_setup.sh
[5.474s] -- Installing: /home/kev/ldlidar_ros2_ws/install/ldlidar_stl_ros2/share/ldlidar_stl_ros2/local_setup.zsh
[5.474s] -- Installing: /home/kev/ldlidar_ros2_ws/install/ldlidar_stl_ros2/share/ldlidar_stl_ros2/local_setup.dsv
[5.475s] -- Installing: /home/kev/ldlidar_ros2_ws/install/ldlidar_stl_ros2/share/ldlidar_stl_ros2/package.dsv
[5.475s] -- Installing: /home/kev/ldlidar_ros2_ws/install/ldlidar_stl_ros2/share/ament_index/resource_index/packages/ldlidar_stl_ros2
[5.475s] -- Installing: /home/kev/ldlidar_ros2_ws/install/ldlidar_stl_ros2/share/ldlidar_stl_ros2/cmake/ldlidar_stl_ros2Config.cmake
[5.475s] -- Installing: /home/kev/ldlidar_ros2_ws/install/ldlidar_stl_ros2/share/ldlidar_stl_ros2/cmake/ldlidar_stl_ros2Config-version.cmake
[5.475s] -- Installing: /home/kev/ldlidar_ros2_ws/install/ldlidar_stl_ros2/share/ldlidar_stl_ros2/package.xml
[5.477s] Invoked command in '/home/kev/ldlidar_ros2_ws/build/ldlidar_stl_ros2' returned '0': CMAKE_PREFIX_PATH=/opt/ros/humble /usr/bin/cmake --install /home/kev/ldlidar_ros2_ws/build/ldlidar_stl_ros2
