[4.332s] Invoking command in '/home/kevin/ldlidar_ros2_ws/src/autonomous_exploration': PYTHONPATH=/home/kevin/ldlidar_ros2_ws/build/autonomous_exploration/prefix_override:/home/kevin/ldlidar_ros2_ws/install/autonomous_exploration/lib/python3.10/site-packages:${PYTHONPATH} /usr/bin/python3 -W ignore:setup.py install is deprecated setup.py egg_info --egg-base ../../build/autonomous_exploration build --build-base /home/kevin/ldlidar_ros2_ws/build/autonomous_exploration/build install --record /home/kevin/ldlidar_ros2_ws/build/autonomous_exploration/install.log --single-version-externally-managed install_data
[5.512s] running egg_info
[5.515s] writing ../../build/autonomous_exploration/autonomous_exploration.egg-info/PKG-INFO
[5.517s] writing dependency_links to ../../build/autonomous_exploration/autonomous_exploration.egg-info/dependency_links.txt
[5.518s] writing entry points to ../../build/autonomous_exploration/autonomous_exploration.egg-info/entry_points.txt
[5.519s] writing requirements to ../../build/autonomous_exploration/autonomous_exploration.egg-info/requires.txt
[5.519s] writing top-level names to ../../build/autonomous_exploration/autonomous_exploration.egg-info/top_level.txt
[5.528s] reading manifest file '../../build/autonomous_exploration/autonomous_exploration.egg-info/SOURCES.txt'
[5.532s] writing manifest file '../../build/autonomous_exploration/autonomous_exploration.egg-info/SOURCES.txt'
[5.533s] running build
[5.534s] running build_py
[5.535s] running install
[5.536s] running install_lib
[5.543s] running install_data
[5.544s] running install_egg_info
[5.552s] removing '/home/kevin/ldlidar_ros2_ws/install/autonomous_exploration/lib/python3.10/site-packages/autonomous_exploration-0.0.0-py3.10.egg-info' (and everything under it)
[5.555s] Copying ../../build/autonomous_exploration/autonomous_exploration.egg-info to /home/kevin/ldlidar_ros2_ws/install/autonomous_exploration/lib/python3.10/site-packages/autonomous_exploration-0.0.0-py3.10.egg-info
[5.561s] running install_scripts
[5.657s] Installing control script to /home/kevin/ldlidar_ros2_ws/install/autonomous_exploration/lib/autonomous_exploration
[5.658s] Installing exploration_node script to /home/kevin/ldlidar_ros2_ws/install/autonomous_exploration/lib/autonomous_exploration
[5.660s] writing list of installed files to '/home/kevin/ldlidar_ros2_ws/build/autonomous_exploration/install.log'
[5.816s] Invoked command in '/home/kevin/ldlidar_ros2_ws/src/autonomous_exploration' returned '0': PYTHONPATH=/home/kevin/ldlidar_ros2_ws/build/autonomous_exploration/prefix_override:/home/kevin/ldlidar_ros2_ws/install/autonomous_exploration/lib/python3.10/site-packages:${PYTHONPATH} /usr/bin/python3 -W ignore:setup.py install is deprecated setup.py egg_info --egg-base ../../build/autonomous_exploration build --build-base /home/kevin/ldlidar_ros2_ws/build/autonomous_exploration/build install --record /home/kevin/ldlidar_ros2_ws/build/autonomous_exploration/install.log --single-version-externally-managed install_data
