[0.494s] Invoking command in '/home/kev/ldlidar_ros2_ws/src/autonomous_exploration': PYTHONPATH=/home/kev/ldlidar_ros2_ws/build/autonomous_exploration/prefix_override:/home/kev/ldlidar_ros2_ws/install/autonomous_exploration/lib/python3.10/site-packages:${PYTHONPATH} /usr/bin/python3 -W ignore:setup.py install is deprecated setup.py egg_info --egg-base ../../build/autonomous_exploration build --build-base /home/kev/ldlidar_ros2_ws/build/autonomous_exploration/build install --record /home/kev/ldlidar_ros2_ws/build/autonomous_exploration/install.log --single-version-externally-managed install_data
[0.648s] running egg_info
[0.649s] writing ../../build/autonomous_exploration/autonomous_exploration.egg-info/PKG-INFO
[0.649s] writing dependency_links to ../../build/autonomous_exploration/autonomous_exploration.egg-info/dependency_links.txt
[0.649s] writing entry points to ../../build/autonomous_exploration/autonomous_exploration.egg-info/entry_points.txt
[0.649s] writing requirements to ../../build/autonomous_exploration/autonomous_exploration.egg-info/requires.txt
[0.649s] writing top-level names to ../../build/autonomous_exploration/autonomous_exploration.egg-info/top_level.txt
[0.650s] reading manifest file '../../build/autonomous_exploration/autonomous_exploration.egg-info/SOURCES.txt'
[0.650s] writing manifest file '../../build/autonomous_exploration/autonomous_exploration.egg-info/SOURCES.txt'
[0.651s] running build
[0.651s] running build_py
[0.651s] copying autonomous_exploration/control.py -> /home/kev/ldlidar_ros2_ws/build/autonomous_exploration/build/lib/autonomous_exploration
[0.651s] running install
[0.651s] running install_lib
[0.652s] copying /home/kev/ldlidar_ros2_ws/build/autonomous_exploration/build/lib/autonomous_exploration/control.py -> /home/kev/ldlidar_ros2_ws/install/autonomous_exploration/lib/python3.10/site-packages/autonomous_exploration
[0.652s] byte-compiling /home/kev/ldlidar_ros2_ws/install/autonomous_exploration/lib/python3.10/site-packages/autonomous_exploration/control.py to control.cpython-310.pyc
[0.654s] running install_data
[0.654s] running install_egg_info
[0.655s] removing '/home/kev/ldlidar_ros2_ws/install/autonomous_exploration/lib/python3.10/site-packages/autonomous_exploration-0.0.0-py3.10.egg-info' (and everything under it)
[0.656s] Copying ../../build/autonomous_exploration/autonomous_exploration.egg-info to /home/kev/ldlidar_ros2_ws/install/autonomous_exploration/lib/python3.10/site-packages/autonomous_exploration-0.0.0-py3.10.egg-info
[0.656s] running install_scripts
[0.668s] Installing control script to /home/kev/ldlidar_ros2_ws/install/autonomous_exploration/lib/autonomous_exploration
[0.668s] writing list of installed files to '/home/kev/ldlidar_ros2_ws/build/autonomous_exploration/install.log'
[0.689s] Invoked command in '/home/kev/ldlidar_ros2_ws/src/autonomous_exploration' returned '0': PYTHONPATH=/home/kev/ldlidar_ros2_ws/build/autonomous_exploration/prefix_override:/home/kev/ldlidar_ros2_ws/install/autonomous_exploration/lib/python3.10/site-packages:${PYTHONPATH} /usr/bin/python3 -W ignore:setup.py install is deprecated setup.py egg_info --egg-base ../../build/autonomous_exploration build --build-base /home/kev/ldlidar_ros2_ws/build/autonomous_exploration/build install --record /home/kev/ldlidar_ros2_ws/build/autonomous_exploration/install.log --single-version-externally-managed install_data
