[0.817s] DEBUG:colcon:Command line arguments: ['/usr/bin/colcon', 'build']
[0.818s] DEBUG:colcon:Parsed command line arguments: Namespace(log_base=None, log_level=None, verb_name='build', build_base='build', install_base='install', merge_install=False, symlink_install=False, test_result_base=None, continue_on_error=False, executor='parallel', parallel_workers=4, event_handlers=None, ignore_user_meta=False, metas=['./colcon.meta'], base_paths=['.'], packages_ignore=None, packages_ignore_regex=None, paths=None, packages_up_to=None, packages_up_to_regex=None, packages_above=None, packages_above_and_dependencies=None, packages_above_depth=None, packages_select_by_dep=None, packages_skip_by_dep=None, packages_skip_up_to=None, packages_select_build_failed=False, packages_skip_build_finished=False, packages_select_test_failures=False, packages_skip_test_passed=False, packages_select=None, packages_skip=None, packages_select_regex=None, packages_skip_regex=None, packages_start=None, packages_end=None, allow_overriding=[], cmake_args=None, cmake_target=None, cmake_target_skip_unavailable=False, cmake_clean_cache=False, cmake_clean_first=False, cmake_force_configure=False, ament_cmake_args=None, catkin_cmake_args=None, catkin_skip_building_tests=False, mixin_files=None, mixin=None, verb_parser=<colcon_mixin.mixin.mixin_argument.MixinArgumentDecorator object at 0xffffba366380>, verb_extension=<colcon_core.verb.build.BuildVerb object at 0xffffba466a70>, main=<bound method BuildVerb.main of <colcon_core.verb.build.BuildVerb object at 0xffffba466a70>>, mixin_verb=('build',))
[2.250s] Level 1:colcon.colcon_core.package_discovery:discover_packages(colcon_meta) check parameters
[2.251s] Level 1:colcon.colcon_core.package_discovery:discover_packages(recursive) check parameters
[2.251s] Level 1:colcon.colcon_core.package_discovery:discover_packages(ignore) check parameters
[2.251s] Level 1:colcon.colcon_core.package_discovery:discover_packages(path) check parameters
[2.251s] Level 1:colcon.colcon_core.package_discovery:discover_packages(colcon_meta) discover
[2.251s] Level 1:colcon.colcon_core.package_discovery:discover_packages(recursive) discover
[2.252s] INFO:colcon.colcon_core.package_discovery:Crawling recursively for packages in '/home/kevin/ldlidar_ros2_ws'
[2.253s] Level 1:colcon.colcon_core.package_identification:_identify(.) by extensions ['ignore', 'ignore_ament_install']
[2.254s] Level 1:colcon.colcon_core.package_identification:_identify(.) by extension 'ignore'
[2.254s] Level 1:colcon.colcon_core.package_identification:_identify(.) by extension 'ignore_ament_install'
[2.254s] Level 1:colcon.colcon_core.package_identification:_identify(.) by extensions ['colcon_pkg']
[2.255s] Level 1:colcon.colcon_core.package_identification:_identify(.) by extension 'colcon_pkg'
[2.255s] Level 1:colcon.colcon_core.package_identification:_identify(.) by extensions ['colcon_meta']
[2.255s] Level 1:colcon.colcon_core.package_identification:_identify(.) by extension 'colcon_meta'
[2.255s] Level 1:colcon.colcon_core.package_identification:_identify(.) by extensions ['ros']
[2.255s] Level 1:colcon.colcon_core.package_identification:_identify(.) by extension 'ros'
[2.327s] Level 1:colcon.colcon_core.package_identification:_identify(.) by extensions ['cmake', 'python']
[2.327s] Level 1:colcon.colcon_core.package_identification:_identify(.) by extension 'cmake'
[2.327s] Level 1:colcon.colcon_core.package_identification:_identify(.) by extension 'python'
[2.327s] Level 1:colcon.colcon_core.package_identification:_identify(.) by extensions ['python_setup_py']
[2.327s] Level 1:colcon.colcon_core.package_identification:_identify(.) by extension 'python_setup_py'
[2.328s] Level 1:colcon.colcon_core.package_identification:_identify(build) by extensions ['ignore', 'ignore_ament_install']
[2.328s] Level 1:colcon.colcon_core.package_identification:_identify(build) by extension 'ignore'
[2.329s] Level 1:colcon.colcon_core.package_identification:_identify(build) ignored
[2.329s] Level 1:colcon.colcon_core.package_identification:_identify(install) by extensions ['ignore', 'ignore_ament_install']
[2.330s] Level 1:colcon.colcon_core.package_identification:_identify(install) by extension 'ignore'
[2.330s] Level 1:colcon.colcon_core.package_identification:_identify(install) ignored
[2.330s] Level 1:colcon.colcon_core.package_identification:_identify(log) by extensions ['ignore', 'ignore_ament_install']
[2.331s] Level 1:colcon.colcon_core.package_identification:_identify(log) by extension 'ignore'
[2.331s] Level 1:colcon.colcon_core.package_identification:_identify(log) ignored
[2.332s] Level 1:colcon.colcon_core.package_identification:_identify(src) by extensions ['ignore', 'ignore_ament_install']
[2.333s] Level 1:colcon.colcon_core.package_identification:_identify(src) by extension 'ignore'
[2.333s] Level 1:colcon.colcon_core.package_identification:_identify(src) by extension 'ignore_ament_install'
[2.333s] Level 1:colcon.colcon_core.package_identification:_identify(src) by extensions ['colcon_pkg']
[2.333s] Level 1:colcon.colcon_core.package_identification:_identify(src) by extension 'colcon_pkg'
[2.333s] Level 1:colcon.colcon_core.package_identification:_identify(src) by extensions ['colcon_meta']
[2.333s] Level 1:colcon.colcon_core.package_identification:_identify(src) by extension 'colcon_meta'
[2.334s] Level 1:colcon.colcon_core.package_identification:_identify(src) by extensions ['ros']
[2.334s] Level 1:colcon.colcon_core.package_identification:_identify(src) by extension 'ros'
[2.334s] Level 1:colcon.colcon_core.package_identification:_identify(src) by extensions ['cmake', 'python']
[2.334s] Level 1:colcon.colcon_core.package_identification:_identify(src) by extension 'cmake'
[2.334s] Level 1:colcon.colcon_core.package_identification:_identify(src) by extension 'python'
[2.335s] Level 1:colcon.colcon_core.package_identification:_identify(src) by extensions ['python_setup_py']
[2.335s] Level 1:colcon.colcon_core.package_identification:_identify(src) by extension 'python_setup_py'
[2.336s] Level 1:colcon.colcon_core.package_identification:_identify(src/ldlidar_stl_ros2) by extensions ['ignore', 'ignore_ament_install']
[2.336s] Level 1:colcon.colcon_core.package_identification:_identify(src/ldlidar_stl_ros2) by extension 'ignore'
[2.337s] Level 1:colcon.colcon_core.package_identification:_identify(src/ldlidar_stl_ros2) by extension 'ignore_ament_install'
[2.337s] Level 1:colcon.colcon_core.package_identification:_identify(src/ldlidar_stl_ros2) by extensions ['colcon_pkg']
[2.337s] Level 1:colcon.colcon_core.package_identification:_identify(src/ldlidar_stl_ros2) by extension 'colcon_pkg'
[2.337s] Level 1:colcon.colcon_core.package_identification:_identify(src/ldlidar_stl_ros2) by extensions ['colcon_meta']
[2.337s] Level 1:colcon.colcon_core.package_identification:_identify(src/ldlidar_stl_ros2) by extension 'colcon_meta'
[2.338s] Level 1:colcon.colcon_core.package_identification:_identify(src/ldlidar_stl_ros2) by extensions ['ros']
[2.338s] Level 1:colcon.colcon_core.package_identification:_identify(src/ldlidar_stl_ros2) by extension 'ros'
[2.353s] DEBUG:colcon.colcon_core.package_identification:Package 'src/ldlidar_stl_ros2' with type 'ros.ament_cmake' and name 'ldlidar_stl_ros2'
[2.354s] Level 1:colcon.colcon_core.package_discovery:discover_packages(recursive) using defaults
[2.354s] Level 1:colcon.colcon_core.package_discovery:discover_packages(ignore) discover
[2.354s] Level 1:colcon.colcon_core.package_discovery:discover_packages(ignore) using defaults
[2.354s] Level 1:colcon.colcon_core.package_discovery:discover_packages(path) discover
[2.354s] Level 1:colcon.colcon_core.package_discovery:discover_packages(path) using defaults
[2.478s] Level 1:colcon.colcon_core.package_discovery:discover_packages(prefix_path) check parameters
[2.479s] Level 1:colcon.colcon_core.package_discovery:discover_packages(prefix_path) discover
[2.496s] DEBUG:colcon.colcon_installed_package_information.package_discovery:Found 1 installed packages in /home/kevin/ldlidar_ros2_ws/install
[2.506s] DEBUG:colcon.colcon_installed_package_information.package_discovery:Found 272 installed packages in /opt/ros/humble
[2.555s] Level 1:colcon.colcon_core.package_discovery:discover_packages(prefix_path) using defaults
[2.733s] Level 5:colcon.colcon_core.verb:set package 'ldlidar_stl_ros2' build argument 'cmake_args' from command line to 'None'
[2.733s] Level 5:colcon.colcon_core.verb:set package 'ldlidar_stl_ros2' build argument 'cmake_target' from command line to 'None'
[2.733s] Level 5:colcon.colcon_core.verb:set package 'ldlidar_stl_ros2' build argument 'cmake_target_skip_unavailable' from command line to 'False'
[2.733s] Level 5:colcon.colcon_core.verb:set package 'ldlidar_stl_ros2' build argument 'cmake_clean_cache' from command line to 'False'
[2.733s] Level 5:colcon.colcon_core.verb:set package 'ldlidar_stl_ros2' build argument 'cmake_clean_first' from command line to 'False'
[2.733s] Level 5:colcon.colcon_core.verb:set package 'ldlidar_stl_ros2' build argument 'cmake_force_configure' from command line to 'False'
[2.733s] Level 5:colcon.colcon_core.verb:set package 'ldlidar_stl_ros2' build argument 'ament_cmake_args' from command line to 'None'
[2.734s] Level 5:colcon.colcon_core.verb:set package 'ldlidar_stl_ros2' build argument 'catkin_cmake_args' from command line to 'None'
[2.734s] Level 5:colcon.colcon_core.verb:set package 'ldlidar_stl_ros2' build argument 'catkin_skip_building_tests' from command line to 'False'
[2.734s] DEBUG:colcon.colcon_core.verb:Building package 'ldlidar_stl_ros2' with the following arguments: {'ament_cmake_args': None, 'build_base': '/home/kevin/ldlidar_ros2_ws/build/ldlidar_stl_ros2', 'catkin_cmake_args': None, 'catkin_skip_building_tests': False, 'cmake_args': None, 'cmake_clean_cache': False, 'cmake_clean_first': False, 'cmake_force_configure': False, 'cmake_target': None, 'cmake_target_skip_unavailable': False, 'install_base': '/home/kevin/ldlidar_ros2_ws/install/ldlidar_stl_ros2', 'merge_install': False, 'path': '/home/kevin/ldlidar_ros2_ws/src/ldlidar_stl_ros2', 'symlink_install': False, 'test_result_base': None}
[2.734s] INFO:colcon.colcon_core.executor:Executing jobs using 'parallel' executor
[2.738s] DEBUG:colcon.colcon_parallel_executor.executor.parallel:run_until_complete
[2.739s] INFO:colcon.colcon_ros.task.ament_cmake.build:Building ROS package in '/home/kevin/ldlidar_ros2_ws/src/ldlidar_stl_ros2' with build type 'ament_cmake'
[2.740s] INFO:colcon.colcon_cmake.task.cmake.build:Building CMake package in '/home/kevin/ldlidar_ros2_ws/src/ldlidar_stl_ros2'
[2.768s] INFO:colcon.colcon_core.plugin_system:Skipping extension 'colcon_core.shell.bat': Not used on non-Windows systems
[2.770s] INFO:colcon.colcon_core.shell:Skip shell extension 'powershell' for command environment: Not usable outside of PowerShell
[2.771s] DEBUG:colcon.colcon_core.shell:Skip shell extension 'dsv' for command environment
[2.823s] DEBUG:colcon.colcon_core.event_handler.log_command:Invoking command in '/home/kevin/ldlidar_ros2_ws/build/ldlidar_stl_ros2': CMAKE_PREFIX_PATH=${CMAKE_PREFIX_PATH}:/opt/ros/humble /usr/bin/cmake --build /home/kevin/ldlidar_ros2_ws/build/ldlidar_stl_ros2 -- -j4 -l4
[3.656s] DEBUG:colcon.colcon_core.event_handler.log_command:Invoked command in '/home/kevin/ldlidar_ros2_ws/build/ldlidar_stl_ros2' returned '0': CMAKE_PREFIX_PATH=${CMAKE_PREFIX_PATH}:/opt/ros/humble /usr/bin/cmake --build /home/kevin/ldlidar_ros2_ws/build/ldlidar_stl_ros2 -- -j4 -l4
[3.927s] DEBUG:colcon.colcon_core.event_handler.log_command:Invoking command in '/home/kevin/ldlidar_ros2_ws/build/ldlidar_stl_ros2': CMAKE_PREFIX_PATH=${CMAKE_PREFIX_PATH}:/opt/ros/humble /usr/bin/cmake --install /home/kevin/ldlidar_ros2_ws/build/ldlidar_stl_ros2
[3.997s] Level 1:colcon.colcon_core.environment:create_environment_scripts_only(ldlidar_stl_ros2)
[4.000s] DEBUG:colcon.colcon_core.event_handler.log_command:Invoked command in '/home/kevin/ldlidar_ros2_ws/build/ldlidar_stl_ros2' returned '0': CMAKE_PREFIX_PATH=${CMAKE_PREFIX_PATH}:/opt/ros/humble /usr/bin/cmake --install /home/kevin/ldlidar_ros2_ws/build/ldlidar_stl_ros2
[4.034s] Level 1:colcon.colcon_core.environment:checking '/home/kevin/ldlidar_ros2_ws/install/ldlidar_stl_ros2' for CMake module files
[4.039s] Level 1:colcon.colcon_core.environment:checking '/home/kevin/ldlidar_ros2_ws/install/ldlidar_stl_ros2' for CMake config files
[4.041s] Level 1:colcon.colcon_core.shell:create_environment_hook('ldlidar_stl_ros2', 'cmake_prefix_path')
[4.043s] INFO:colcon.colcon_core.shell:Creating environment hook '/home/kevin/ldlidar_ros2_ws/install/ldlidar_stl_ros2/share/ldlidar_stl_ros2/hook/cmake_prefix_path.ps1'
[4.048s] INFO:colcon.colcon_core.shell:Creating environment descriptor '/home/kevin/ldlidar_ros2_ws/install/ldlidar_stl_ros2/share/ldlidar_stl_ros2/hook/cmake_prefix_path.dsv'
[4.052s] INFO:colcon.colcon_core.shell:Creating environment hook '/home/kevin/ldlidar_ros2_ws/install/ldlidar_stl_ros2/share/ldlidar_stl_ros2/hook/cmake_prefix_path.sh'
[4.058s] Level 1:colcon.colcon_core.environment:checking '/home/kevin/ldlidar_ros2_ws/install/ldlidar_stl_ros2/lib'
[4.059s] Level 1:colcon.colcon_core.environment:checking '/home/kevin/ldlidar_ros2_ws/install/ldlidar_stl_ros2/bin'
[4.060s] Level 1:colcon.colcon_core.environment:checking '/home/kevin/ldlidar_ros2_ws/install/ldlidar_stl_ros2/lib/pkgconfig/ldlidar_stl_ros2.pc'
[4.061s] Level 1:colcon.colcon_core.environment:checking '/home/kevin/ldlidar_ros2_ws/install/ldlidar_stl_ros2/lib/python3.10/site-packages'
[4.062s] Level 1:colcon.colcon_core.environment:checking '/home/kevin/ldlidar_ros2_ws/install/ldlidar_stl_ros2/bin'
[4.063s] INFO:colcon.colcon_core.shell:Creating package script '/home/kevin/ldlidar_ros2_ws/install/ldlidar_stl_ros2/share/ldlidar_stl_ros2/package.ps1'
[4.068s] INFO:colcon.colcon_core.shell:Creating package descriptor '/home/kevin/ldlidar_ros2_ws/install/ldlidar_stl_ros2/share/ldlidar_stl_ros2/package.dsv'
[4.072s] INFO:colcon.colcon_core.shell:Creating package script '/home/kevin/ldlidar_ros2_ws/install/ldlidar_stl_ros2/share/ldlidar_stl_ros2/package.sh'
[4.079s] INFO:colcon.colcon_core.shell:Creating package script '/home/kevin/ldlidar_ros2_ws/install/ldlidar_stl_ros2/share/ldlidar_stl_ros2/package.bash'
[4.085s] INFO:colcon.colcon_core.shell:Creating package script '/home/kevin/ldlidar_ros2_ws/install/ldlidar_stl_ros2/share/ldlidar_stl_ros2/package.zsh'
[4.090s] Level 1:colcon.colcon_core.environment:create_file_with_runtime_dependencies(/home/kevin/ldlidar_ros2_ws/install/ldlidar_stl_ros2/share/colcon-core/packages/ldlidar_stl_ros2)
[4.319s] Level 1:colcon.colcon_core.environment:create_environment_scripts_only(ldlidar_stl_ros2)
[4.320s] Level 1:colcon.colcon_core.environment:checking '/home/kevin/ldlidar_ros2_ws/install/ldlidar_stl_ros2' for CMake module files
[4.325s] Level 1:colcon.colcon_core.environment:checking '/home/kevin/ldlidar_ros2_ws/install/ldlidar_stl_ros2' for CMake config files
[4.328s] Level 1:colcon.colcon_core.shell:create_environment_hook('ldlidar_stl_ros2', 'cmake_prefix_path')
[4.329s] INFO:colcon.colcon_core.shell:Creating environment hook '/home/kevin/ldlidar_ros2_ws/install/ldlidar_stl_ros2/share/ldlidar_stl_ros2/hook/cmake_prefix_path.ps1'
[4.332s] INFO:colcon.colcon_core.shell:Creating environment descriptor '/home/kevin/ldlidar_ros2_ws/install/ldlidar_stl_ros2/share/ldlidar_stl_ros2/hook/cmake_prefix_path.dsv'
[4.333s] INFO:colcon.colcon_core.shell:Creating environment hook '/home/kevin/ldlidar_ros2_ws/install/ldlidar_stl_ros2/share/ldlidar_stl_ros2/hook/cmake_prefix_path.sh'
[4.336s] Level 1:colcon.colcon_core.environment:checking '/home/kevin/ldlidar_ros2_ws/install/ldlidar_stl_ros2/lib'
[4.337s] Level 1:colcon.colcon_core.environment:checking '/home/kevin/ldlidar_ros2_ws/install/ldlidar_stl_ros2/bin'
[4.337s] Level 1:colcon.colcon_core.environment:checking '/home/kevin/ldlidar_ros2_ws/install/ldlidar_stl_ros2/lib/pkgconfig/ldlidar_stl_ros2.pc'
[4.338s] Level 1:colcon.colcon_core.environment:checking '/home/kevin/ldlidar_ros2_ws/install/ldlidar_stl_ros2/lib/python3.10/site-packages'
[4.339s] Level 1:colcon.colcon_core.environment:checking '/home/kevin/ldlidar_ros2_ws/install/ldlidar_stl_ros2/bin'
[4.340s] INFO:colcon.colcon_core.shell:Creating package script '/home/kevin/ldlidar_ros2_ws/install/ldlidar_stl_ros2/share/ldlidar_stl_ros2/package.ps1'
[4.343s] INFO:colcon.colcon_core.shell:Creating package descriptor '/home/kevin/ldlidar_ros2_ws/install/ldlidar_stl_ros2/share/ldlidar_stl_ros2/package.dsv'
[4.345s] INFO:colcon.colcon_core.shell:Creating package script '/home/kevin/ldlidar_ros2_ws/install/ldlidar_stl_ros2/share/ldlidar_stl_ros2/package.sh'
[4.348s] INFO:colcon.colcon_core.shell:Creating package script '/home/kevin/ldlidar_ros2_ws/install/ldlidar_stl_ros2/share/ldlidar_stl_ros2/package.bash'
[4.351s] INFO:colcon.colcon_core.shell:Creating package script '/home/kevin/ldlidar_ros2_ws/install/ldlidar_stl_ros2/share/ldlidar_stl_ros2/package.zsh'
[4.353s] Level 1:colcon.colcon_core.environment:create_file_with_runtime_dependencies(/home/kevin/ldlidar_ros2_ws/install/ldlidar_stl_ros2/share/colcon-core/packages/ldlidar_stl_ros2)
[4.355s] DEBUG:colcon.colcon_parallel_executor.executor.parallel:closing loop
[4.356s] DEBUG:colcon.colcon_parallel_executor.executor.parallel:loop closed
[4.357s] DEBUG:colcon.colcon_parallel_executor.executor.parallel:run_until_complete finished with '0'
[4.357s] DEBUG:colcon.colcon_core.event_reactor:joining thread
[4.397s] INFO:colcon.colcon_core.plugin_system:Skipping extension 'colcon_notification.desktop_notification.terminal_notifier': Not used on non-Darwin systems
[4.397s] INFO:colcon.colcon_core.plugin_system:Skipping extension 'colcon_notification.desktop_notification.win32': Not used on non-Windows systems
[4.398s] INFO:colcon.colcon_notification.desktop_notification:Sending desktop notification using 'notify2'
[4.526s] DEBUG:colcon.colcon_core.event_reactor:joined thread
[4.528s] INFO:colcon.colcon_core.shell:Creating prefix script '/home/kevin/ldlidar_ros2_ws/install/local_setup.ps1'
[4.537s] INFO:colcon.colcon_core.shell:Creating prefix util module '/home/kevin/ldlidar_ros2_ws/install/_local_setup_util_ps1.py'
[4.549s] INFO:colcon.colcon_core.shell:Creating prefix chain script '/home/kevin/ldlidar_ros2_ws/install/setup.ps1'
[4.556s] INFO:colcon.colcon_core.shell:Creating prefix script '/home/kevin/ldlidar_ros2_ws/install/local_setup.sh'
[4.563s] INFO:colcon.colcon_core.shell:Creating prefix util module '/home/kevin/ldlidar_ros2_ws/install/_local_setup_util_sh.py'
[4.567s] INFO:colcon.colcon_core.shell:Creating prefix chain script '/home/kevin/ldlidar_ros2_ws/install/setup.sh'
[4.574s] INFO:colcon.colcon_core.shell:Creating prefix script '/home/kevin/ldlidar_ros2_ws/install/local_setup.bash'
[4.579s] INFO:colcon.colcon_core.shell:Creating prefix chain script '/home/kevin/ldlidar_ros2_ws/install/setup.bash'
[4.588s] INFO:colcon.colcon_core.shell:Creating prefix script '/home/kevin/ldlidar_ros2_ws/install/local_setup.zsh'
[4.594s] INFO:colcon.colcon_core.shell:Creating prefix chain script '/home/kevin/ldlidar_ros2_ws/install/setup.zsh'
