[0.086s] Invoking command in '/home/kevin/ldlidar_ros2_ws/build/lidar_bringup': CMAKE_PREFIX_PATH=${CMAKE_PREFIX_PATH}:/opt/ros/humble /usr/bin/cmake /home/kevin/ldlidar_ros2_ws/src/lidar_bringup -DAMENT_CMAKE_SYMLINK_INSTALL=1 -DCMAKE_INSTALL_PREFIX=/home/kevin/ldlidar_ros2_ws/install/lidar_bringup
[0.153s] -- Found ament_cmake: 1.3.9 (/opt/ros/humble/share/ament_cmake/cmake)
[1.030s] -- Override CMake install command with custom implementation using symlinks instead of copying resources
[1.144s] -- Found ament_lint_auto: 0.12.11 (/opt/ros/humble/share/ament_lint_auto/cmake)
[1.644s] -- Added test 'flake8' to check Python code syntax and style conventions
[1.648s] -- Added test 'lint_cmake' to check CMake code style
[1.652s] -- Added test 'pep257' to check Python code against some of the docstring style conventions in PEP 257
[1.664s] -- Added test 'xmllint' to check XML markup files
[1.676s] -- Configuring done
[1.746s] -- Generating done
[1.754s] -- Build files have been written to: /home/kevin/ldlidar_ros2_ws/build/lidar_bringup
[1.768s] Invoked command in '/home/kevin/ldlidar_ros2_ws/build/lidar_bringup' returned '0': CMAKE_PREFIX_PATH=${CMAKE_PREFIX_PATH}:/opt/ros/humble /usr/bin/cmake /home/kevin/ldlidar_ros2_ws/src/lidar_bringup -DAMENT_CMAKE_SYMLINK_INSTALL=1 -DCMAKE_INSTALL_PREFIX=/home/kevin/ldlidar_ros2_ws/install/lidar_bringup
[1.778s] Invoking command in '/home/kevin/ldlidar_ros2_ws/build/lidar_bringup': CMAKE_PREFIX_PATH=${CMAKE_PREFIX_PATH}:/opt/ros/humble /usr/bin/cmake --build /home/kevin/ldlidar_ros2_ws/build/lidar_bringup -- -j4 -l4
[1.950s] Invoked command in '/home/kevin/ldlidar_ros2_ws/build/lidar_bringup' returned '0': CMAKE_PREFIX_PATH=${CMAKE_PREFIX_PATH}:/opt/ros/humble /usr/bin/cmake --build /home/kevin/ldlidar_ros2_ws/build/lidar_bringup -- -j4 -l4
[2.107s] Invoking command in '/home/kevin/ldlidar_ros2_ws/build/lidar_bringup': CMAKE_PREFIX_PATH=${CMAKE_PREFIX_PATH}:/opt/ros/humble /usr/bin/cmake --install /home/kevin/ldlidar_ros2_ws/build/lidar_bringup
[2.141s] -- Install configuration: ""
[2.142s] -- Execute custom install script
[2.144s] -- Symlinking: /home/kevin/ldlidar_ros2_ws/install/lidar_bringup/share/ament_index/resource_index/package_run_dependencies/lidar_bringup
[2.182s] -- Symlinking: /home/kevin/ldlidar_ros2_ws/install/lidar_bringup/share/ament_index/resource_index/parent_prefix_path/lidar_bringup
[2.221s] -- Symlinking: /home/kevin/ldlidar_ros2_ws/install/lidar_bringup/share/lidar_bringup/environment/ament_prefix_path.sh
[2.259s] -- Symlinking: /home/kevin/ldlidar_ros2_ws/install/lidar_bringup/share/lidar_bringup/environment/ament_prefix_path.dsv
[2.297s] -- Symlinking: /home/kevin/ldlidar_ros2_ws/install/lidar_bringup/share/lidar_bringup/environment/path.sh
[2.337s] -- Symlinking: /home/kevin/ldlidar_ros2_ws/install/lidar_bringup/share/lidar_bringup/environment/path.dsv
[2.377s] -- Symlinking: /home/kevin/ldlidar_ros2_ws/install/lidar_bringup/share/lidar_bringup/local_setup.bash
[2.415s] -- Symlinking: /home/kevin/ldlidar_ros2_ws/install/lidar_bringup/share/lidar_bringup/local_setup.sh
[2.456s] -- Symlinking: /home/kevin/ldlidar_ros2_ws/install/lidar_bringup/share/lidar_bringup/local_setup.zsh
[2.495s] -- Symlinking: /home/kevin/ldlidar_ros2_ws/install/lidar_bringup/share/lidar_bringup/local_setup.dsv
[2.532s] -- Symlinking: /home/kevin/ldlidar_ros2_ws/install/lidar_bringup/share/lidar_bringup/package.dsv
[2.570s] -- Symlinking: /home/kevin/ldlidar_ros2_ws/install/lidar_bringup/share/ament_index/resource_index/packages/lidar_bringup
[2.608s] -- Symlinking: /home/kevin/ldlidar_ros2_ws/install/lidar_bringup/share/lidar_bringup/cmake/lidar_bringupConfig.cmake
[2.644s] -- Symlinking: /home/kevin/ldlidar_ros2_ws/install/lidar_bringup/share/lidar_bringup/cmake/lidar_bringupConfig-version.cmake
[2.685s] -- Symlinking: /home/kevin/ldlidar_ros2_ws/install/lidar_bringup/share/lidar_bringup/package.xml
[2.729s] Invoked command in '/home/kevin/ldlidar_ros2_ws/build/lidar_bringup' returned '0': CMAKE_PREFIX_PATH=${CMAKE_PREFIX_PATH}:/opt/ros/humble /usr/bin/cmake --install /home/kevin/ldlidar_ros2_ws/build/lidar_bringup
