[0.523s] Invoking command in '/home/kev/ldlidar_ros2_ws/src/autonomous_exploration': PYTHONPATH=/home/kev/ldlidar_ros2_ws/build/autonomous_exploration/prefix_override:/home/kev/ldlidar_ros2_ws/install/autonomous_exploration/lib/python3.10/site-packages:${PYTHONPATH} /usr/bin/python3 -W ignore:setup.py install is deprecated setup.py egg_info --egg-base ../../build/autonomous_exploration build --build-base /home/kev/ldlidar_ros2_ws/build/autonomous_exploration/build install --record /home/kev/ldlidar_ros2_ws/build/autonomous_exploration/install.log --single-version-externally-managed install_data
[0.690s] running egg_info
[0.690s] writing ../../build/autonomous_exploration/autonomous_exploration.egg-info/PKG-INFO
[0.690s] writing dependency_links to ../../build/autonomous_exploration/autonomous_exploration.egg-info/dependency_links.txt
[0.690s] writing entry points to ../../build/autonomous_exploration/autonomous_exploration.egg-info/entry_points.txt
[0.691s] writing requirements to ../../build/autonomous_exploration/autonomous_exploration.egg-info/requires.txt
[0.691s] writing top-level names to ../../build/autonomous_exploration/autonomous_exploration.egg-info/top_level.txt
[0.692s] reading manifest file '../../build/autonomous_exploration/autonomous_exploration.egg-info/SOURCES.txt'
[0.693s] writing manifest file '../../build/autonomous_exploration/autonomous_exploration.egg-info/SOURCES.txt'
[0.693s] running build
[0.693s] running build_py
[0.693s] running install
[0.693s] running install_lib
[0.694s] running install_data
[0.694s] running install_egg_info
[0.696s] removing '/home/kev/ldlidar_ros2_ws/install/autonomous_exploration/lib/python3.10/site-packages/autonomous_exploration-0.0.0-py3.10.egg-info' (and everything under it)
[0.696s] Copying ../../build/autonomous_exploration/autonomous_exploration.egg-info to /home/kev/ldlidar_ros2_ws/install/autonomous_exploration/lib/python3.10/site-packages/autonomous_exploration-0.0.0-py3.10.egg-info
[0.696s] running install_scripts
[0.710s] Installing control script to /home/kev/ldlidar_ros2_ws/install/autonomous_exploration/lib/autonomous_exploration
[0.710s] writing list of installed files to '/home/kev/ldlidar_ros2_ws/build/autonomous_exploration/install.log'
[0.735s] Invoked command in '/home/kev/ldlidar_ros2_ws/src/autonomous_exploration' returned '0': PYTHONPATH=/home/kev/ldlidar_ros2_ws/build/autonomous_exploration/prefix_override:/home/kev/ldlidar_ros2_ws/install/autonomous_exploration/lib/python3.10/site-packages:${PYTHONPATH} /usr/bin/python3 -W ignore:setup.py install is deprecated setup.py egg_info --egg-base ../../build/autonomous_exploration build --build-base /home/kev/ldlidar_ros2_ws/build/autonomous_exploration/build install --record /home/kev/ldlidar_ros2_ws/build/autonomous_exploration/install.log --single-version-externally-managed install_data
