[0.084s] Invoking command in '/home/kevin/ldlidar_ros2_ws/build/lidar_bringup': CMAKE_PREFIX_PATH=${CMAKE_PREFIX_PATH}:/opt/ros/humble /usr/bin/cmake --build /home/kevin/ldlidar_ros2_ws/build/lidar_bringup -- -j4 -l4
[0.250s] Invoked command in '/home/kevin/ldlidar_ros2_ws/build/lidar_bringup' returned '0': CMAKE_PREFIX_PATH=${CMAKE_PREFIX_PATH}:/opt/ros/humble /usr/bin/cmake --build /home/kevin/ldlidar_ros2_ws/build/lidar_bringup -- -j4 -l4
[0.404s] Invoking command in '/home/kevin/ldlidar_ros2_ws/build/lidar_bringup': CMAKE_PREFIX_PATH=${CMAKE_PREFIX_PATH}:/opt/ros/humble /usr/bin/cmake --install /home/kevin/ldlidar_ros2_ws/build/lidar_bringup
[0.434s] -- Install configuration: ""
[0.436s] -- Up-to-date: /home/kevin/ldlidar_ros2_ws/install/lidar_bringup/share/ament_index/resource_index/package_run_dependencies/lidar_bringup
[0.439s] -- Up-to-date: /home/kevin/ldlidar_ros2_ws/install/lidar_bringup/share/ament_index/resource_index/parent_prefix_path/lidar_bringup
[0.441s] -- Up-to-date: /home/kevin/ldlidar_ros2_ws/install/lidar_bringup/share/lidar_bringup/environment/ament_prefix_path.sh
[0.444s] -- Up-to-date: /home/kevin/ldlidar_ros2_ws/install/lidar_bringup/share/lidar_bringup/environment/ament_prefix_path.dsv
[0.445s] -- Up-to-date: /home/kevin/ldlidar_ros2_ws/install/lidar_bringup/share/lidar_bringup/environment/path.sh
[0.446s] -- Up-to-date: /home/kevin/ldlidar_ros2_ws/install/lidar_bringup/share/lidar_bringup/environment/path.dsv
[0.447s] -- Up-to-date: /home/kevin/ldlidar_ros2_ws/install/lidar_bringup/share/lidar_bringup/local_setup.bash
[0.448s] -- Up-to-date: /home/kevin/ldlidar_ros2_ws/install/lidar_bringup/share/lidar_bringup/local_setup.sh
[0.449s] -- Up-to-date: /home/kevin/ldlidar_ros2_ws/install/lidar_bringup/share/lidar_bringup/local_setup.zsh
[0.450s] -- Up-to-date: /home/kevin/ldlidar_ros2_ws/install/lidar_bringup/share/lidar_bringup/local_setup.dsv
[0.452s] -- Up-to-date: /home/kevin/ldlidar_ros2_ws/install/lidar_bringup/share/lidar_bringup/package.dsv
[0.457s] -- Up-to-date: /home/kevin/ldlidar_ros2_ws/install/lidar_bringup/share/ament_index/resource_index/packages/lidar_bringup
[0.468s] -- Up-to-date: /home/kevin/ldlidar_ros2_ws/install/lidar_bringup/share/lidar_bringup/cmake/lidar_bringupConfig.cmake
[0.469s] -- Up-to-date: /home/kevin/ldlidar_ros2_ws/install/lidar_bringup/share/lidar_bringup/cmake/lidar_bringupConfig-version.cmake
[0.470s] -- Up-to-date: /home/kevin/ldlidar_ros2_ws/install/lidar_bringup/share/lidar_bringup/package.xml
[0.477s] Invoked command in '/home/kevin/ldlidar_ros2_ws/build/lidar_bringup' returned '0': CMAKE_PREFIX_PATH=${CMAKE_PREFIX_PATH}:/opt/ros/humble /usr/bin/cmake --install /home/kevin/ldlidar_ros2_ws/build/lidar_bringup
