[4.507s] Invoking command in '/home/kevin/ldlidar_ros2_ws/src/autonomous_exploration': PYTHONPATH=/home/kevin/ldlidar_ros2_ws/build/autonomous_exploration/prefix_override:/home/kevin/ldlidar_ros2_ws/install/autonomous_exploration/lib/python3.10/site-packages:${PYTHONPATH} /usr/bin/python3 -W ignore:setup.py install is deprecated setup.py egg_info --egg-base ../../build/autonomous_exploration build --build-base /home/kevin/ldlidar_ros2_ws/build/autonomous_exploration/build install --record /home/kevin/ldlidar_ros2_ws/build/autonomous_exploration/install.log --single-version-externally-managed install_data
[6.093s] running egg_info
[6.100s] writing ../../build/autonomous_exploration/autonomous_exploration.egg-info/PKG-INFO
[6.105s] writing dependency_links to ../../build/autonomous_exploration/autonomous_exploration.egg-info/dependency_links.txt
[6.113s] writing entry points to ../../build/autonomous_exploration/autonomous_exploration.egg-info/entry_points.txt
[6.119s] writing requirements to ../../build/autonomous_exploration/autonomous_exploration.egg-info/requires.txt
[6.122s] writing top-level names to ../../build/autonomous_exploration/autonomous_exploration.egg-info/top_level.txt
[6.141s] reading manifest file '../../build/autonomous_exploration/autonomous_exploration.egg-info/SOURCES.txt'
[6.143s] writing manifest file '../../build/autonomous_exploration/autonomous_exploration.egg-info/SOURCES.txt'
[6.148s] running build
[6.155s] running build_py
[6.164s] running install
[6.177s] running install_lib
[6.185s] running install_data
[6.198s] running install_egg_info
[6.209s] removing '/home/kevin/ldlidar_ros2_ws/install/autonomous_exploration/lib/python3.10/site-packages/autonomous_exploration-0.0.0-py3.10.egg-info' (and everything under it)
[6.224s] Copying ../../build/autonomous_exploration/autonomous_exploration.egg-info to /home/kevin/ldlidar_ros2_ws/install/autonomous_exploration/lib/python3.10/site-packages/autonomous_exploration-0.0.0-py3.10.egg-info
[6.237s] running install_scripts
[6.358s] Installing control script to /home/kevin/ldlidar_ros2_ws/install/autonomous_exploration/lib/autonomous_exploration
[6.365s] Installing exploration_node script to /home/kevin/ldlidar_ros2_ws/install/autonomous_exploration/lib/autonomous_exploration
[6.367s] writing list of installed files to '/home/kevin/ldlidar_ros2_ws/build/autonomous_exploration/install.log'
[6.550s] Invoked command in '/home/kevin/ldlidar_ros2_ws/src/autonomous_exploration' returned '0': PYTHONPATH=/home/kevin/ldlidar_ros2_ws/build/autonomous_exploration/prefix_override:/home/kevin/ldlidar_ros2_ws/install/autonomous_exploration/lib/python3.10/site-packages:${PYTHONPATH} /usr/bin/python3 -W ignore:setup.py install is deprecated setup.py egg_info --egg-base ../../build/autonomous_exploration build --build-base /home/kevin/ldlidar_ros2_ws/build/autonomous_exploration/build install --record /home/kevin/ldlidar_ros2_ws/build/autonomous_exploration/install.log --single-version-externally-managed install_data
