[1.448s] DEBUG:colcon:Command line arguments: ['/usr/bin/colcon', 'build']
[1.449s] DEBUG:colcon:Parsed command line arguments: Namespace(log_base=None, log_level=None, verb_name='build', build_base='build', install_base='install', merge_install=False, symlink_install=False, test_result_base=None, continue_on_error=False, executor='parallel', parallel_workers=4, event_handlers=None, ignore_user_meta=False, metas=['./colcon.meta'], base_paths=['.'], packages_ignore=None, packages_ignore_regex=None, paths=None, packages_up_to=None, packages_up_to_regex=None, packages_above=None, packages_above_and_dependencies=None, packages_above_depth=None, packages_select_by_dep=None, packages_skip_by_dep=None, packages_skip_up_to=None, packages_select_build_failed=False, packages_skip_build_finished=False, packages_select_test_failures=False, packages_skip_test_passed=False, packages_select=None, packages_skip=None, packages_select_regex=None, packages_skip_regex=None, packages_start=None, packages_end=None, allow_overriding=[], cmake_args=None, cmake_target=None, cmake_target_skip_unavailable=False, cmake_clean_cache=False, cmake_clean_first=False, cmake_force_configure=False, ament_cmake_args=None, catkin_cmake_args=None, catkin_skip_building_tests=False, mixin_files=None, mixin=None, verb_parser=<colcon_mixin.mixin.mixin_argument.MixinArgumentDecorator object at 0xffffaddc2b00>, verb_extension=<colcon_core.verb.build.BuildVerb object at 0xffffadec3160>, main=<bound method BuildVerb.main of <colcon_core.verb.build.BuildVerb object at 0xffffadec3160>>, mixin_verb=('build',))
[2.906s] Level 1:colcon.colcon_core.package_discovery:discover_packages(colcon_meta) check parameters
[2.907s] Level 1:colcon.colcon_core.package_discovery:discover_packages(recursive) check parameters
[2.907s] Level 1:colcon.colcon_core.package_discovery:discover_packages(ignore) check parameters
[2.907s] Level 1:colcon.colcon_core.package_discovery:discover_packages(path) check parameters
[2.907s] Level 1:colcon.colcon_core.package_discovery:discover_packages(colcon_meta) discover
[2.908s] Level 1:colcon.colcon_core.package_discovery:discover_packages(recursive) discover
[2.908s] INFO:colcon.colcon_core.package_discovery:Crawling recursively for packages in '/home/kevin/ldlidar_ros2_ws'
[2.908s] Level 1:colcon.colcon_core.package_identification:_identify(.) by extensions ['ignore', 'ignore_ament_install']
[2.909s] Level 1:colcon.colcon_core.package_identification:_identify(.) by extension 'ignore'
[2.909s] Level 1:colcon.colcon_core.package_identification:_identify(.) by extension 'ignore_ament_install'
[2.910s] Level 1:colcon.colcon_core.package_identification:_identify(.) by extensions ['colcon_pkg']
[2.910s] Level 1:colcon.colcon_core.package_identification:_identify(.) by extension 'colcon_pkg'
[2.910s] Level 1:colcon.colcon_core.package_identification:_identify(.) by extensions ['colcon_meta']
[2.910s] Level 1:colcon.colcon_core.package_identification:_identify(.) by extension 'colcon_meta'
[2.910s] Level 1:colcon.colcon_core.package_identification:_identify(.) by extensions ['ros']
[2.910s] Level 1:colcon.colcon_core.package_identification:_identify(.) by extension 'ros'
[2.978s] Level 1:colcon.colcon_core.package_identification:_identify(.) by extensions ['cmake', 'python']
[2.978s] Level 1:colcon.colcon_core.package_identification:_identify(.) by extension 'cmake'
[2.978s] Level 1:colcon.colcon_core.package_identification:_identify(.) by extension 'python'
[2.978s] Level 1:colcon.colcon_core.package_identification:_identify(.) by extensions ['python_setup_py']
[2.979s] Level 1:colcon.colcon_core.package_identification:_identify(.) by extension 'python_setup_py'
[2.979s] Level 1:colcon.colcon_core.package_identification:_identify(build) by extensions ['ignore', 'ignore_ament_install']
[2.980s] Level 1:colcon.colcon_core.package_identification:_identify(build) by extension 'ignore'
[2.980s] Level 1:colcon.colcon_core.package_identification:_identify(build) ignored
[2.980s] Level 1:colcon.colcon_core.package_identification:_identify(install) by extensions ['ignore', 'ignore_ament_install']
[2.981s] Level 1:colcon.colcon_core.package_identification:_identify(install) by extension 'ignore'
[2.981s] Level 1:colcon.colcon_core.package_identification:_identify(install) ignored
[2.982s] Level 1:colcon.colcon_core.package_identification:_identify(log) by extensions ['ignore', 'ignore_ament_install']
[2.982s] Level 1:colcon.colcon_core.package_identification:_identify(log) by extension 'ignore'
[2.983s] Level 1:colcon.colcon_core.package_identification:_identify(log) ignored
[2.983s] Level 1:colcon.colcon_core.package_identification:_identify(src) by extensions ['ignore', 'ignore_ament_install']
[2.984s] Level 1:colcon.colcon_core.package_identification:_identify(src) by extension 'ignore'
[2.984s] Level 1:colcon.colcon_core.package_identification:_identify(src) by extension 'ignore_ament_install'
[2.985s] Level 1:colcon.colcon_core.package_identification:_identify(src) by extensions ['colcon_pkg']
[2.985s] Level 1:colcon.colcon_core.package_identification:_identify(src) by extension 'colcon_pkg'
[2.985s] Level 1:colcon.colcon_core.package_identification:_identify(src) by extensions ['colcon_meta']
[2.985s] Level 1:colcon.colcon_core.package_identification:_identify(src) by extension 'colcon_meta'
[2.986s] Level 1:colcon.colcon_core.package_identification:_identify(src) by extensions ['ros']
[2.986s] Level 1:colcon.colcon_core.package_identification:_identify(src) by extension 'ros'
[2.986s] Level 1:colcon.colcon_core.package_identification:_identify(src) by extensions ['cmake', 'python']
[2.987s] Level 1:colcon.colcon_core.package_identification:_identify(src) by extension 'cmake'
[2.987s] Level 1:colcon.colcon_core.package_identification:_identify(src) by extension 'python'
[2.987s] Level 1:colcon.colcon_core.package_identification:_identify(src) by extensions ['python_setup_py']
[2.987s] Level 1:colcon.colcon_core.package_identification:_identify(src) by extension 'python_setup_py'
[2.988s] Level 1:colcon.colcon_core.package_identification:_identify(src/autonomous_exploration) by extensions ['ignore', 'ignore_ament_install']
[2.988s] Level 1:colcon.colcon_core.package_identification:_identify(src/autonomous_exploration) by extension 'ignore'
[2.989s] Level 1:colcon.colcon_core.package_identification:_identify(src/autonomous_exploration) by extension 'ignore_ament_install'
[2.989s] Level 1:colcon.colcon_core.package_identification:_identify(src/autonomous_exploration) by extensions ['colcon_pkg']
[2.989s] Level 1:colcon.colcon_core.package_identification:_identify(src/autonomous_exploration) by extension 'colcon_pkg'
[2.989s] Level 1:colcon.colcon_core.package_identification:_identify(src/autonomous_exploration) by extensions ['colcon_meta']
[2.989s] Level 1:colcon.colcon_core.package_identification:_identify(src/autonomous_exploration) by extension 'colcon_meta'
[2.990s] Level 1:colcon.colcon_core.package_identification:_identify(src/autonomous_exploration) by extensions ['ros']
[2.990s] Level 1:colcon.colcon_core.package_identification:_identify(src/autonomous_exploration) by extension 'ros'
[3.004s] DEBUG:colcon.colcon_core.package_identification:Package 'src/autonomous_exploration' with type 'ros.ament_python' and name 'autonomous_exploration'
[3.005s] Level 1:colcon.colcon_core.package_identification:_identify(src/ldlidar_stl_ros2) by extensions ['ignore', 'ignore_ament_install']
[3.006s] Level 1:colcon.colcon_core.package_identification:_identify(src/ldlidar_stl_ros2) by extension 'ignore'
[3.006s] Level 1:colcon.colcon_core.package_identification:_identify(src/ldlidar_stl_ros2) by extension 'ignore_ament_install'
[3.006s] Level 1:colcon.colcon_core.package_identification:_identify(src/ldlidar_stl_ros2) by extensions ['colcon_pkg']
[3.006s] Level 1:colcon.colcon_core.package_identification:_identify(src/ldlidar_stl_ros2) by extension 'colcon_pkg'
[3.007s] Level 1:colcon.colcon_core.package_identification:_identify(src/ldlidar_stl_ros2) by extensions ['colcon_meta']
[3.007s] Level 1:colcon.colcon_core.package_identification:_identify(src/ldlidar_stl_ros2) by extension 'colcon_meta'
[3.007s] Level 1:colcon.colcon_core.package_identification:_identify(src/ldlidar_stl_ros2) by extensions ['ros']
[3.007s] Level 1:colcon.colcon_core.package_identification:_identify(src/ldlidar_stl_ros2) by extension 'ros'
[3.011s] DEBUG:colcon.colcon_core.package_identification:Package 'src/ldlidar_stl_ros2' with type 'ros.ament_cmake' and name 'ldlidar_stl_ros2'
[3.012s] Level 1:colcon.colcon_core.package_identification:_identify(src/lidar_bringup) by extensions ['ignore', 'ignore_ament_install']
[3.012s] Level 1:colcon.colcon_core.package_identification:_identify(src/lidar_bringup) by extension 'ignore'
[3.013s] Level 1:colcon.colcon_core.package_identification:_identify(src/lidar_bringup) by extension 'ignore_ament_install'
[3.013s] Level 1:colcon.colcon_core.package_identification:_identify(src/lidar_bringup) by extensions ['colcon_pkg']
[3.013s] Level 1:colcon.colcon_core.package_identification:_identify(src/lidar_bringup) by extension 'colcon_pkg'
[3.013s] Level 1:colcon.colcon_core.package_identification:_identify(src/lidar_bringup) by extensions ['colcon_meta']
[3.013s] Level 1:colcon.colcon_core.package_identification:_identify(src/lidar_bringup) by extension 'colcon_meta'
[3.014s] Level 1:colcon.colcon_core.package_identification:_identify(src/lidar_bringup) by extensions ['ros']
[3.014s] Level 1:colcon.colcon_core.package_identification:_identify(src/lidar_bringup) by extension 'ros'
[3.017s] DEBUG:colcon.colcon_core.package_identification:Package 'src/lidar_bringup' with type 'ros.ament_cmake' and name 'lidar_bringup'
[3.017s] Level 1:colcon.colcon_core.package_identification:_identify(src/lidar_cartographer) by extensions ['ignore', 'ignore_ament_install']
[3.018s] Level 1:colcon.colcon_core.package_identification:_identify(src/lidar_cartographer) by extension 'ignore'
[3.018s] Level 1:colcon.colcon_core.package_identification:_identify(src/lidar_cartographer) by extension 'ignore_ament_install'
[3.018s] Level 1:colcon.colcon_core.package_identification:_identify(src/lidar_cartographer) by extensions ['colcon_pkg']
[3.019s] Level 1:colcon.colcon_core.package_identification:_identify(src/lidar_cartographer) by extension 'colcon_pkg'
[3.019s] Level 1:colcon.colcon_core.package_identification:_identify(src/lidar_cartographer) by extensions ['colcon_meta']
[3.019s] Level 1:colcon.colcon_core.package_identification:_identify(src/lidar_cartographer) by extension 'colcon_meta'
[3.019s] Level 1:colcon.colcon_core.package_identification:_identify(src/lidar_cartographer) by extensions ['ros']
[3.020s] Level 1:colcon.colcon_core.package_identification:_identify(src/lidar_cartographer) by extension 'ros'
[3.022s] DEBUG:colcon.colcon_core.package_identification:Package 'src/lidar_cartographer' with type 'ros.ament_cmake' and name 'lidar_cartographer'
[3.023s] Level 1:colcon.colcon_core.package_identification:_identify(src/rf2o_laser_odometry) by extensions ['ignore', 'ignore_ament_install']
[3.023s] Level 1:colcon.colcon_core.package_identification:_identify(src/rf2o_laser_odometry) by extension 'ignore'
[3.024s] Level 1:colcon.colcon_core.package_identification:_identify(src/rf2o_laser_odometry) by extension 'ignore_ament_install'
[3.024s] Level 1:colcon.colcon_core.package_identification:_identify(src/rf2o_laser_odometry) by extensions ['colcon_pkg']
[3.024s] Level 1:colcon.colcon_core.package_identification:_identify(src/rf2o_laser_odometry) by extension 'colcon_pkg'
[3.024s] Level 1:colcon.colcon_core.package_identification:_identify(src/rf2o_laser_odometry) by extensions ['colcon_meta']
[3.025s] Level 1:colcon.colcon_core.package_identification:_identify(src/rf2o_laser_odometry) by extension 'colcon_meta'
[3.025s] Level 1:colcon.colcon_core.package_identification:_identify(src/rf2o_laser_odometry) by extensions ['ros']
[3.025s] Level 1:colcon.colcon_core.package_identification:_identify(src/rf2o_laser_odometry) by extension 'ros'
[3.030s] DEBUG:colcon.colcon_core.package_identification:Package 'src/rf2o_laser_odometry' with type 'ros.ament_cmake' and name 'rf2o_laser_odometry'
[3.030s] Level 1:colcon.colcon_core.package_discovery:discover_packages(recursive) using defaults
[3.031s] Level 1:colcon.colcon_core.package_discovery:discover_packages(ignore) discover
[3.031s] Level 1:colcon.colcon_core.package_discovery:discover_packages(ignore) using defaults
[3.031s] Level 1:colcon.colcon_core.package_discovery:discover_packages(path) discover
[3.031s] Level 1:colcon.colcon_core.package_discovery:discover_packages(path) using defaults
[3.229s] Level 1:colcon.colcon_core.package_discovery:discover_packages(prefix_path) check parameters
[3.230s] Level 1:colcon.colcon_core.package_discovery:discover_packages(prefix_path) discover
[3.247s] DEBUG:colcon.colcon_installed_package_information.package_discovery:Found 4 installed packages in /home/kevin/ldlidar_ros2_ws/install
[3.259s] DEBUG:colcon.colcon_installed_package_information.package_discovery:Found 316 installed packages in /opt/ros/humble
[3.268s] Level 1:colcon.colcon_core.package_discovery:discover_packages(prefix_path) using defaults
[3.563s] Level 5:colcon.colcon_core.verb:set package 'autonomous_exploration' build argument 'cmake_args' from command line to 'None'
[3.563s] Level 5:colcon.colcon_core.verb:set package 'autonomous_exploration' build argument 'cmake_target' from command line to 'None'
[3.564s] Level 5:colcon.colcon_core.verb:set package 'autonomous_exploration' build argument 'cmake_target_skip_unavailable' from command line to 'False'
[3.564s] Level 5:colcon.colcon_core.verb:set package 'autonomous_exploration' build argument 'cmake_clean_cache' from command line to 'False'
[3.564s] Level 5:colcon.colcon_core.verb:set package 'autonomous_exploration' build argument 'cmake_clean_first' from command line to 'False'
[3.564s] Level 5:colcon.colcon_core.verb:set package 'autonomous_exploration' build argument 'cmake_force_configure' from command line to 'False'
[3.564s] Level 5:colcon.colcon_core.verb:set package 'autonomous_exploration' build argument 'ament_cmake_args' from command line to 'None'
[3.564s] Level 5:colcon.colcon_core.verb:set package 'autonomous_exploration' build argument 'catkin_cmake_args' from command line to 'None'
[3.564s] Level 5:colcon.colcon_core.verb:set package 'autonomous_exploration' build argument 'catkin_skip_building_tests' from command line to 'False'
[3.564s] DEBUG:colcon.colcon_core.verb:Building package 'autonomous_exploration' with the following arguments: {'ament_cmake_args': None, 'build_base': '/home/kevin/ldlidar_ros2_ws/build/autonomous_exploration', 'catkin_cmake_args': None, 'catkin_skip_building_tests': False, 'cmake_args': None, 'cmake_clean_cache': False, 'cmake_clean_first': False, 'cmake_force_configure': False, 'cmake_target': None, 'cmake_target_skip_unavailable': False, 'install_base': '/home/kevin/ldlidar_ros2_ws/install/autonomous_exploration', 'merge_install': False, 'path': '/home/kevin/ldlidar_ros2_ws/src/autonomous_exploration', 'symlink_install': False, 'test_result_base': None}
[3.566s] Level 5:colcon.colcon_core.verb:set package 'ldlidar_stl_ros2' build argument 'cmake_args' from command line to 'None'
[3.566s] Level 5:colcon.colcon_core.verb:set package 'ldlidar_stl_ros2' build argument 'cmake_target' from command line to 'None'
[3.566s] Level 5:colcon.colcon_core.verb:set package 'ldlidar_stl_ros2' build argument 'cmake_target_skip_unavailable' from command line to 'False'
[3.566s] Level 5:colcon.colcon_core.verb:set package 'ldlidar_stl_ros2' build argument 'cmake_clean_cache' from command line to 'False'
[3.566s] Level 5:colcon.colcon_core.verb:set package 'ldlidar_stl_ros2' build argument 'cmake_clean_first' from command line to 'False'
[3.567s] Level 5:colcon.colcon_core.verb:set package 'ldlidar_stl_ros2' build argument 'cmake_force_configure' from command line to 'False'
[3.567s] Level 5:colcon.colcon_core.verb:set package 'ldlidar_stl_ros2' build argument 'ament_cmake_args' from command line to 'None'
[3.567s] Level 5:colcon.colcon_core.verb:set package 'ldlidar_stl_ros2' build argument 'catkin_cmake_args' from command line to 'None'
[3.567s] Level 5:colcon.colcon_core.verb:set package 'ldlidar_stl_ros2' build argument 'catkin_skip_building_tests' from command line to 'False'
[3.567s] DEBUG:colcon.colcon_core.verb:Building package 'ldlidar_stl_ros2' with the following arguments: {'ament_cmake_args': None, 'build_base': '/home/kevin/ldlidar_ros2_ws/build/ldlidar_stl_ros2', 'catkin_cmake_args': None, 'catkin_skip_building_tests': False, 'cmake_args': None, 'cmake_clean_cache': False, 'cmake_clean_first': False, 'cmake_force_configure': False, 'cmake_target': None, 'cmake_target_skip_unavailable': False, 'install_base': '/home/kevin/ldlidar_ros2_ws/install/ldlidar_stl_ros2', 'merge_install': False, 'path': '/home/kevin/ldlidar_ros2_ws/src/ldlidar_stl_ros2', 'symlink_install': False, 'test_result_base': None}
[3.569s] Level 5:colcon.colcon_core.verb:set package 'lidar_bringup' build argument 'cmake_args' from command line to 'None'
[3.569s] Level 5:colcon.colcon_core.verb:set package 'lidar_bringup' build argument 'cmake_target' from command line to 'None'
[3.569s] Level 5:colcon.colcon_core.verb:set package 'lidar_bringup' build argument 'cmake_target_skip_unavailable' from command line to 'False'
[3.569s] Level 5:colcon.colcon_core.verb:set package 'lidar_bringup' build argument 'cmake_clean_cache' from command line to 'False'
[3.569s] Level 5:colcon.colcon_core.verb:set package 'lidar_bringup' build argument 'cmake_clean_first' from command line to 'False'
[3.569s] Level 5:colcon.colcon_core.verb:set package 'lidar_bringup' build argument 'cmake_force_configure' from command line to 'False'
[3.569s] Level 5:colcon.colcon_core.verb:set package 'lidar_bringup' build argument 'ament_cmake_args' from command line to 'None'
[3.569s] Level 5:colcon.colcon_core.verb:set package 'lidar_bringup' build argument 'catkin_cmake_args' from command line to 'None'
[3.570s] Level 5:colcon.colcon_core.verb:set package 'lidar_bringup' build argument 'catkin_skip_building_tests' from command line to 'False'
[3.570s] DEBUG:colcon.colcon_core.verb:Building package 'lidar_bringup' with the following arguments: {'ament_cmake_args': None, 'build_base': '/home/kevin/ldlidar_ros2_ws/build/lidar_bringup', 'catkin_cmake_args': None, 'catkin_skip_building_tests': False, 'cmake_args': None, 'cmake_clean_cache': False, 'cmake_clean_first': False, 'cmake_force_configure': False, 'cmake_target': None, 'cmake_target_skip_unavailable': False, 'install_base': '/home/kevin/ldlidar_ros2_ws/install/lidar_bringup', 'merge_install': False, 'path': '/home/kevin/ldlidar_ros2_ws/src/lidar_bringup', 'symlink_install': False, 'test_result_base': None}
[3.571s] Level 5:colcon.colcon_core.verb:set package 'lidar_cartographer' build argument 'cmake_args' from command line to 'None'
[3.572s] Level 5:colcon.colcon_core.verb:set package 'lidar_cartographer' build argument 'cmake_target' from command line to 'None'
[3.572s] Level 5:colcon.colcon_core.verb:set package 'lidar_cartographer' build argument 'cmake_target_skip_unavailable' from command line to 'False'
[3.572s] Level 5:colcon.colcon_core.verb:set package 'lidar_cartographer' build argument 'cmake_clean_cache' from command line to 'False'
[3.572s] Level 5:colcon.colcon_core.verb:set package 'lidar_cartographer' build argument 'cmake_clean_first' from command line to 'False'
[3.572s] Level 5:colcon.colcon_core.verb:set package 'lidar_cartographer' build argument 'cmake_force_configure' from command line to 'False'
[3.572s] Level 5:colcon.colcon_core.verb:set package 'lidar_cartographer' build argument 'ament_cmake_args' from command line to 'None'
[3.572s] Level 5:colcon.colcon_core.verb:set package 'lidar_cartographer' build argument 'catkin_cmake_args' from command line to 'None'
[3.572s] Level 5:colcon.colcon_core.verb:set package 'lidar_cartographer' build argument 'catkin_skip_building_tests' from command line to 'False'
[3.572s] DEBUG:colcon.colcon_core.verb:Building package 'lidar_cartographer' with the following arguments: {'ament_cmake_args': None, 'build_base': '/home/kevin/ldlidar_ros2_ws/build/lidar_cartographer', 'catkin_cmake_args': None, 'catkin_skip_building_tests': False, 'cmake_args': None, 'cmake_clean_cache': False, 'cmake_clean_first': False, 'cmake_force_configure': False, 'cmake_target': None, 'cmake_target_skip_unavailable': False, 'install_base': '/home/kevin/ldlidar_ros2_ws/install/lidar_cartographer', 'merge_install': False, 'path': '/home/kevin/ldlidar_ros2_ws/src/lidar_cartographer', 'symlink_install': False, 'test_result_base': None}
[3.574s] Level 5:colcon.colcon_core.verb:set package 'rf2o_laser_odometry' build argument 'cmake_args' from command line to 'None'
[3.574s] Level 5:colcon.colcon_core.verb:set package 'rf2o_laser_odometry' build argument 'cmake_target' from command line to 'None'
[3.574s] Level 5:colcon.colcon_core.verb:set package 'rf2o_laser_odometry' build argument 'cmake_target_skip_unavailable' from command line to 'False'
[3.574s] Level 5:colcon.colcon_core.verb:set package 'rf2o_laser_odometry' build argument 'cmake_clean_cache' from command line to 'False'
[3.575s] Level 5:colcon.colcon_core.verb:set package 'rf2o_laser_odometry' build argument 'cmake_clean_first' from command line to 'False'
[3.575s] Level 5:colcon.colcon_core.verb:set package 'rf2o_laser_odometry' build argument 'cmake_force_configure' from command line to 'False'
[3.575s] Level 5:colcon.colcon_core.verb:set package 'rf2o_laser_odometry' build argument 'ament_cmake_args' from command line to 'None'
[3.575s] Level 5:colcon.colcon_core.verb:set package 'rf2o_laser_odometry' build argument 'catkin_cmake_args' from command line to 'None'
[3.575s] Level 5:colcon.colcon_core.verb:set package 'rf2o_laser_odometry' build argument 'catkin_skip_building_tests' from command line to 'False'
[3.575s] DEBUG:colcon.colcon_core.verb:Building package 'rf2o_laser_odometry' with the following arguments: {'ament_cmake_args': None, 'build_base': '/home/kevin/ldlidar_ros2_ws/build/rf2o_laser_odometry', 'catkin_cmake_args': None, 'catkin_skip_building_tests': False, 'cmake_args': None, 'cmake_clean_cache': False, 'cmake_clean_first': False, 'cmake_force_configure': False, 'cmake_target': None, 'cmake_target_skip_unavailable': False, 'install_base': '/home/kevin/ldlidar_ros2_ws/install/rf2o_laser_odometry', 'merge_install': False, 'path': '/home/kevin/ldlidar_ros2_ws/src/rf2o_laser_odometry', 'symlink_install': False, 'test_result_base': None}
[3.576s] INFO:colcon.colcon_core.executor:Executing jobs using 'parallel' executor
[3.579s] DEBUG:colcon.colcon_parallel_executor.executor.parallel:run_until_complete
[3.581s] INFO:colcon.colcon_ros.task.ament_python.build:Building ROS package in '/home/kevin/ldlidar_ros2_ws/src/autonomous_exploration' with build type 'ament_python'
[3.581s] Level 1:colcon.colcon_core.shell:create_environment_hook('autonomous_exploration', 'ament_prefix_path')
[3.607s] INFO:colcon.colcon_core.plugin_system:Skipping extension 'colcon_core.shell.bat': Not used on non-Windows systems
[3.608s] INFO:colcon.colcon_core.shell:Creating environment hook '/home/kevin/ldlidar_ros2_ws/install/autonomous_exploration/share/autonomous_exploration/hook/ament_prefix_path.ps1'
[3.614s] INFO:colcon.colcon_core.shell:Creating environment descriptor '/home/kevin/ldlidar_ros2_ws/install/autonomous_exploration/share/autonomous_exploration/hook/ament_prefix_path.dsv'
[3.620s] INFO:colcon.colcon_core.shell:Creating environment hook '/home/kevin/ldlidar_ros2_ws/install/autonomous_exploration/share/autonomous_exploration/hook/ament_prefix_path.sh'
[3.628s] INFO:colcon.colcon_core.shell:Skip shell extension 'powershell' for command environment: Not usable outside of PowerShell
[3.628s] DEBUG:colcon.colcon_core.shell:Skip shell extension 'dsv' for command environment
[3.653s] INFO:colcon.colcon_ros.task.ament_cmake.build:Building ROS package in '/home/kevin/ldlidar_ros2_ws/src/ldlidar_stl_ros2' with build type 'ament_cmake'
[3.654s] INFO:colcon.colcon_cmake.task.cmake.build:Building CMake package in '/home/kevin/ldlidar_ros2_ws/src/ldlidar_stl_ros2'
[3.655s] INFO:colcon.colcon_core.shell:Skip shell extension 'powershell' for command environment: Not usable outside of PowerShell
[3.656s] DEBUG:colcon.colcon_core.shell:Skip shell extension 'dsv' for command environment
[3.678s] INFO:colcon.colcon_ros.task.ament_cmake.build:Building ROS package in '/home/kevin/ldlidar_ros2_ws/src/lidar_bringup' with build type 'ament_cmake'
[3.679s] INFO:colcon.colcon_cmake.task.cmake.build:Building CMake package in '/home/kevin/ldlidar_ros2_ws/src/lidar_bringup'
[3.680s] INFO:colcon.colcon_core.shell:Skip shell extension 'powershell' for command environment: Not usable outside of PowerShell
[3.681s] DEBUG:colcon.colcon_core.shell:Skip shell extension 'dsv' for command environment
[3.705s] INFO:colcon.colcon_ros.task.ament_cmake.build:Building ROS package in '/home/kevin/ldlidar_ros2_ws/src/lidar_cartographer' with build type 'ament_cmake'
[3.705s] INFO:colcon.colcon_cmake.task.cmake.build:Building CMake package in '/home/kevin/ldlidar_ros2_ws/src/lidar_cartographer'
[3.707s] INFO:colcon.colcon_core.shell:Skip shell extension 'powershell' for command environment: Not usable outside of PowerShell
[3.707s] DEBUG:colcon.colcon_core.shell:Skip shell extension 'dsv' for command environment
[5.074s] INFO:colcon.colcon_core.task.python.build:Building Python package in '/home/kevin/ldlidar_ros2_ws/src/autonomous_exploration'
[5.075s] INFO:colcon.colcon_core.shell:Skip shell extension 'powershell' for command environment: Not usable outside of PowerShell
[5.075s] DEBUG:colcon.colcon_core.shell:Skip shell extension 'dsv' for command environment
[5.122s] DEBUG:colcon.colcon_core.event_handler.log_command:Invoking command in '/home/kevin/ldlidar_ros2_ws/build/ldlidar_stl_ros2': CMAKE_PREFIX_PATH=${CMAKE_PREFIX_PATH}:/home/kevin/ldlidar_ros2_ws/install/autonomous_exploration:/opt/ros/humble /usr/bin/cmake --build /home/kevin/ldlidar_ros2_ws/build/ldlidar_stl_ros2 -- -j4 -l4
[5.169s] DEBUG:colcon.colcon_core.event_handler.log_command:Invoking command in '/home/kevin/ldlidar_ros2_ws/build/lidar_bringup': CMAKE_PREFIX_PATH=${CMAKE_PREFIX_PATH}:/home/kevin/ldlidar_ros2_ws/install/autonomous_exploration:/opt/ros/humble /usr/bin/cmake --build /home/kevin/ldlidar_ros2_ws/build/lidar_bringup -- -j4 -l4
[5.199s] DEBUG:colcon.colcon_core.event_handler.log_command:Invoking command in '/home/kevin/ldlidar_ros2_ws/build/lidar_cartographer': CMAKE_PREFIX_PATH=${CMAKE_PREFIX_PATH}:/home/kevin/ldlidar_ros2_ws/install/autonomous_exploration:/opt/ros/humble /usr/bin/cmake --build /home/kevin/ldlidar_ros2_ws/build/lidar_cartographer -- -j4 -l4
[5.628s] DEBUG:colcon.colcon_core.event_handler.log_command:Invoked command in '/home/kevin/ldlidar_ros2_ws/build/lidar_cartographer' returned '0': CMAKE_PREFIX_PATH=${CMAKE_PREFIX_PATH}:/home/kevin/ldlidar_ros2_ws/install/autonomous_exploration:/opt/ros/humble /usr/bin/cmake --build /home/kevin/ldlidar_ros2_ws/build/lidar_cartographer -- -j4 -l4
[5.642s] DEBUG:colcon.colcon_core.event_handler.log_command:Invoked command in '/home/kevin/ldlidar_ros2_ws/build/lidar_bringup' returned '0': CMAKE_PREFIX_PATH=${CMAKE_PREFIX_PATH}:/home/kevin/ldlidar_ros2_ws/install/autonomous_exploration:/opt/ros/humble /usr/bin/cmake --build /home/kevin/ldlidar_ros2_ws/build/lidar_bringup -- -j4 -l4
[5.810s] DEBUG:colcon.colcon_core.event_handler.log_command:Invoking command in '/home/kevin/ldlidar_ros2_ws/build/lidar_cartographer': CMAKE_PREFIX_PATH=${CMAKE_PREFIX_PATH}:/home/kevin/ldlidar_ros2_ws/install/autonomous_exploration:/opt/ros/humble /usr/bin/cmake --install /home/kevin/ldlidar_ros2_ws/build/lidar_cartographer
[5.822s] DEBUG:colcon.colcon_core.event_handler.log_command:Invoking command in '/home/kevin/ldlidar_ros2_ws/build/lidar_bringup': CMAKE_PREFIX_PATH=${CMAKE_PREFIX_PATH}:/home/kevin/ldlidar_ros2_ws/install/autonomous_exploration:/opt/ros/humble /usr/bin/cmake --install /home/kevin/ldlidar_ros2_ws/build/lidar_bringup
[5.955s] Level 1:colcon.colcon_core.environment:create_environment_scripts_only(lidar_cartographer)
[5.982s] DEBUG:colcon.colcon_core.event_handler.log_command:Invoked command in '/home/kevin/ldlidar_ros2_ws/build/lidar_cartographer' returned '0': CMAKE_PREFIX_PATH=${CMAKE_PREFIX_PATH}:/home/kevin/ldlidar_ros2_ws/install/autonomous_exploration:/opt/ros/humble /usr/bin/cmake --install /home/kevin/ldlidar_ros2_ws/build/lidar_cartographer
[6.012s] Level 1:colcon.colcon_core.environment:checking '/home/kevin/ldlidar_ros2_ws/install/lidar_cartographer' for CMake module files
[6.019s] Level 1:colcon.colcon_core.environment:checking '/home/kevin/ldlidar_ros2_ws/install/lidar_cartographer' for CMake config files
[6.027s] Level 1:colcon.colcon_core.shell:create_environment_hook('lidar_cartographer', 'cmake_prefix_path')
[6.028s] INFO:colcon.colcon_core.shell:Creating environment hook '/home/kevin/ldlidar_ros2_ws/install/lidar_cartographer/share/lidar_cartographer/hook/cmake_prefix_path.ps1'
[6.032s] INFO:colcon.colcon_core.shell:Creating environment descriptor '/home/kevin/ldlidar_ros2_ws/install/lidar_cartographer/share/lidar_cartographer/hook/cmake_prefix_path.dsv'
[6.034s] INFO:colcon.colcon_core.shell:Creating environment hook '/home/kevin/ldlidar_ros2_ws/install/lidar_cartographer/share/lidar_cartographer/hook/cmake_prefix_path.sh'
[6.040s] Level 1:colcon.colcon_core.environment:checking '/home/kevin/ldlidar_ros2_ws/install/lidar_cartographer/bin'
[6.040s] Level 1:colcon.colcon_core.environment:checking '/home/kevin/ldlidar_ros2_ws/install/lidar_cartographer/lib/pkgconfig/lidar_cartographer.pc'
[6.042s] Level 1:colcon.colcon_core.environment:checking '/home/kevin/ldlidar_ros2_ws/install/lidar_cartographer/lib/python3.10/site-packages'
[6.043s] Level 1:colcon.colcon_core.environment:checking '/home/kevin/ldlidar_ros2_ws/install/lidar_cartographer/bin'
[6.045s] INFO:colcon.colcon_core.shell:Creating package script '/home/kevin/ldlidar_ros2_ws/install/lidar_cartographer/share/lidar_cartographer/package.ps1'
[6.050s] INFO:colcon.colcon_core.shell:Creating package descriptor '/home/kevin/ldlidar_ros2_ws/install/lidar_cartographer/share/lidar_cartographer/package.dsv'
[6.058s] INFO:colcon.colcon_core.shell:Creating package script '/home/kevin/ldlidar_ros2_ws/install/lidar_cartographer/share/lidar_cartographer/package.sh'
[6.063s] INFO:colcon.colcon_core.shell:Creating package script '/home/kevin/ldlidar_ros2_ws/install/lidar_cartographer/share/lidar_cartographer/package.bash'
[6.072s] INFO:colcon.colcon_core.shell:Creating package script '/home/kevin/ldlidar_ros2_ws/install/lidar_cartographer/share/lidar_cartographer/package.zsh'
[6.080s] Level 1:colcon.colcon_core.environment:create_file_with_runtime_dependencies(/home/kevin/ldlidar_ros2_ws/install/lidar_cartographer/share/colcon-core/packages/lidar_cartographer)
[6.092s] DEBUG:colcon.colcon_core.event_handler.log_command:Invoked command in '/home/kevin/ldlidar_ros2_ws/build/ldlidar_stl_ros2' returned '0': CMAKE_PREFIX_PATH=${CMAKE_PREFIX_PATH}:/home/kevin/ldlidar_ros2_ws/install/autonomous_exploration:/opt/ros/humble /usr/bin/cmake --build /home/kevin/ldlidar_ros2_ws/build/ldlidar_stl_ros2 -- -j4 -l4
[6.097s] Level 1:colcon.colcon_core.environment:create_environment_scripts_only(lidar_bringup)
[6.101s] Level 1:colcon.colcon_core.environment:checking '/home/kevin/ldlidar_ros2_ws/install/lidar_bringup' for CMake module files
[6.107s] Level 1:colcon.colcon_core.environment:checking '/home/kevin/ldlidar_ros2_ws/install/lidar_bringup' for CMake config files
[6.103s] DEBUG:colcon.colcon_core.event_handler.log_command:Invoked command in '/home/kevin/ldlidar_ros2_ws/build/lidar_bringup' returned '0': CMAKE_PREFIX_PATH=${CMAKE_PREFIX_PATH}:/home/kevin/ldlidar_ros2_ws/install/autonomous_exploration:/opt/ros/humble /usr/bin/cmake --install /home/kevin/ldlidar_ros2_ws/build/lidar_bringup
[6.115s] Level 1:colcon.colcon_core.shell:create_environment_hook('lidar_bringup', 'cmake_prefix_path')
[6.118s] INFO:colcon.colcon_core.shell:Creating environment hook '/home/kevin/ldlidar_ros2_ws/install/lidar_bringup/share/lidar_bringup/hook/cmake_prefix_path.ps1'
[6.123s] INFO:colcon.colcon_core.shell:Creating environment descriptor '/home/kevin/ldlidar_ros2_ws/install/lidar_bringup/share/lidar_bringup/hook/cmake_prefix_path.dsv'
[6.128s] INFO:colcon.colcon_core.shell:Creating environment hook '/home/kevin/ldlidar_ros2_ws/install/lidar_bringup/share/lidar_bringup/hook/cmake_prefix_path.sh'
[6.134s] Level 1:colcon.colcon_core.environment:checking '/home/kevin/ldlidar_ros2_ws/install/lidar_bringup/bin'
[6.135s] Level 1:colcon.colcon_core.environment:checking '/home/kevin/ldlidar_ros2_ws/install/lidar_bringup/lib/pkgconfig/lidar_bringup.pc'
[6.137s] Level 1:colcon.colcon_core.environment:checking '/home/kevin/ldlidar_ros2_ws/install/lidar_bringup/lib/python3.10/site-packages'
[6.139s] Level 1:colcon.colcon_core.environment:checking '/home/kevin/ldlidar_ros2_ws/install/lidar_bringup/bin'
[6.141s] INFO:colcon.colcon_core.shell:Creating package script '/home/kevin/ldlidar_ros2_ws/install/lidar_bringup/share/lidar_bringup/package.ps1'
[6.146s] INFO:colcon.colcon_core.shell:Creating package descriptor '/home/kevin/ldlidar_ros2_ws/install/lidar_bringup/share/lidar_bringup/package.dsv'
[6.151s] INFO:colcon.colcon_core.shell:Creating package script '/home/kevin/ldlidar_ros2_ws/install/lidar_bringup/share/lidar_bringup/package.sh'
[6.155s] INFO:colcon.colcon_core.shell:Creating package script '/home/kevin/ldlidar_ros2_ws/install/lidar_bringup/share/lidar_bringup/package.bash'
[6.158s] INFO:colcon.colcon_core.shell:Creating package script '/home/kevin/ldlidar_ros2_ws/install/lidar_bringup/share/lidar_bringup/package.zsh'
[6.162s] Level 1:colcon.colcon_core.environment:create_file_with_runtime_dependencies(/home/kevin/ldlidar_ros2_ws/install/lidar_bringup/share/colcon-core/packages/lidar_bringup)
[6.230s] Level 1:colcon.colcon_core.environment:create_environment_scripts_only(lidar_cartographer)
[6.232s] Level 1:colcon.colcon_core.environment:checking '/home/kevin/ldlidar_ros2_ws/install/lidar_cartographer' for CMake module files
[6.236s] Level 1:colcon.colcon_core.environment:checking '/home/kevin/ldlidar_ros2_ws/install/lidar_cartographer' for CMake config files
[6.239s] Level 1:colcon.colcon_core.shell:create_environment_hook('lidar_cartographer', 'cmake_prefix_path')
[6.240s] INFO:colcon.colcon_core.shell:Creating environment hook '/home/kevin/ldlidar_ros2_ws/install/lidar_cartographer/share/lidar_cartographer/hook/cmake_prefix_path.ps1'
[6.245s] INFO:colcon.colcon_core.shell:Creating environment descriptor '/home/kevin/ldlidar_ros2_ws/install/lidar_cartographer/share/lidar_cartographer/hook/cmake_prefix_path.dsv'
[6.249s] INFO:colcon.colcon_core.shell:Creating environment hook '/home/kevin/ldlidar_ros2_ws/install/lidar_cartographer/share/lidar_cartographer/hook/cmake_prefix_path.sh'
[6.254s] Level 1:colcon.colcon_core.environment:checking '/home/kevin/ldlidar_ros2_ws/install/lidar_cartographer/bin'
[6.255s] Level 1:colcon.colcon_core.environment:checking '/home/kevin/ldlidar_ros2_ws/install/lidar_cartographer/lib/pkgconfig/lidar_cartographer.pc'
[6.257s] Level 1:colcon.colcon_core.environment:checking '/home/kevin/ldlidar_ros2_ws/install/lidar_cartographer/lib/python3.10/site-packages'
[6.258s] Level 1:colcon.colcon_core.environment:checking '/home/kevin/ldlidar_ros2_ws/install/lidar_cartographer/bin'
[6.261s] INFO:colcon.colcon_core.shell:Creating package script '/home/kevin/ldlidar_ros2_ws/install/lidar_cartographer/share/lidar_cartographer/package.ps1'
[6.265s] INFO:colcon.colcon_core.shell:Creating package descriptor '/home/kevin/ldlidar_ros2_ws/install/lidar_cartographer/share/lidar_cartographer/package.dsv'
[6.270s] INFO:colcon.colcon_core.shell:Creating package script '/home/kevin/ldlidar_ros2_ws/install/lidar_cartographer/share/lidar_cartographer/package.sh'
[6.274s] INFO:colcon.colcon_core.shell:Creating package script '/home/kevin/ldlidar_ros2_ws/install/lidar_cartographer/share/lidar_cartographer/package.bash'
[6.278s] INFO:colcon.colcon_core.shell:Creating package script '/home/kevin/ldlidar_ros2_ws/install/lidar_cartographer/share/lidar_cartographer/package.zsh'
[6.282s] Level 1:colcon.colcon_core.environment:create_file_with_runtime_dependencies(/home/kevin/ldlidar_ros2_ws/install/lidar_cartographer/share/colcon-core/packages/lidar_cartographer)
[6.285s] INFO:colcon.colcon_ros.task.ament_cmake.build:Building ROS package in '/home/kevin/ldlidar_ros2_ws/src/rf2o_laser_odometry' with build type 'ament_cmake'
[6.286s] INFO:colcon.colcon_cmake.task.cmake.build:Building CMake package in '/home/kevin/ldlidar_ros2_ws/src/rf2o_laser_odometry'
[6.288s] INFO:colcon.colcon_core.shell:Skip shell extension 'powershell' for command environment: Not usable outside of PowerShell
[6.289s] DEBUG:colcon.colcon_core.shell:Skip shell extension 'dsv' for command environment
[6.326s] Level 1:colcon.colcon_core.environment:create_environment_scripts_only(lidar_bringup)
[6.330s] Level 1:colcon.colcon_core.environment:checking '/home/kevin/ldlidar_ros2_ws/install/lidar_bringup' for CMake module files
[6.333s] Level 1:colcon.colcon_core.environment:checking '/home/kevin/ldlidar_ros2_ws/install/lidar_bringup' for CMake config files
[6.336s] Level 1:colcon.colcon_core.shell:create_environment_hook('lidar_bringup', 'cmake_prefix_path')
[6.338s] INFO:colcon.colcon_core.shell:Creating environment hook '/home/kevin/ldlidar_ros2_ws/install/lidar_bringup/share/lidar_bringup/hook/cmake_prefix_path.ps1'
[6.342s] INFO:colcon.colcon_core.shell:Creating environment descriptor '/home/kevin/ldlidar_ros2_ws/install/lidar_bringup/share/lidar_bringup/hook/cmake_prefix_path.dsv'
[6.345s] INFO:colcon.colcon_core.shell:Creating environment hook '/home/kevin/ldlidar_ros2_ws/install/lidar_bringup/share/lidar_bringup/hook/cmake_prefix_path.sh'
[6.348s] Level 1:colcon.colcon_core.environment:checking '/home/kevin/ldlidar_ros2_ws/install/lidar_bringup/bin'
[6.349s] Level 1:colcon.colcon_core.environment:checking '/home/kevin/ldlidar_ros2_ws/install/lidar_bringup/lib/pkgconfig/lidar_bringup.pc'
[6.350s] Level 1:colcon.colcon_core.environment:checking '/home/kevin/ldlidar_ros2_ws/install/lidar_bringup/lib/python3.10/site-packages'
[6.352s] Level 1:colcon.colcon_core.environment:checking '/home/kevin/ldlidar_ros2_ws/install/lidar_bringup/bin'
[6.353s] INFO:colcon.colcon_core.shell:Creating package script '/home/kevin/ldlidar_ros2_ws/install/lidar_bringup/share/lidar_bringup/package.ps1'
[6.357s] INFO:colcon.colcon_core.shell:Creating package descriptor '/home/kevin/ldlidar_ros2_ws/install/lidar_bringup/share/lidar_bringup/package.dsv'
[6.359s] INFO:colcon.colcon_core.shell:Creating package script '/home/kevin/ldlidar_ros2_ws/install/lidar_bringup/share/lidar_bringup/package.sh'
[6.362s] INFO:colcon.colcon_core.shell:Creating package script '/home/kevin/ldlidar_ros2_ws/install/lidar_bringup/share/lidar_bringup/package.bash'
[6.364s] INFO:colcon.colcon_core.shell:Creating package script '/home/kevin/ldlidar_ros2_ws/install/lidar_bringup/share/lidar_bringup/package.zsh'
[6.366s] Level 1:colcon.colcon_core.environment:create_file_with_runtime_dependencies(/home/kevin/ldlidar_ros2_ws/install/lidar_bringup/share/colcon-core/packages/lidar_bringup)
[6.400s] DEBUG:colcon.colcon_core.event_handler.log_command:Invoking command in '/home/kevin/ldlidar_ros2_ws/build/rf2o_laser_odometry': CMAKE_PREFIX_PATH=${CMAKE_PREFIX_PATH}:/home/kevin/ldlidar_ros2_ws/install/autonomous_exploration:/opt/ros/humble /usr/bin/cmake --build /home/kevin/ldlidar_ros2_ws/build/rf2o_laser_odometry -- -j4 -l4
[6.414s] DEBUG:colcon.colcon_core.event_handler.log_command:Invoking command in '/home/kevin/ldlidar_ros2_ws/build/ldlidar_stl_ros2': CMAKE_PREFIX_PATH=${CMAKE_PREFIX_PATH}:/home/kevin/ldlidar_ros2_ws/install/autonomous_exploration:/opt/ros/humble /usr/bin/cmake --install /home/kevin/ldlidar_ros2_ws/build/ldlidar_stl_ros2
[6.528s] Level 1:colcon.colcon_core.environment:create_environment_scripts_only(ldlidar_stl_ros2)
[6.529s] Level 1:colcon.colcon_core.environment:checking '/home/kevin/ldlidar_ros2_ws/install/ldlidar_stl_ros2' for CMake module files
[6.532s] DEBUG:colcon.colcon_core.event_handler.log_command:Invoked command in '/home/kevin/ldlidar_ros2_ws/build/ldlidar_stl_ros2' returned '0': CMAKE_PREFIX_PATH=${CMAKE_PREFIX_PATH}:/home/kevin/ldlidar_ros2_ws/install/autonomous_exploration:/opt/ros/humble /usr/bin/cmake --install /home/kevin/ldlidar_ros2_ws/build/ldlidar_stl_ros2
[6.534s] Level 1:colcon.colcon_core.environment:checking '/home/kevin/ldlidar_ros2_ws/install/ldlidar_stl_ros2' for CMake config files
[6.537s] Level 1:colcon.colcon_core.shell:create_environment_hook('ldlidar_stl_ros2', 'cmake_prefix_path')
[6.538s] INFO:colcon.colcon_core.shell:Creating environment hook '/home/kevin/ldlidar_ros2_ws/install/ldlidar_stl_ros2/share/ldlidar_stl_ros2/hook/cmake_prefix_path.ps1'
[6.541s] INFO:colcon.colcon_core.shell:Creating environment descriptor '/home/kevin/ldlidar_ros2_ws/install/ldlidar_stl_ros2/share/ldlidar_stl_ros2/hook/cmake_prefix_path.dsv'
[6.543s] INFO:colcon.colcon_core.shell:Creating environment hook '/home/kevin/ldlidar_ros2_ws/install/ldlidar_stl_ros2/share/ldlidar_stl_ros2/hook/cmake_prefix_path.sh'
[6.546s] Level 1:colcon.colcon_core.environment:checking '/home/kevin/ldlidar_ros2_ws/install/ldlidar_stl_ros2/lib'
[6.547s] Level 1:colcon.colcon_core.environment:checking '/home/kevin/ldlidar_ros2_ws/install/ldlidar_stl_ros2/bin'
[6.547s] Level 1:colcon.colcon_core.environment:checking '/home/kevin/ldlidar_ros2_ws/install/ldlidar_stl_ros2/lib/pkgconfig/ldlidar_stl_ros2.pc'
[6.549s] Level 1:colcon.colcon_core.environment:checking '/home/kevin/ldlidar_ros2_ws/install/ldlidar_stl_ros2/lib/python3.10/site-packages'
[6.550s] Level 1:colcon.colcon_core.environment:checking '/home/kevin/ldlidar_ros2_ws/install/ldlidar_stl_ros2/bin'
[6.552s] INFO:colcon.colcon_core.shell:Creating package script '/home/kevin/ldlidar_ros2_ws/install/ldlidar_stl_ros2/share/ldlidar_stl_ros2/package.ps1'
[6.554s] INFO:colcon.colcon_core.shell:Creating package descriptor '/home/kevin/ldlidar_ros2_ws/install/ldlidar_stl_ros2/share/ldlidar_stl_ros2/package.dsv'
[6.557s] INFO:colcon.colcon_core.shell:Creating package script '/home/kevin/ldlidar_ros2_ws/install/ldlidar_stl_ros2/share/ldlidar_stl_ros2/package.sh'
[6.559s] INFO:colcon.colcon_core.shell:Creating package script '/home/kevin/ldlidar_ros2_ws/install/ldlidar_stl_ros2/share/ldlidar_stl_ros2/package.bash'
[6.562s] INFO:colcon.colcon_core.shell:Creating package script '/home/kevin/ldlidar_ros2_ws/install/ldlidar_stl_ros2/share/ldlidar_stl_ros2/package.zsh'
[6.565s] Level 1:colcon.colcon_core.environment:create_file_with_runtime_dependencies(/home/kevin/ldlidar_ros2_ws/install/ldlidar_stl_ros2/share/colcon-core/packages/ldlidar_stl_ros2)
[6.852s] Level 1:colcon.colcon_core.environment:create_environment_scripts_only(ldlidar_stl_ros2)
[6.853s] Level 1:colcon.colcon_core.environment:checking '/home/kevin/ldlidar_ros2_ws/install/ldlidar_stl_ros2' for CMake module files
[6.857s] Level 1:colcon.colcon_core.environment:checking '/home/kevin/ldlidar_ros2_ws/install/ldlidar_stl_ros2' for CMake config files
[6.860s] Level 1:colcon.colcon_core.shell:create_environment_hook('ldlidar_stl_ros2', 'cmake_prefix_path')
[6.862s] INFO:colcon.colcon_core.shell:Creating environment hook '/home/kevin/ldlidar_ros2_ws/install/ldlidar_stl_ros2/share/ldlidar_stl_ros2/hook/cmake_prefix_path.ps1'
[6.864s] INFO:colcon.colcon_core.shell:Creating environment descriptor '/home/kevin/ldlidar_ros2_ws/install/ldlidar_stl_ros2/share/ldlidar_stl_ros2/hook/cmake_prefix_path.dsv'
[6.866s] INFO:colcon.colcon_core.shell:Creating environment hook '/home/kevin/ldlidar_ros2_ws/install/ldlidar_stl_ros2/share/ldlidar_stl_ros2/hook/cmake_prefix_path.sh'
[6.870s] Level 1:colcon.colcon_core.environment:checking '/home/kevin/ldlidar_ros2_ws/install/ldlidar_stl_ros2/lib'
[6.870s] Level 1:colcon.colcon_core.environment:checking '/home/kevin/ldlidar_ros2_ws/install/ldlidar_stl_ros2/bin'
[6.871s] Level 1:colcon.colcon_core.environment:checking '/home/kevin/ldlidar_ros2_ws/install/ldlidar_stl_ros2/lib/pkgconfig/ldlidar_stl_ros2.pc'
[6.872s] Level 1:colcon.colcon_core.environment:checking '/home/kevin/ldlidar_ros2_ws/install/ldlidar_stl_ros2/lib/python3.10/site-packages'
[6.874s] Level 1:colcon.colcon_core.environment:checking '/home/kevin/ldlidar_ros2_ws/install/ldlidar_stl_ros2/bin'
[6.875s] INFO:colcon.colcon_core.shell:Creating package script '/home/kevin/ldlidar_ros2_ws/install/ldlidar_stl_ros2/share/ldlidar_stl_ros2/package.ps1'
[6.878s] INFO:colcon.colcon_core.shell:Creating package descriptor '/home/kevin/ldlidar_ros2_ws/install/ldlidar_stl_ros2/share/ldlidar_stl_ros2/package.dsv'
[6.881s] INFO:colcon.colcon_core.shell:Creating package script '/home/kevin/ldlidar_ros2_ws/install/ldlidar_stl_ros2/share/ldlidar_stl_ros2/package.sh'
[6.884s] INFO:colcon.colcon_core.shell:Creating package script '/home/kevin/ldlidar_ros2_ws/install/ldlidar_stl_ros2/share/ldlidar_stl_ros2/package.bash'
[6.886s] INFO:colcon.colcon_core.shell:Creating package script '/home/kevin/ldlidar_ros2_ws/install/ldlidar_stl_ros2/share/ldlidar_stl_ros2/package.zsh'
[6.889s] Level 1:colcon.colcon_core.environment:create_file_with_runtime_dependencies(/home/kevin/ldlidar_ros2_ws/install/ldlidar_stl_ros2/share/colcon-core/packages/ldlidar_stl_ros2)
[8.120s] DEBUG:colcon.colcon_core.event_handler.log_command:Invoking command in '/home/kevin/ldlidar_ros2_ws/src/autonomous_exploration': PYTHONPATH=/home/kevin/ldlidar_ros2_ws/build/autonomous_exploration/prefix_override:/home/kevin/ldlidar_ros2_ws/install/autonomous_exploration/lib/python3.10/site-packages:${PYTHONPATH} /usr/bin/python3 -W ignore:setup.py install is deprecated setup.py egg_info --egg-base ../../build/autonomous_exploration build --build-base /home/kevin/ldlidar_ros2_ws/build/autonomous_exploration/build install --record /home/kevin/ldlidar_ros2_ws/build/autonomous_exploration/install.log --single-version-externally-managed install_data
[10.130s] Level 1:colcon.colcon_core.environment:checking '/home/kevin/ldlidar_ros2_ws/install/autonomous_exploration' for CMake module files
[10.133s] Level 1:colcon.colcon_core.environment:checking '/home/kevin/ldlidar_ros2_ws/install/autonomous_exploration' for CMake config files
[10.137s] DEBUG:colcon.colcon_core.event_handler.log_command:Invoked command in '/home/kevin/ldlidar_ros2_ws/src/autonomous_exploration' returned '0': PYTHONPATH=/home/kevin/ldlidar_ros2_ws/build/autonomous_exploration/prefix_override:/home/kevin/ldlidar_ros2_ws/install/autonomous_exploration/lib/python3.10/site-packages:${PYTHONPATH} /usr/bin/python3 -W ignore:setup.py install is deprecated setup.py egg_info --egg-base ../../build/autonomous_exploration build --build-base /home/kevin/ldlidar_ros2_ws/build/autonomous_exploration/build install --record /home/kevin/ldlidar_ros2_ws/build/autonomous_exploration/install.log --single-version-externally-managed install_data
[10.140s] Level 1:colcon.colcon_core.environment:checking '/home/kevin/ldlidar_ros2_ws/install/autonomous_exploration/lib'
[10.141s] Level 1:colcon.colcon_core.environment:checking '/home/kevin/ldlidar_ros2_ws/install/autonomous_exploration/bin'
[10.142s] Level 1:colcon.colcon_core.environment:checking '/home/kevin/ldlidar_ros2_ws/install/autonomous_exploration/lib/pkgconfig/autonomous_exploration.pc'
[10.143s] Level 1:colcon.colcon_core.environment:checking '/home/kevin/ldlidar_ros2_ws/install/autonomous_exploration/lib/python3.10/site-packages'
[10.144s] Level 1:colcon.colcon_core.shell:create_environment_hook('autonomous_exploration', 'pythonpath')
[10.145s] INFO:colcon.colcon_core.shell:Creating environment hook '/home/kevin/ldlidar_ros2_ws/install/autonomous_exploration/share/autonomous_exploration/hook/pythonpath.ps1'
[10.148s] INFO:colcon.colcon_core.shell:Creating environment descriptor '/home/kevin/ldlidar_ros2_ws/install/autonomous_exploration/share/autonomous_exploration/hook/pythonpath.dsv'
[10.150s] INFO:colcon.colcon_core.shell:Creating environment hook '/home/kevin/ldlidar_ros2_ws/install/autonomous_exploration/share/autonomous_exploration/hook/pythonpath.sh'
[10.153s] Level 1:colcon.colcon_core.environment:checking '/home/kevin/ldlidar_ros2_ws/install/autonomous_exploration/bin'
[10.153s] Level 1:colcon.colcon_core.environment:create_environment_scripts_only(autonomous_exploration)
[10.154s] INFO:colcon.colcon_core.shell:Creating package script '/home/kevin/ldlidar_ros2_ws/install/autonomous_exploration/share/autonomous_exploration/package.ps1'
[10.157s] INFO:colcon.colcon_core.shell:Creating package descriptor '/home/kevin/ldlidar_ros2_ws/install/autonomous_exploration/share/autonomous_exploration/package.dsv'
[10.160s] INFO:colcon.colcon_core.shell:Creating package script '/home/kevin/ldlidar_ros2_ws/install/autonomous_exploration/share/autonomous_exploration/package.sh'
[10.162s] INFO:colcon.colcon_core.shell:Creating package script '/home/kevin/ldlidar_ros2_ws/install/autonomous_exploration/share/autonomous_exploration/package.bash'
[10.164s] INFO:colcon.colcon_core.shell:Creating package script '/home/kevin/ldlidar_ros2_ws/install/autonomous_exploration/share/autonomous_exploration/package.zsh'
[10.166s] Level 1:colcon.colcon_core.environment:create_file_with_runtime_dependencies(/home/kevin/ldlidar_ros2_ws/install/autonomous_exploration/share/colcon-core/packages/autonomous_exploration)
