[0.081s] Invoking command in '/home/kevin/ldlidar_ros2_ws/build/lidar_cartographer': CMAKE_PREFIX_PATH=${CMAKE_PREFIX_PATH}:/opt/ros/humble /usr/bin/cmake --build /home/kevin/ldlidar_ros2_ws/build/lidar_cartographer -- -j4 -l4
[0.491s] Invoked command in '/home/kevin/ldlidar_ros2_ws/build/lidar_cartographer' returned '0': CMAKE_PREFIX_PATH=${CMAKE_PREFIX_PATH}:/opt/ros/humble /usr/bin/cmake --build /home/kevin/ldlidar_ros2_ws/build/lidar_cartographer -- -j4 -l4
[0.643s] Invoking command in '/home/kevin/ldlidar_ros2_ws/build/lidar_cartographer': CMAKE_PREFIX_PATH=${CMAKE_PREFIX_PATH}:/opt/ros/humble /usr/bin/cmake --install /home/kevin/ldlidar_ros2_ws/build/lidar_cartographer
[0.677s] -- Install configuration: ""
[0.681s] -- Up-to-date: /home/kevin/ldlidar_ros2_ws/install/lidar_cartographer/share/lidar_cartographer/config
[0.682s] -- Up-to-date: /home/kevin/ldlidar_ros2_ws/install/lidar_cartographer/share/lidar_cartographer/config/cartographer_2d.lua
[0.683s] -- Up-to-date: /home/kevin/ldlidar_ros2_ws/install/lidar_cartographer/share/lidar_cartographer/launch
[0.684s] -- Up-to-date: /home/kevin/ldlidar_ros2_ws/install/lidar_cartographer/share/lidar_cartographer/launch/cartographer.launch.py
[0.684s] -- Up-to-date: /home/kevin/ldlidar_ros2_ws/install/lidar_cartographer/share/ament_index/resource_index/package_run_dependencies/lidar_cartographer
[0.686s] -- Up-to-date: /home/kevin/ldlidar_ros2_ws/install/lidar_cartographer/share/ament_index/resource_index/parent_prefix_path/lidar_cartographer
[0.686s] -- Up-to-date: /home/kevin/ldlidar_ros2_ws/install/lidar_cartographer/share/lidar_cartographer/environment/ament_prefix_path.sh
[0.687s] -- Up-to-date: /home/kevin/ldlidar_ros2_ws/install/lidar_cartographer/share/lidar_cartographer/environment/ament_prefix_path.dsv
[0.688s] -- Up-to-date: /home/kevin/ldlidar_ros2_ws/install/lidar_cartographer/share/lidar_cartographer/environment/path.sh
[0.689s] -- Up-to-date: /home/kevin/ldlidar_ros2_ws/install/lidar_cartographer/share/lidar_cartographer/environment/path.dsv
[0.689s] -- Up-to-date: /home/kevin/ldlidar_ros2_ws/install/lidar_cartographer/share/lidar_cartographer/local_setup.bash
[0.690s] -- Up-to-date: /home/kevin/ldlidar_ros2_ws/install/lidar_cartographer/share/lidar_cartographer/local_setup.sh
[0.690s] -- Up-to-date: /home/kevin/ldlidar_ros2_ws/install/lidar_cartographer/share/lidar_cartographer/local_setup.zsh
[0.691s] -- Up-to-date: /home/kevin/ldlidar_ros2_ws/install/lidar_cartographer/share/lidar_cartographer/local_setup.dsv
[0.692s] -- Installing: /home/kevin/ldlidar_ros2_ws/install/lidar_cartographer/share/lidar_cartographer/package.dsv
[0.696s] -- Up-to-date: /home/kevin/ldlidar_ros2_ws/install/lidar_cartographer/share/ament_index/resource_index/packages/lidar_cartographer
[0.697s] -- Up-to-date: /home/kevin/ldlidar_ros2_ws/install/lidar_cartographer/share/lidar_cartographer/cmake/lidar_cartographerConfig.cmake
[0.698s] -- Up-to-date: /home/kevin/ldlidar_ros2_ws/install/lidar_cartographer/share/lidar_cartographer/cmake/lidar_cartographerConfig-version.cmake
[0.698s] -- Up-to-date: /home/kevin/ldlidar_ros2_ws/install/lidar_cartographer/share/lidar_cartographer/package.xml
[0.710s] Invoked command in '/home/kevin/ldlidar_ros2_ws/build/lidar_cartographer' returned '0': CMAKE_PREFIX_PATH=${CMAKE_PREFIX_PATH}:/opt/ros/humble /usr/bin/cmake --install /home/kevin/ldlidar_ros2_ws/build/lidar_cartographer
