[0.459s] DEBUG:colcon:Command line arguments: ['/usr/bin/colcon', 'build']
[0.459s] DEBUG:colcon:Parsed command line arguments: Namespace(log_base=None, log_level=None, verb_name='build', build_base='build', install_base='install', merge_install=False, symlink_install=False, test_result_base=None, continue_on_error=False, executor='parallel', parallel_workers=4, event_handlers=None, ignore_user_meta=False, metas=['./colcon.meta'], base_paths=['.'], packages_ignore=None, packages_ignore_regex=None, paths=None, packages_up_to=None, packages_up_to_regex=None, packages_above=None, packages_above_and_dependencies=None, packages_above_depth=None, packages_select_by_dep=None, packages_skip_by_dep=None, packages_skip_up_to=None, packages_select_build_failed=False, packages_skip_build_finished=False, packages_select_test_failures=False, packages_skip_test_passed=False, packages_select=None, packages_skip=None, packages_select_regex=None, packages_skip_regex=None, packages_start=None, packages_end=None, allow_overriding=[], cmake_args=None, cmake_target=None, cmake_target_skip_unavailable=False, cmake_clean_cache=False, cmake_clean_first=False, cmake_force_configure=False, ament_cmake_args=None, catkin_cmake_args=None, catkin_skip_building_tests=False, mixin_files=None, mixin=None, verb_parser=<colcon_mixin.mixin.mixin_argument.MixinArgumentDecorator object at 0xffffa9e7a5f0>, verb_extension=<colcon_core.verb.build.BuildVerb object at 0xffffa9f76bf0>, main=<bound method BuildVerb.main of <colcon_core.verb.build.BuildVerb object at 0xffffa9f76bf0>>, mixin_verb=('build',))
[1.275s] Level 1:colcon.colcon_core.package_discovery:discover_packages(colcon_meta) check parameters
[1.276s] Level 1:colcon.colcon_core.package_discovery:discover_packages(recursive) check parameters
[1.276s] Level 1:colcon.colcon_core.package_discovery:discover_packages(ignore) check parameters
[1.276s] Level 1:colcon.colcon_core.package_discovery:discover_packages(path) check parameters
[1.276s] Level 1:colcon.colcon_core.package_discovery:discover_packages(colcon_meta) discover
[1.276s] Level 1:colcon.colcon_core.package_discovery:discover_packages(recursive) discover
[1.276s] INFO:colcon.colcon_core.package_discovery:Crawling recursively for packages in '/home/kevin/ldlidar_ros2_ws'
[1.277s] Level 1:colcon.colcon_core.package_identification:_identify(.) by extensions ['ignore', 'ignore_ament_install']
[1.279s] Level 1:colcon.colcon_core.package_identification:_identify(.) by extension 'ignore'
[1.280s] Level 1:colcon.colcon_core.package_identification:_identify(.) by extension 'ignore_ament_install'
[1.280s] Level 1:colcon.colcon_core.package_identification:_identify(.) by extensions ['colcon_pkg']
[1.280s] Level 1:colcon.colcon_core.package_identification:_identify(.) by extension 'colcon_pkg'
[1.280s] Level 1:colcon.colcon_core.package_identification:_identify(.) by extensions ['colcon_meta']
[1.281s] Level 1:colcon.colcon_core.package_identification:_identify(.) by extension 'colcon_meta'
[1.281s] Level 1:colcon.colcon_core.package_identification:_identify(.) by extensions ['ros']
[1.281s] Level 1:colcon.colcon_core.package_identification:_identify(.) by extension 'ros'
[1.324s] Level 1:colcon.colcon_core.package_identification:_identify(.) by extensions ['cmake', 'python']
[1.324s] Level 1:colcon.colcon_core.package_identification:_identify(.) by extension 'cmake'
[1.324s] Level 1:colcon.colcon_core.package_identification:_identify(.) by extension 'python'
[1.325s] Level 1:colcon.colcon_core.package_identification:_identify(.) by extensions ['python_setup_py']
[1.325s] Level 1:colcon.colcon_core.package_identification:_identify(.) by extension 'python_setup_py'
[1.325s] Level 1:colcon.colcon_core.package_identification:_identify(build) by extensions ['ignore', 'ignore_ament_install']
[1.326s] Level 1:colcon.colcon_core.package_identification:_identify(build) by extension 'ignore'
[1.326s] Level 1:colcon.colcon_core.package_identification:_identify(build) ignored
[1.326s] Level 1:colcon.colcon_core.package_identification:_identify(install) by extensions ['ignore', 'ignore_ament_install']
[1.327s] Level 1:colcon.colcon_core.package_identification:_identify(install) by extension 'ignore'
[1.327s] Level 1:colcon.colcon_core.package_identification:_identify(install) ignored
[1.327s] Level 1:colcon.colcon_core.package_identification:_identify(log) by extensions ['ignore', 'ignore_ament_install']
[1.328s] Level 1:colcon.colcon_core.package_identification:_identify(log) by extension 'ignore'
[1.328s] Level 1:colcon.colcon_core.package_identification:_identify(log) ignored
[1.328s] Level 1:colcon.colcon_core.package_identification:_identify(src) by extensions ['ignore', 'ignore_ament_install']
[1.329s] Level 1:colcon.colcon_core.package_identification:_identify(src) by extension 'ignore'
[1.329s] Level 1:colcon.colcon_core.package_identification:_identify(src) by extension 'ignore_ament_install'
[1.329s] Level 1:colcon.colcon_core.package_identification:_identify(src) by extensions ['colcon_pkg']
[1.329s] Level 1:colcon.colcon_core.package_identification:_identify(src) by extension 'colcon_pkg'
[1.329s] Level 1:colcon.colcon_core.package_identification:_identify(src) by extensions ['colcon_meta']
[1.329s] Level 1:colcon.colcon_core.package_identification:_identify(src) by extension 'colcon_meta'
[1.329s] Level 1:colcon.colcon_core.package_identification:_identify(src) by extensions ['ros']
[1.330s] Level 1:colcon.colcon_core.package_identification:_identify(src) by extension 'ros'
[1.330s] Level 1:colcon.colcon_core.package_identification:_identify(src) by extensions ['cmake', 'python']
[1.330s] Level 1:colcon.colcon_core.package_identification:_identify(src) by extension 'cmake'
[1.330s] Level 1:colcon.colcon_core.package_identification:_identify(src) by extension 'python'
[1.330s] Level 1:colcon.colcon_core.package_identification:_identify(src) by extensions ['python_setup_py']
[1.331s] Level 1:colcon.colcon_core.package_identification:_identify(src) by extension 'python_setup_py'
[1.331s] Level 1:colcon.colcon_core.package_identification:_identify(src/ldlidar_stl_ros2) by extensions ['ignore', 'ignore_ament_install']
[1.331s] Level 1:colcon.colcon_core.package_identification:_identify(src/ldlidar_stl_ros2) by extension 'ignore'
[1.332s] Level 1:colcon.colcon_core.package_identification:_identify(src/ldlidar_stl_ros2) by extension 'ignore_ament_install'
[1.332s] Level 1:colcon.colcon_core.package_identification:_identify(src/ldlidar_stl_ros2) by extensions ['colcon_pkg']
[1.332s] Level 1:colcon.colcon_core.package_identification:_identify(src/ldlidar_stl_ros2) by extension 'colcon_pkg'
[1.332s] Level 1:colcon.colcon_core.package_identification:_identify(src/ldlidar_stl_ros2) by extensions ['colcon_meta']
[1.332s] Level 1:colcon.colcon_core.package_identification:_identify(src/ldlidar_stl_ros2) by extension 'colcon_meta'
[1.332s] Level 1:colcon.colcon_core.package_identification:_identify(src/ldlidar_stl_ros2) by extensions ['ros']
[1.333s] Level 1:colcon.colcon_core.package_identification:_identify(src/ldlidar_stl_ros2) by extension 'ros'
[1.341s] DEBUG:colcon.colcon_core.package_identification:Package 'src/ldlidar_stl_ros2' with type 'ros.ament_cmake' and name 'ldlidar_stl_ros2'
[1.342s] Level 1:colcon.colcon_core.package_identification:_identify(src/lidar_bringup) by extensions ['ignore', 'ignore_ament_install']
[1.342s] Level 1:colcon.colcon_core.package_identification:_identify(src/lidar_bringup) by extension 'ignore'
[1.342s] Level 1:colcon.colcon_core.package_identification:_identify(src/lidar_bringup) by extension 'ignore_ament_install'
[1.343s] Level 1:colcon.colcon_core.package_identification:_identify(src/lidar_bringup) by extensions ['colcon_pkg']
[1.343s] Level 1:colcon.colcon_core.package_identification:_identify(src/lidar_bringup) by extension 'colcon_pkg'
[1.343s] Level 1:colcon.colcon_core.package_identification:_identify(src/lidar_bringup) by extensions ['colcon_meta']
[1.343s] Level 1:colcon.colcon_core.package_identification:_identify(src/lidar_bringup) by extension 'colcon_meta'
[1.343s] Level 1:colcon.colcon_core.package_identification:_identify(src/lidar_bringup) by extensions ['ros']
[1.343s] Level 1:colcon.colcon_core.package_identification:_identify(src/lidar_bringup) by extension 'ros'
[1.345s] DEBUG:colcon.colcon_core.package_identification:Package 'src/lidar_bringup' with type 'ros.ament_cmake' and name 'lidar_bringup'
[1.346s] Level 1:colcon.colcon_core.package_identification:_identify(src/lidar_cartographer) by extensions ['ignore', 'ignore_ament_install']
[1.346s] Level 1:colcon.colcon_core.package_identification:_identify(src/lidar_cartographer) by extension 'ignore'
[1.346s] Level 1:colcon.colcon_core.package_identification:_identify(src/lidar_cartographer) by extension 'ignore_ament_install'
[1.346s] Level 1:colcon.colcon_core.package_identification:_identify(src/lidar_cartographer) by extensions ['colcon_pkg']
[1.347s] Level 1:colcon.colcon_core.package_identification:_identify(src/lidar_cartographer) by extension 'colcon_pkg'
[1.347s] Level 1:colcon.colcon_core.package_identification:_identify(src/lidar_cartographer) by extensions ['colcon_meta']
[1.347s] Level 1:colcon.colcon_core.package_identification:_identify(src/lidar_cartographer) by extension 'colcon_meta'
[1.347s] Level 1:colcon.colcon_core.package_identification:_identify(src/lidar_cartographer) by extensions ['ros']
[1.347s] Level 1:colcon.colcon_core.package_identification:_identify(src/lidar_cartographer) by extension 'ros'
[1.349s] DEBUG:colcon.colcon_core.package_identification:Package 'src/lidar_cartographer' with type 'ros.ament_cmake' and name 'lidar_cartographer'
[1.350s] Level 1:colcon.colcon_core.package_discovery:discover_packages(recursive) using defaults
[1.350s] Level 1:colcon.colcon_core.package_discovery:discover_packages(ignore) discover
[1.350s] Level 1:colcon.colcon_core.package_discovery:discover_packages(ignore) using defaults
[1.350s] Level 1:colcon.colcon_core.package_discovery:discover_packages(path) discover
[1.350s] Level 1:colcon.colcon_core.package_discovery:discover_packages(path) using defaults
[1.475s] Level 1:colcon.colcon_core.package_discovery:discover_packages(prefix_path) check parameters
[1.475s] Level 1:colcon.colcon_core.package_discovery:discover_packages(prefix_path) discover
[1.485s] DEBUG:colcon.colcon_installed_package_information.package_discovery:Found 3 installed packages in /home/kevin/ldlidar_ros2_ws/install
[1.494s] DEBUG:colcon.colcon_installed_package_information.package_discovery:Found 279 installed packages in /opt/ros/humble
[1.501s] Level 1:colcon.colcon_core.package_discovery:discover_packages(prefix_path) using defaults
[1.674s] Level 5:colcon.colcon_core.verb:set package 'ldlidar_stl_ros2' build argument 'cmake_args' from command line to 'None'
[1.674s] Level 5:colcon.colcon_core.verb:set package 'ldlidar_stl_ros2' build argument 'cmake_target' from command line to 'None'
[1.674s] Level 5:colcon.colcon_core.verb:set package 'ldlidar_stl_ros2' build argument 'cmake_target_skip_unavailable' from command line to 'False'
[1.674s] Level 5:colcon.colcon_core.verb:set package 'ldlidar_stl_ros2' build argument 'cmake_clean_cache' from command line to 'False'
[1.674s] Level 5:colcon.colcon_core.verb:set package 'ldlidar_stl_ros2' build argument 'cmake_clean_first' from command line to 'False'
[1.675s] Level 5:colcon.colcon_core.verb:set package 'ldlidar_stl_ros2' build argument 'cmake_force_configure' from command line to 'False'
[1.675s] Level 5:colcon.colcon_core.verb:set package 'ldlidar_stl_ros2' build argument 'ament_cmake_args' from command line to 'None'
[1.675s] Level 5:colcon.colcon_core.verb:set package 'ldlidar_stl_ros2' build argument 'catkin_cmake_args' from command line to 'None'
[1.675s] Level 5:colcon.colcon_core.verb:set package 'ldlidar_stl_ros2' build argument 'catkin_skip_building_tests' from command line to 'False'
[1.675s] DEBUG:colcon.colcon_core.verb:Building package 'ldlidar_stl_ros2' with the following arguments: {'ament_cmake_args': None, 'build_base': '/home/kevin/ldlidar_ros2_ws/build/ldlidar_stl_ros2', 'catkin_cmake_args': None, 'catkin_skip_building_tests': False, 'cmake_args': None, 'cmake_clean_cache': False, 'cmake_clean_first': False, 'cmake_force_configure': False, 'cmake_target': None, 'cmake_target_skip_unavailable': False, 'install_base': '/home/kevin/ldlidar_ros2_ws/install/ldlidar_stl_ros2', 'merge_install': False, 'path': '/home/kevin/ldlidar_ros2_ws/src/ldlidar_stl_ros2', 'symlink_install': False, 'test_result_base': None}
[1.676s] Level 5:colcon.colcon_core.verb:set package 'lidar_bringup' build argument 'cmake_args' from command line to 'None'
[1.677s] Level 5:colcon.colcon_core.verb:set package 'lidar_bringup' build argument 'cmake_target' from command line to 'None'
[1.677s] Level 5:colcon.colcon_core.verb:set package 'lidar_bringup' build argument 'cmake_target_skip_unavailable' from command line to 'False'
[1.677s] Level 5:colcon.colcon_core.verb:set package 'lidar_bringup' build argument 'cmake_clean_cache' from command line to 'False'
[1.677s] Level 5:colcon.colcon_core.verb:set package 'lidar_bringup' build argument 'cmake_clean_first' from command line to 'False'
[1.677s] Level 5:colcon.colcon_core.verb:set package 'lidar_bringup' build argument 'cmake_force_configure' from command line to 'False'
[1.677s] Level 5:colcon.colcon_core.verb:set package 'lidar_bringup' build argument 'ament_cmake_args' from command line to 'None'
[1.677s] Level 5:colcon.colcon_core.verb:set package 'lidar_bringup' build argument 'catkin_cmake_args' from command line to 'None'
[1.677s] Level 5:colcon.colcon_core.verb:set package 'lidar_bringup' build argument 'catkin_skip_building_tests' from command line to 'False'
[1.677s] DEBUG:colcon.colcon_core.verb:Building package 'lidar_bringup' with the following arguments: {'ament_cmake_args': None, 'build_base': '/home/kevin/ldlidar_ros2_ws/build/lidar_bringup', 'catkin_cmake_args': None, 'catkin_skip_building_tests': False, 'cmake_args': None, 'cmake_clean_cache': False, 'cmake_clean_first': False, 'cmake_force_configure': False, 'cmake_target': None, 'cmake_target_skip_unavailable': False, 'install_base': '/home/kevin/ldlidar_ros2_ws/install/lidar_bringup', 'merge_install': False, 'path': '/home/kevin/ldlidar_ros2_ws/src/lidar_bringup', 'symlink_install': False, 'test_result_base': None}
[1.679s] Level 5:colcon.colcon_core.verb:set package 'lidar_cartographer' build argument 'cmake_args' from command line to 'None'
[1.679s] Level 5:colcon.colcon_core.verb:set package 'lidar_cartographer' build argument 'cmake_target' from command line to 'None'
[1.679s] Level 5:colcon.colcon_core.verb:set package 'lidar_cartographer' build argument 'cmake_target_skip_unavailable' from command line to 'False'
[1.679s] Level 5:colcon.colcon_core.verb:set package 'lidar_cartographer' build argument 'cmake_clean_cache' from command line to 'False'
[1.679s] Level 5:colcon.colcon_core.verb:set package 'lidar_cartographer' build argument 'cmake_clean_first' from command line to 'False'
[1.679s] Level 5:colcon.colcon_core.verb:set package 'lidar_cartographer' build argument 'cmake_force_configure' from command line to 'False'
[1.680s] Level 5:colcon.colcon_core.verb:set package 'lidar_cartographer' build argument 'ament_cmake_args' from command line to 'None'
[1.680s] Level 5:colcon.colcon_core.verb:set package 'lidar_cartographer' build argument 'catkin_cmake_args' from command line to 'None'
[1.680s] Level 5:colcon.colcon_core.verb:set package 'lidar_cartographer' build argument 'catkin_skip_building_tests' from command line to 'False'
[1.680s] DEBUG:colcon.colcon_core.verb:Building package 'lidar_cartographer' with the following arguments: {'ament_cmake_args': None, 'build_base': '/home/kevin/ldlidar_ros2_ws/build/lidar_cartographer', 'catkin_cmake_args': None, 'catkin_skip_building_tests': False, 'cmake_args': None, 'cmake_clean_cache': False, 'cmake_clean_first': False, 'cmake_force_configure': False, 'cmake_target': None, 'cmake_target_skip_unavailable': False, 'install_base': '/home/kevin/ldlidar_ros2_ws/install/lidar_cartographer', 'merge_install': False, 'path': '/home/kevin/ldlidar_ros2_ws/src/lidar_cartographer', 'symlink_install': False, 'test_result_base': None}
[1.680s] INFO:colcon.colcon_core.executor:Executing jobs using 'parallel' executor
[1.684s] DEBUG:colcon.colcon_parallel_executor.executor.parallel:run_until_complete
[1.685s] INFO:colcon.colcon_ros.task.ament_cmake.build:Building ROS package in '/home/kevin/ldlidar_ros2_ws/src/ldlidar_stl_ros2' with build type 'ament_cmake'
[1.686s] INFO:colcon.colcon_cmake.task.cmake.build:Building CMake package in '/home/kevin/ldlidar_ros2_ws/src/ldlidar_stl_ros2'
[1.695s] INFO:colcon.colcon_core.plugin_system:Skipping extension 'colcon_core.shell.bat': Not used on non-Windows systems
[1.695s] INFO:colcon.colcon_core.shell:Skip shell extension 'powershell' for command environment: Not usable outside of PowerShell
[1.696s] DEBUG:colcon.colcon_core.shell:Skip shell extension 'dsv' for command environment
[1.716s] INFO:colcon.colcon_ros.task.ament_cmake.build:Building ROS package in '/home/kevin/ldlidar_ros2_ws/src/lidar_bringup' with build type 'ament_cmake'
[1.716s] INFO:colcon.colcon_cmake.task.cmake.build:Building CMake package in '/home/kevin/ldlidar_ros2_ws/src/lidar_bringup'
[1.717s] INFO:colcon.colcon_core.shell:Skip shell extension 'powershell' for command environment: Not usable outside of PowerShell
[1.718s] DEBUG:colcon.colcon_core.shell:Skip shell extension 'dsv' for command environment
[1.738s] INFO:colcon.colcon_ros.task.ament_cmake.build:Building ROS package in '/home/kevin/ldlidar_ros2_ws/src/lidar_cartographer' with build type 'ament_cmake'
[1.738s] INFO:colcon.colcon_cmake.task.cmake.build:Building CMake package in '/home/kevin/ldlidar_ros2_ws/src/lidar_cartographer'
[1.740s] INFO:colcon.colcon_core.shell:Skip shell extension 'powershell' for command environment: Not usable outside of PowerShell
[1.740s] DEBUG:colcon.colcon_core.shell:Skip shell extension 'dsv' for command environment
[1.786s] DEBUG:colcon.colcon_core.event_handler.log_command:Invoking command in '/home/kevin/ldlidar_ros2_ws/build/ldlidar_stl_ros2': CMAKE_PREFIX_PATH=${CMAKE_PREFIX_PATH}:/opt/ros/humble /usr/bin/cmake --build /home/kevin/ldlidar_ros2_ws/build/ldlidar_stl_ros2 -- -j4 -l4
[1.801s] DEBUG:colcon.colcon_core.event_handler.log_command:Invoking command in '/home/kevin/ldlidar_ros2_ws/build/lidar_bringup': CMAKE_PREFIX_PATH=${CMAKE_PREFIX_PATH}:/opt/ros/humble /usr/bin/cmake --build /home/kevin/ldlidar_ros2_ws/build/lidar_bringup -- -j4 -l4
[1.822s] DEBUG:colcon.colcon_core.event_handler.log_command:Invoking command in '/home/kevin/ldlidar_ros2_ws/build/lidar_cartographer': CMAKE_PREFIX_PATH=${CMAKE_PREFIX_PATH}:/opt/ros/humble /usr/bin/cmake --build /home/kevin/ldlidar_ros2_ws/build/lidar_cartographer -- -j4 -l4
[1.966s] DEBUG:colcon.colcon_core.event_handler.log_command:Invoked command in '/home/kevin/ldlidar_ros2_ws/build/lidar_bringup' returned '0': CMAKE_PREFIX_PATH=${CMAKE_PREFIX_PATH}:/opt/ros/humble /usr/bin/cmake --build /home/kevin/ldlidar_ros2_ws/build/lidar_bringup -- -j4 -l4
[1.992s] DEBUG:colcon.colcon_core.event_handler.log_command:Invoked command in '/home/kevin/ldlidar_ros2_ws/build/lidar_cartographer' returned '0': CMAKE_PREFIX_PATH=${CMAKE_PREFIX_PATH}:/opt/ros/humble /usr/bin/cmake --build /home/kevin/ldlidar_ros2_ws/build/lidar_cartographer -- -j4 -l4
[2.121s] DEBUG:colcon.colcon_core.event_handler.log_command:Invoking command in '/home/kevin/ldlidar_ros2_ws/build/lidar_bringup': CMAKE_PREFIX_PATH=${CMAKE_PREFIX_PATH}:/opt/ros/humble /usr/bin/cmake --install /home/kevin/ldlidar_ros2_ws/build/lidar_bringup
[2.135s] DEBUG:colcon.colcon_core.event_handler.log_command:Invoking command in '/home/kevin/ldlidar_ros2_ws/build/lidar_cartographer': CMAKE_PREFIX_PATH=${CMAKE_PREFIX_PATH}:/opt/ros/humble /usr/bin/cmake --install /home/kevin/ldlidar_ros2_ws/build/lidar_cartographer
[2.139s] DEBUG:colcon.colcon_core.event_handler.log_command:Invoked command in '/home/kevin/ldlidar_ros2_ws/build/ldlidar_stl_ros2' returned '0': CMAKE_PREFIX_PATH=${CMAKE_PREFIX_PATH}:/opt/ros/humble /usr/bin/cmake --build /home/kevin/ldlidar_ros2_ws/build/ldlidar_stl_ros2 -- -j4 -l4
[2.177s] Level 1:colcon.colcon_core.environment:create_environment_scripts_only(lidar_bringup)
[2.194s] DEBUG:colcon.colcon_core.event_handler.log_command:Invoked command in '/home/kevin/ldlidar_ros2_ws/build/lidar_bringup' returned '0': CMAKE_PREFIX_PATH=${CMAKE_PREFIX_PATH}:/opt/ros/humble /usr/bin/cmake --install /home/kevin/ldlidar_ros2_ws/build/lidar_bringup
[2.203s] Level 1:colcon.colcon_core.environment:checking '/home/kevin/ldlidar_ros2_ws/install/lidar_bringup' for CMake module files
[2.206s] Level 1:colcon.colcon_core.environment:checking '/home/kevin/ldlidar_ros2_ws/install/lidar_bringup' for CMake config files
[2.208s] Level 1:colcon.colcon_core.shell:create_environment_hook('lidar_bringup', 'cmake_prefix_path')
[2.209s] INFO:colcon.colcon_core.shell:Creating environment hook '/home/kevin/ldlidar_ros2_ws/install/lidar_bringup/share/lidar_bringup/hook/cmake_prefix_path.ps1'
[2.213s] INFO:colcon.colcon_core.shell:Creating environment descriptor '/home/kevin/ldlidar_ros2_ws/install/lidar_bringup/share/lidar_bringup/hook/cmake_prefix_path.dsv'
[2.215s] INFO:colcon.colcon_core.shell:Creating environment hook '/home/kevin/ldlidar_ros2_ws/install/lidar_bringup/share/lidar_bringup/hook/cmake_prefix_path.sh'
[2.219s] Level 1:colcon.colcon_core.environment:checking '/home/kevin/ldlidar_ros2_ws/install/lidar_bringup/bin'
[2.219s] Level 1:colcon.colcon_core.environment:checking '/home/kevin/ldlidar_ros2_ws/install/lidar_bringup/lib/pkgconfig/lidar_bringup.pc'
[2.221s] Level 1:colcon.colcon_core.environment:checking '/home/kevin/ldlidar_ros2_ws/install/lidar_bringup/lib/python3.10/site-packages'
[2.221s] Level 1:colcon.colcon_core.environment:checking '/home/kevin/ldlidar_ros2_ws/install/lidar_bringup/bin'
[2.223s] INFO:colcon.colcon_core.shell:Creating package script '/home/kevin/ldlidar_ros2_ws/install/lidar_bringup/share/lidar_bringup/package.ps1'
[2.226s] INFO:colcon.colcon_core.shell:Creating package descriptor '/home/kevin/ldlidar_ros2_ws/install/lidar_bringup/share/lidar_bringup/package.dsv'
[2.229s] INFO:colcon.colcon_core.shell:Creating package script '/home/kevin/ldlidar_ros2_ws/install/lidar_bringup/share/lidar_bringup/package.sh'
[2.233s] INFO:colcon.colcon_core.shell:Creating package script '/home/kevin/ldlidar_ros2_ws/install/lidar_bringup/share/lidar_bringup/package.bash'
[2.236s] INFO:colcon.colcon_core.shell:Creating package script '/home/kevin/ldlidar_ros2_ws/install/lidar_bringup/share/lidar_bringup/package.zsh'
[2.239s] Level 1:colcon.colcon_core.environment:create_file_with_runtime_dependencies(/home/kevin/ldlidar_ros2_ws/install/lidar_bringup/share/colcon-core/packages/lidar_bringup)
[2.248s] Level 1:colcon.colcon_core.environment:create_environment_scripts_only(lidar_cartographer)
[2.249s] Level 1:colcon.colcon_core.environment:checking '/home/kevin/ldlidar_ros2_ws/install/lidar_cartographer' for CMake module files
[2.252s] DEBUG:colcon.colcon_core.event_handler.log_command:Invoked command in '/home/kevin/ldlidar_ros2_ws/build/lidar_cartographer' returned '0': CMAKE_PREFIX_PATH=${CMAKE_PREFIX_PATH}:/opt/ros/humble /usr/bin/cmake --install /home/kevin/ldlidar_ros2_ws/build/lidar_cartographer
[2.254s] Level 1:colcon.colcon_core.environment:checking '/home/kevin/ldlidar_ros2_ws/install/lidar_cartographer' for CMake config files
[2.256s] Level 1:colcon.colcon_core.shell:create_environment_hook('lidar_cartographer', 'cmake_prefix_path')
[2.258s] INFO:colcon.colcon_core.shell:Creating environment hook '/home/kevin/ldlidar_ros2_ws/install/lidar_cartographer/share/lidar_cartographer/hook/cmake_prefix_path.ps1'
[2.260s] INFO:colcon.colcon_core.shell:Creating environment descriptor '/home/kevin/ldlidar_ros2_ws/install/lidar_cartographer/share/lidar_cartographer/hook/cmake_prefix_path.dsv'
[2.263s] INFO:colcon.colcon_core.shell:Creating environment hook '/home/kevin/ldlidar_ros2_ws/install/lidar_cartographer/share/lidar_cartographer/hook/cmake_prefix_path.sh'
[2.266s] Level 1:colcon.colcon_core.environment:checking '/home/kevin/ldlidar_ros2_ws/install/lidar_cartographer/bin'
[2.267s] Level 1:colcon.colcon_core.environment:checking '/home/kevin/ldlidar_ros2_ws/install/lidar_cartographer/lib/pkgconfig/lidar_cartographer.pc'
[2.268s] Level 1:colcon.colcon_core.environment:checking '/home/kevin/ldlidar_ros2_ws/install/lidar_cartographer/lib/python3.10/site-packages'
[2.270s] Level 1:colcon.colcon_core.environment:checking '/home/kevin/ldlidar_ros2_ws/install/lidar_cartographer/bin'
[2.271s] INFO:colcon.colcon_core.shell:Creating package script '/home/kevin/ldlidar_ros2_ws/install/lidar_cartographer/share/lidar_cartographer/package.ps1'
[2.274s] INFO:colcon.colcon_core.shell:Creating package descriptor '/home/kevin/ldlidar_ros2_ws/install/lidar_cartographer/share/lidar_cartographer/package.dsv'
[2.277s] INFO:colcon.colcon_core.shell:Creating package script '/home/kevin/ldlidar_ros2_ws/install/lidar_cartographer/share/lidar_cartographer/package.sh'
[2.279s] INFO:colcon.colcon_core.shell:Creating package script '/home/kevin/ldlidar_ros2_ws/install/lidar_cartographer/share/lidar_cartographer/package.bash'
[2.281s] INFO:colcon.colcon_core.shell:Creating package script '/home/kevin/ldlidar_ros2_ws/install/lidar_cartographer/share/lidar_cartographer/package.zsh'
[2.284s] Level 1:colcon.colcon_core.environment:create_file_with_runtime_dependencies(/home/kevin/ldlidar_ros2_ws/install/lidar_cartographer/share/colcon-core/packages/lidar_cartographer)
[2.349s] Level 1:colcon.colcon_core.environment:create_environment_scripts_only(lidar_bringup)
[2.350s] Level 1:colcon.colcon_core.environment:checking '/home/kevin/ldlidar_ros2_ws/install/lidar_bringup' for CMake module files
[2.353s] Level 1:colcon.colcon_core.environment:checking '/home/kevin/ldlidar_ros2_ws/install/lidar_bringup' for CMake config files
[2.355s] Level 1:colcon.colcon_core.shell:create_environment_hook('lidar_bringup', 'cmake_prefix_path')
[2.357s] INFO:colcon.colcon_core.shell:Creating environment hook '/home/kevin/ldlidar_ros2_ws/install/lidar_bringup/share/lidar_bringup/hook/cmake_prefix_path.ps1'
[2.359s] INFO:colcon.colcon_core.shell:Creating environment descriptor '/home/kevin/ldlidar_ros2_ws/install/lidar_bringup/share/lidar_bringup/hook/cmake_prefix_path.dsv'
[2.361s] INFO:colcon.colcon_core.shell:Creating environment hook '/home/kevin/ldlidar_ros2_ws/install/lidar_bringup/share/lidar_bringup/hook/cmake_prefix_path.sh'
[2.364s] Level 1:colcon.colcon_core.environment:checking '/home/kevin/ldlidar_ros2_ws/install/lidar_bringup/bin'
[2.365s] Level 1:colcon.colcon_core.environment:checking '/home/kevin/ldlidar_ros2_ws/install/lidar_bringup/lib/pkgconfig/lidar_bringup.pc'
[2.366s] Level 1:colcon.colcon_core.environment:checking '/home/kevin/ldlidar_ros2_ws/install/lidar_bringup/lib/python3.10/site-packages'
[2.369s] Level 1:colcon.colcon_core.environment:checking '/home/kevin/ldlidar_ros2_ws/install/lidar_bringup/bin'
[2.371s] INFO:colcon.colcon_core.shell:Creating package script '/home/kevin/ldlidar_ros2_ws/install/lidar_bringup/share/lidar_bringup/package.ps1'
[2.374s] INFO:colcon.colcon_core.shell:Creating package descriptor '/home/kevin/ldlidar_ros2_ws/install/lidar_bringup/share/lidar_bringup/package.dsv'
[2.377s] INFO:colcon.colcon_core.shell:Creating package script '/home/kevin/ldlidar_ros2_ws/install/lidar_bringup/share/lidar_bringup/package.sh'
[2.379s] INFO:colcon.colcon_core.shell:Creating package script '/home/kevin/ldlidar_ros2_ws/install/lidar_bringup/share/lidar_bringup/package.bash'
[2.381s] INFO:colcon.colcon_core.shell:Creating package script '/home/kevin/ldlidar_ros2_ws/install/lidar_bringup/share/lidar_bringup/package.zsh'
[2.383s] Level 1:colcon.colcon_core.environment:create_file_with_runtime_dependencies(/home/kevin/ldlidar_ros2_ws/install/lidar_bringup/share/colcon-core/packages/lidar_bringup)
[2.398s] DEBUG:colcon.colcon_core.event_handler.log_command:Invoking command in '/home/kevin/ldlidar_ros2_ws/build/ldlidar_stl_ros2': CMAKE_PREFIX_PATH=${CMAKE_PREFIX_PATH}:/opt/ros/humble /usr/bin/cmake --install /home/kevin/ldlidar_ros2_ws/build/ldlidar_stl_ros2
[2.401s] Level 1:colcon.colcon_core.environment:create_environment_scripts_only(lidar_cartographer)
[2.402s] Level 1:colcon.colcon_core.environment:checking '/home/kevin/ldlidar_ros2_ws/install/lidar_cartographer' for CMake module files
[2.407s] Level 1:colcon.colcon_core.environment:checking '/home/kevin/ldlidar_ros2_ws/install/lidar_cartographer' for CMake config files
[2.409s] Level 1:colcon.colcon_core.shell:create_environment_hook('lidar_cartographer', 'cmake_prefix_path')
[2.411s] INFO:colcon.colcon_core.shell:Creating environment hook '/home/kevin/ldlidar_ros2_ws/install/lidar_cartographer/share/lidar_cartographer/hook/cmake_prefix_path.ps1'
[2.413s] INFO:colcon.colcon_core.shell:Creating environment descriptor '/home/kevin/ldlidar_ros2_ws/install/lidar_cartographer/share/lidar_cartographer/hook/cmake_prefix_path.dsv'
[2.416s] INFO:colcon.colcon_core.shell:Creating environment hook '/home/kevin/ldlidar_ros2_ws/install/lidar_cartographer/share/lidar_cartographer/hook/cmake_prefix_path.sh'
[2.419s] Level 1:colcon.colcon_core.environment:checking '/home/kevin/ldlidar_ros2_ws/install/lidar_cartographer/bin'
[2.419s] Level 1:colcon.colcon_core.environment:checking '/home/kevin/ldlidar_ros2_ws/install/lidar_cartographer/lib/pkgconfig/lidar_cartographer.pc'
[2.421s] Level 1:colcon.colcon_core.environment:checking '/home/kevin/ldlidar_ros2_ws/install/lidar_cartographer/lib/python3.10/site-packages'
[2.422s] Level 1:colcon.colcon_core.environment:checking '/home/kevin/ldlidar_ros2_ws/install/lidar_cartographer/bin'
[2.423s] INFO:colcon.colcon_core.shell:Creating package script '/home/kevin/ldlidar_ros2_ws/install/lidar_cartographer/share/lidar_cartographer/package.ps1'
[2.426s] INFO:colcon.colcon_core.shell:Creating package descriptor '/home/kevin/ldlidar_ros2_ws/install/lidar_cartographer/share/lidar_cartographer/package.dsv'
[2.430s] INFO:colcon.colcon_core.shell:Creating package script '/home/kevin/ldlidar_ros2_ws/install/lidar_cartographer/share/lidar_cartographer/package.sh'
[2.435s] INFO:colcon.colcon_core.shell:Creating package script '/home/kevin/ldlidar_ros2_ws/install/lidar_cartographer/share/lidar_cartographer/package.bash'
[2.440s] INFO:colcon.colcon_core.shell:Creating package script '/home/kevin/ldlidar_ros2_ws/install/lidar_cartographer/share/lidar_cartographer/package.zsh'
[2.444s] Level 1:colcon.colcon_core.environment:create_file_with_runtime_dependencies(/home/kevin/ldlidar_ros2_ws/install/lidar_cartographer/share/colcon-core/packages/lidar_cartographer)
[2.448s] Level 1:colcon.colcon_core.environment:create_environment_scripts_only(ldlidar_stl_ros2)
[2.450s] Level 1:colcon.colcon_core.environment:checking '/home/kevin/ldlidar_ros2_ws/install/ldlidar_stl_ros2' for CMake module files
[2.457s] DEBUG:colcon.colcon_core.event_handler.log_command:Invoked command in '/home/kevin/ldlidar_ros2_ws/build/ldlidar_stl_ros2' returned '0': CMAKE_PREFIX_PATH=${CMAKE_PREFIX_PATH}:/opt/ros/humble /usr/bin/cmake --install /home/kevin/ldlidar_ros2_ws/build/ldlidar_stl_ros2
[2.458s] Level 1:colcon.colcon_core.environment:checking '/home/kevin/ldlidar_ros2_ws/install/ldlidar_stl_ros2' for CMake config files
[2.460s] Level 1:colcon.colcon_core.shell:create_environment_hook('ldlidar_stl_ros2', 'cmake_prefix_path')
[2.462s] INFO:colcon.colcon_core.shell:Creating environment hook '/home/kevin/ldlidar_ros2_ws/install/ldlidar_stl_ros2/share/ldlidar_stl_ros2/hook/cmake_prefix_path.ps1'
[2.464s] INFO:colcon.colcon_core.shell:Creating environment descriptor '/home/kevin/ldlidar_ros2_ws/install/ldlidar_stl_ros2/share/ldlidar_stl_ros2/hook/cmake_prefix_path.dsv'
[2.466s] INFO:colcon.colcon_core.shell:Creating environment hook '/home/kevin/ldlidar_ros2_ws/install/ldlidar_stl_ros2/share/ldlidar_stl_ros2/hook/cmake_prefix_path.sh'
[2.469s] Level 1:colcon.colcon_core.environment:checking '/home/kevin/ldlidar_ros2_ws/install/ldlidar_stl_ros2/lib'
[2.470s] Level 1:colcon.colcon_core.environment:checking '/home/kevin/ldlidar_ros2_ws/install/ldlidar_stl_ros2/bin'
[2.470s] Level 1:colcon.colcon_core.environment:checking '/home/kevin/ldlidar_ros2_ws/install/ldlidar_stl_ros2/lib/pkgconfig/ldlidar_stl_ros2.pc'
[2.471s] Level 1:colcon.colcon_core.environment:checking '/home/kevin/ldlidar_ros2_ws/install/ldlidar_stl_ros2/lib/python3.10/site-packages'
[2.472s] Level 1:colcon.colcon_core.environment:checking '/home/kevin/ldlidar_ros2_ws/install/ldlidar_stl_ros2/bin'
[2.473s] INFO:colcon.colcon_core.shell:Creating package script '/home/kevin/ldlidar_ros2_ws/install/ldlidar_stl_ros2/share/ldlidar_stl_ros2/package.ps1'
[2.476s] INFO:colcon.colcon_core.shell:Creating package descriptor '/home/kevin/ldlidar_ros2_ws/install/ldlidar_stl_ros2/share/ldlidar_stl_ros2/package.dsv'
[2.478s] INFO:colcon.colcon_core.shell:Creating package script '/home/kevin/ldlidar_ros2_ws/install/ldlidar_stl_ros2/share/ldlidar_stl_ros2/package.sh'
[2.480s] INFO:colcon.colcon_core.shell:Creating package script '/home/kevin/ldlidar_ros2_ws/install/ldlidar_stl_ros2/share/ldlidar_stl_ros2/package.bash'
[2.481s] INFO:colcon.colcon_core.shell:Creating package script '/home/kevin/ldlidar_ros2_ws/install/ldlidar_stl_ros2/share/ldlidar_stl_ros2/package.zsh'
[2.483s] Level 1:colcon.colcon_core.environment:create_file_with_runtime_dependencies(/home/kevin/ldlidar_ros2_ws/install/ldlidar_stl_ros2/share/colcon-core/packages/ldlidar_stl_ros2)
[2.687s] Level 1:colcon.colcon_core.environment:create_environment_scripts_only(ldlidar_stl_ros2)
[2.688s] Level 1:colcon.colcon_core.environment:checking '/home/kevin/ldlidar_ros2_ws/install/ldlidar_stl_ros2' for CMake module files
[2.692s] Level 1:colcon.colcon_core.environment:checking '/home/kevin/ldlidar_ros2_ws/install/ldlidar_stl_ros2' for CMake config files
[2.694s] Level 1:colcon.colcon_core.shell:create_environment_hook('ldlidar_stl_ros2', 'cmake_prefix_path')
[2.695s] INFO:colcon.colcon_core.shell:Creating environment hook '/home/kevin/ldlidar_ros2_ws/install/ldlidar_stl_ros2/share/ldlidar_stl_ros2/hook/cmake_prefix_path.ps1'
[2.697s] INFO:colcon.colcon_core.shell:Creating environment descriptor '/home/kevin/ldlidar_ros2_ws/install/ldlidar_stl_ros2/share/ldlidar_stl_ros2/hook/cmake_prefix_path.dsv'
[2.699s] INFO:colcon.colcon_core.shell:Creating environment hook '/home/kevin/ldlidar_ros2_ws/install/ldlidar_stl_ros2/share/ldlidar_stl_ros2/hook/cmake_prefix_path.sh'
[2.702s] Level 1:colcon.colcon_core.environment:checking '/home/kevin/ldlidar_ros2_ws/install/ldlidar_stl_ros2/lib'
[2.703s] Level 1:colcon.colcon_core.environment:checking '/home/kevin/ldlidar_ros2_ws/install/ldlidar_stl_ros2/bin'
[2.703s] Level 1:colcon.colcon_core.environment:checking '/home/kevin/ldlidar_ros2_ws/install/ldlidar_stl_ros2/lib/pkgconfig/ldlidar_stl_ros2.pc'
[2.704s] Level 1:colcon.colcon_core.environment:checking '/home/kevin/ldlidar_ros2_ws/install/ldlidar_stl_ros2/lib/python3.10/site-packages'
[2.705s] Level 1:colcon.colcon_core.environment:checking '/home/kevin/ldlidar_ros2_ws/install/ldlidar_stl_ros2/bin'
[2.707s] INFO:colcon.colcon_core.shell:Creating package script '/home/kevin/ldlidar_ros2_ws/install/ldlidar_stl_ros2/share/ldlidar_stl_ros2/package.ps1'
[2.709s] INFO:colcon.colcon_core.shell:Creating package descriptor '/home/kevin/ldlidar_ros2_ws/install/ldlidar_stl_ros2/share/ldlidar_stl_ros2/package.dsv'
[2.711s] INFO:colcon.colcon_core.shell:Creating package script '/home/kevin/ldlidar_ros2_ws/install/ldlidar_stl_ros2/share/ldlidar_stl_ros2/package.sh'
[2.713s] INFO:colcon.colcon_core.shell:Creating package script '/home/kevin/ldlidar_ros2_ws/install/ldlidar_stl_ros2/share/ldlidar_stl_ros2/package.bash'
[2.715s] INFO:colcon.colcon_core.shell:Creating package script '/home/kevin/ldlidar_ros2_ws/install/ldlidar_stl_ros2/share/ldlidar_stl_ros2/package.zsh'
[2.717s] Level 1:colcon.colcon_core.environment:create_file_with_runtime_dependencies(/home/kevin/ldlidar_ros2_ws/install/ldlidar_stl_ros2/share/colcon-core/packages/ldlidar_stl_ros2)
[2.718s] DEBUG:colcon.colcon_parallel_executor.executor.parallel:closing loop
[2.719s] DEBUG:colcon.colcon_parallel_executor.executor.parallel:loop closed
[2.719s] DEBUG:colcon.colcon_parallel_executor.executor.parallel:run_until_complete finished with '0'
[2.720s] DEBUG:colcon.colcon_core.event_reactor:joining thread
[2.740s] INFO:colcon.colcon_core.plugin_system:Skipping extension 'colcon_notification.desktop_notification.terminal_notifier': Not used on non-Darwin systems
[2.740s] INFO:colcon.colcon_core.plugin_system:Skipping extension 'colcon_notification.desktop_notification.win32': Not used on non-Windows systems
[2.741s] INFO:colcon.colcon_notification.desktop_notification:Sending desktop notification using 'notify2'
[2.778s] DEBUG:colcon.colcon_core.event_reactor:joined thread
[2.780s] INFO:colcon.colcon_core.shell:Creating prefix script '/home/kevin/ldlidar_ros2_ws/install/local_setup.ps1'
[2.783s] INFO:colcon.colcon_core.shell:Creating prefix util module '/home/kevin/ldlidar_ros2_ws/install/_local_setup_util_ps1.py'
[2.788s] INFO:colcon.colcon_core.shell:Creating prefix chain script '/home/kevin/ldlidar_ros2_ws/install/setup.ps1'
[2.793s] INFO:colcon.colcon_core.shell:Creating prefix script '/home/kevin/ldlidar_ros2_ws/install/local_setup.sh'
[2.796s] INFO:colcon.colcon_core.shell:Creating prefix util module '/home/kevin/ldlidar_ros2_ws/install/_local_setup_util_sh.py'
[2.798s] INFO:colcon.colcon_core.shell:Creating prefix chain script '/home/kevin/ldlidar_ros2_ws/install/setup.sh'
[2.803s] INFO:colcon.colcon_core.shell:Creating prefix script '/home/kevin/ldlidar_ros2_ws/install/local_setup.bash'
[2.805s] INFO:colcon.colcon_core.shell:Creating prefix chain script '/home/kevin/ldlidar_ros2_ws/install/setup.bash'
[2.810s] INFO:colcon.colcon_core.shell:Creating prefix script '/home/kevin/ldlidar_ros2_ws/install/local_setup.zsh'
[2.812s] INFO:colcon.colcon_core.shell:Creating prefix chain script '/home/kevin/ldlidar_ros2_ws/install/setup.zsh'
