-- Install configuration: ""
-- Up-to-date: /home/kev/ldlidar_ros2_ws/install/lidar_bringup/share/lidar_bringup/launch
-- Up-to-date: /home/kev/ldlidar_ros2_ws/install/lidar_bringup/share/lidar_bringup/launch/slam_and_nav_bringup_launch.py
-- Up-to-date: /home/kev/ldlidar_ros2_ws/install/lidar_bringup/share/lidar_bringup/params
-- Up-to-date: /home/kev/ldlidar_ros2_ws/install/lidar_bringup/share/lidar_bringup/params/slam_and_nav.yaml
-- Up-to-date: /home/kev/ldlidar_ros2_ws/install/lidar_bringup/share/ament_index/resource_index/package_run_dependencies/lidar_bringup
-- Up-to-date: /home/kev/ldlidar_ros2_ws/install/lidar_bringup/share/ament_index/resource_index/parent_prefix_path/lidar_bringup
-- Up-to-date: /home/kev/ldlidar_ros2_ws/install/lidar_bringup/share/lidar_bringup/environment/ament_prefix_path.sh
-- Up-to-date: /home/kev/ldlidar_ros2_ws/install/lidar_bringup/share/lidar_bringup/environment/ament_prefix_path.dsv
-- Up-to-date: /home/kev/ldlidar_ros2_ws/install/lidar_bringup/share/lidar_bringup/environment/path.sh
-- Up-to-date: /home/kev/ldlidar_ros2_ws/install/lidar_bringup/share/lidar_bringup/environment/path.dsv
-- Up-to-date: /home/kev/ldlidar_ros2_ws/install/lidar_bringup/share/lidar_bringup/local_setup.bash
-- Up-to-date: /home/kev/ldlidar_ros2_ws/install/lidar_bringup/share/lidar_bringup/local_setup.sh
-- Up-to-date: /home/kev/ldlidar_ros2_ws/install/lidar_bringup/share/lidar_bringup/local_setup.zsh
-- Up-to-date: /home/kev/ldlidar_ros2_ws/install/lidar_bringup/share/lidar_bringup/local_setup.dsv
-- Installing: /home/kev/ldlidar_ros2_ws/install/lidar_bringup/share/lidar_bringup/package.dsv
-- Up-to-date: /home/kev/ldlidar_ros2_ws/install/lidar_bringup/share/ament_index/resource_index/packages/lidar_bringup
-- Up-to-date: /home/kev/ldlidar_ros2_ws/install/lidar_bringup/share/lidar_bringup/cmake/lidar_bringupConfig.cmake
-- Up-to-date: /home/kev/ldlidar_ros2_ws/install/lidar_bringup/share/lidar_bringup/cmake/lidar_bringupConfig-version.cmake
-- Up-to-date: /home/kev/ldlidar_ros2_ws/install/lidar_bringup/share/lidar_bringup/package.xml
