[1.459s] Invoking command in '/home/kevin/ldlidar_ros2_ws/build/lidar_bringup': CMAKE_PREFIX_PATH=${CMAKE_PREFIX_PATH}:/home/kevin/ldlidar_ros2_ws/install/autonomous_exploration:/opt/ros/humble /usr/bin/cmake --build /home/kevin/ldlidar_ros2_ws/build/lidar_bringup -- -j4 -l4
[1.578s] -- Found ament_cmake: 1.3.9 (/opt/ros/humble/share/ament_cmake/cmake)
[2.773s] -- Override CMake install command with custom implementation using symlinks instead of copying resources
[2.870s] -- Found ament_lint_auto: 0.12.11 (/opt/ros/humble/share/ament_lint_auto/cmake)
[3.323s] -- Added test 'flake8' to check Python code syntax and style conventions
[3.327s] -- Added test 'lint_cmake' to check CMake code style
[3.329s] -- Added test 'pep257' to check Python code against some of the docstring style conventions in PEP 257
[3.338s] -- Added test 'xmllint' to check XML markup files
[3.345s] -- Configuring done
[3.369s] -- Generating done
[3.382s] -- Build files have been written to: /home/kevin/ldlidar_ros2_ws/build/lidar_bringup
[3.470s] Invoked command in '/home/kevin/ldlidar_ros2_ws/build/lidar_bringup' returned '0': CMAKE_PREFIX_PATH=${CMAKE_PREFIX_PATH}:/home/kevin/ldlidar_ros2_ws/install/autonomous_exploration:/opt/ros/humble /usr/bin/cmake --build /home/kevin/ldlidar_ros2_ws/build/lidar_bringup -- -j4 -l4
[3.601s] Invoking command in '/home/kevin/ldlidar_ros2_ws/build/lidar_bringup': CMAKE_PREFIX_PATH=${CMAKE_PREFIX_PATH}:/home/kevin/ldlidar_ros2_ws/install/autonomous_exploration:/opt/ros/humble /usr/bin/cmake --install /home/kevin/ldlidar_ros2_ws/build/lidar_bringup
[3.634s] -- Install configuration: ""
[3.641s] -- Execute custom install script
[3.646s] -- Up-to-date symlink: /home/kevin/ldlidar_ros2_ws/install/lidar_bringup/share/lidar_bringup/launch/slam_and_nav_bringup_launch.py
[3.650s] -- Symlinking: /home/kevin/ldlidar_ros2_ws/install/lidar_bringup/share/lidar_bringup/params/slam_and_nav.yaml
[3.679s] -- Up-to-date symlink: /home/kevin/ldlidar_ros2_ws/install/lidar_bringup/share/ament_index/resource_index/package_run_dependencies/lidar_bringup
[3.682s] -- Up-to-date symlink: /home/kevin/ldlidar_ros2_ws/install/lidar_bringup/share/ament_index/resource_index/parent_prefix_path/lidar_bringup
[3.695s] -- Up-to-date symlink: /home/kevin/ldlidar_ros2_ws/install/lidar_bringup/share/lidar_bringup/environment/ament_prefix_path.sh
[3.699s] -- Up-to-date symlink: /home/kevin/ldlidar_ros2_ws/install/lidar_bringup/share/lidar_bringup/environment/ament_prefix_path.dsv
[3.701s] -- Up-to-date symlink: /home/kevin/ldlidar_ros2_ws/install/lidar_bringup/share/lidar_bringup/environment/path.sh
[3.702s] -- Up-to-date symlink: /home/kevin/ldlidar_ros2_ws/install/lidar_bringup/share/lidar_bringup/environment/path.dsv
[3.702s] -- Up-to-date symlink: /home/kevin/ldlidar_ros2_ws/install/lidar_bringup/share/lidar_bringup/local_setup.bash
[3.703s] -- Up-to-date symlink: /home/kevin/ldlidar_ros2_ws/install/lidar_bringup/share/lidar_bringup/local_setup.sh
[3.704s] -- Up-to-date symlink: /home/kevin/ldlidar_ros2_ws/install/lidar_bringup/share/lidar_bringup/local_setup.zsh
[3.704s] -- Up-to-date symlink: /home/kevin/ldlidar_ros2_ws/install/lidar_bringup/share/lidar_bringup/local_setup.dsv
[3.705s] -- Symlinking: /home/kevin/ldlidar_ros2_ws/install/lidar_bringup/share/lidar_bringup/package.dsv
[3.737s] -- Up-to-date symlink: /home/kevin/ldlidar_ros2_ws/install/lidar_bringup/share/ament_index/resource_index/packages/lidar_bringup
[3.738s] -- Up-to-date symlink: /home/kevin/ldlidar_ros2_ws/install/lidar_bringup/share/lidar_bringup/cmake/lidar_bringupConfig.cmake
[3.739s] -- Up-to-date symlink: /home/kevin/ldlidar_ros2_ws/install/lidar_bringup/share/lidar_bringup/cmake/lidar_bringupConfig-version.cmake
[3.741s] -- Up-to-date symlink: /home/kevin/ldlidar_ros2_ws/install/lidar_bringup/share/lidar_bringup/package.xml
[3.750s] Invoked command in '/home/kevin/ldlidar_ros2_ws/build/lidar_bringup' returned '0': CMAKE_PREFIX_PATH=${CMAKE_PREFIX_PATH}:/home/kevin/ldlidar_ros2_ws/install/autonomous_exploration:/opt/ros/humble /usr/bin/cmake --install /home/kevin/ldlidar_ros2_ws/build/lidar_bringup
