[0.186s] Invoking command in '/home/kev/ldlidar_ros2_ws/build/lidar_bringup': CMAKE_PREFIX_PATH=${CMAKE_PREFIX_PATH}:/home/kev/ldlidar_ros2_ws/install/autonomous_exploration:/opt/ros/humble /usr/bin/cmake --build /home/kev/ldlidar_ros2_ws/build/lidar_bringup -- -j8 -l8
[0.214s] Invoked command in '/home/kev/ldlidar_ros2_ws/build/lidar_bringup' returned '0': CMAKE_PREFIX_PATH=${CMAKE_PREFIX_PATH}:/home/kev/ldlidar_ros2_ws/install/autonomous_exploration:/opt/ros/humble /usr/bin/cmake --build /home/kev/ldlidar_ros2_ws/build/lidar_bringup -- -j8 -l8
[0.250s] Invoking command in '/home/kev/ldlidar_ros2_ws/build/lidar_bringup': CMAKE_PREFIX_PATH=${CMAKE_PREFIX_PATH}:/home/kev/ldlidar_ros2_ws/install/autonomous_exploration:/opt/ros/humble /usr/bin/cmake --install /home/kev/ldlidar_ros2_ws/build/lidar_bringup
[0.257s] -- Install configuration: ""
[0.257s] -- Up-to-date: /home/kev/ldlidar_ros2_ws/install/lidar_bringup/share/lidar_bringup/launch
[0.257s] -- Up-to-date: /home/kev/ldlidar_ros2_ws/install/lidar_bringup/share/lidar_bringup/launch/slam_and_nav_bringup_launch.py
[0.257s] -- Up-to-date: /home/kev/ldlidar_ros2_ws/install/lidar_bringup/share/lidar_bringup/params
[0.257s] -- Up-to-date: /home/kev/ldlidar_ros2_ws/install/lidar_bringup/share/lidar_bringup/params/slam_and_nav.yaml
[0.257s] -- Up-to-date: /home/kev/ldlidar_ros2_ws/install/lidar_bringup/share/ament_index/resource_index/package_run_dependencies/lidar_bringup
[0.258s] -- Up-to-date: /home/kev/ldlidar_ros2_ws/install/lidar_bringup/share/ament_index/resource_index/parent_prefix_path/lidar_bringup
[0.258s] -- Up-to-date: /home/kev/ldlidar_ros2_ws/install/lidar_bringup/share/lidar_bringup/environment/ament_prefix_path.sh
[0.258s] -- Up-to-date: /home/kev/ldlidar_ros2_ws/install/lidar_bringup/share/lidar_bringup/environment/ament_prefix_path.dsv
[0.258s] -- Up-to-date: /home/kev/ldlidar_ros2_ws/install/lidar_bringup/share/lidar_bringup/environment/path.sh
[0.258s] -- Up-to-date: /home/kev/ldlidar_ros2_ws/install/lidar_bringup/share/lidar_bringup/environment/path.dsv
[0.258s] -- Up-to-date: /home/kev/ldlidar_ros2_ws/install/lidar_bringup/share/lidar_bringup/local_setup.bash
[0.258s] -- Up-to-date: /home/kev/ldlidar_ros2_ws/install/lidar_bringup/share/lidar_bringup/local_setup.sh
[0.258s] -- Up-to-date: /home/kev/ldlidar_ros2_ws/install/lidar_bringup/share/lidar_bringup/local_setup.zsh
[0.258s] -- Up-to-date: /home/kev/ldlidar_ros2_ws/install/lidar_bringup/share/lidar_bringup/local_setup.dsv
[0.258s] -- Installing: /home/kev/ldlidar_ros2_ws/install/lidar_bringup/share/lidar_bringup/package.dsv
[0.258s] -- Up-to-date: /home/kev/ldlidar_ros2_ws/install/lidar_bringup/share/ament_index/resource_index/packages/lidar_bringup
[0.258s] -- Up-to-date: /home/kev/ldlidar_ros2_ws/install/lidar_bringup/share/lidar_bringup/cmake/lidar_bringupConfig.cmake
[0.258s] -- Up-to-date: /home/kev/ldlidar_ros2_ws/install/lidar_bringup/share/lidar_bringup/cmake/lidar_bringupConfig-version.cmake
[0.258s] -- Up-to-date: /home/kev/ldlidar_ros2_ws/install/lidar_bringup/share/lidar_bringup/package.xml
[0.260s] Invoked command in '/home/kev/ldlidar_ros2_ws/build/lidar_bringup' returned '0': CMAKE_PREFIX_PATH=${CMAKE_PREFIX_PATH}:/home/kev/ldlidar_ros2_ws/install/autonomous_exploration:/opt/ros/humble /usr/bin/cmake --install /home/kev/ldlidar_ros2_ws/build/lidar_bringup
