[0.486s] DEBUG:colcon:Command line arguments: ['/usr/bin/colcon', 'build']
[0.487s] DEBUG:colcon:Parsed command line arguments: Namespace(log_base=None, log_level=None, verb_name='build', build_base='build', install_base='install', merge_install=False, symlink_install=False, test_result_base=None, continue_on_error=False, executor='parallel', parallel_workers=4, event_handlers=None, ignore_user_meta=False, metas=['./colcon.meta'], base_paths=['.'], packages_ignore=None, packages_ignore_regex=None, paths=None, packages_up_to=None, packages_up_to_regex=None, packages_above=None, packages_above_and_dependencies=None, packages_above_depth=None, packages_select_by_dep=None, packages_skip_by_dep=None, packages_skip_up_to=None, packages_select_build_failed=False, packages_skip_build_finished=False, packages_select_test_failures=False, packages_skip_test_passed=False, packages_select=None, packages_skip=None, packages_select_regex=None, packages_skip_regex=None, packages_start=None, packages_end=None, allow_overriding=[], cmake_args=None, cmake_target=None, cmake_target_skip_unavailable=False, cmake_clean_cache=False, cmake_clean_first=False, cmake_force_configure=False, ament_cmake_args=None, catkin_cmake_args=None, catkin_skip_building_tests=False, mixin_files=None, mixin=None, verb_parser=<colcon_mixin.mixin.mixin_argument.MixinArgumentDecorator object at 0xffff932ceb60>, verb_extension=<colcon_core.verb.build.BuildVerb object at 0xffff933d31c0>, main=<bound method BuildVerb.main of <colcon_core.verb.build.BuildVerb object at 0xffff933d31c0>>, mixin_verb=('build',))
[1.592s] Level 1:colcon.colcon_core.package_discovery:discover_packages(colcon_meta) check parameters
[1.593s] Level 1:colcon.colcon_core.package_discovery:discover_packages(recursive) check parameters
[1.593s] Level 1:colcon.colcon_core.package_discovery:discover_packages(ignore) check parameters
[1.593s] Level 1:colcon.colcon_core.package_discovery:discover_packages(path) check parameters
[1.594s] Level 1:colcon.colcon_core.package_discovery:discover_packages(colcon_meta) discover
[1.594s] Level 1:colcon.colcon_core.package_discovery:discover_packages(recursive) discover
[1.595s] INFO:colcon.colcon_core.package_discovery:Crawling recursively for packages in '/home/kevin/ldlidar_ros2_ws'
[1.595s] Level 1:colcon.colcon_core.package_identification:_identify(.) by extensions ['ignore', 'ignore_ament_install']
[1.596s] Level 1:colcon.colcon_core.package_identification:_identify(.) by extension 'ignore'
[1.596s] Level 1:colcon.colcon_core.package_identification:_identify(.) by extension 'ignore_ament_install'
[1.596s] Level 1:colcon.colcon_core.package_identification:_identify(.) by extensions ['colcon_pkg']
[1.597s] Level 1:colcon.colcon_core.package_identification:_identify(.) by extension 'colcon_pkg'
[1.597s] Level 1:colcon.colcon_core.package_identification:_identify(.) by extensions ['colcon_meta']
[1.597s] Level 1:colcon.colcon_core.package_identification:_identify(.) by extension 'colcon_meta'
[1.597s] Level 1:colcon.colcon_core.package_identification:_identify(.) by extensions ['ros']
[1.598s] Level 1:colcon.colcon_core.package_identification:_identify(.) by extension 'ros'
[1.642s] Level 1:colcon.colcon_core.package_identification:_identify(.) by extensions ['cmake', 'python']
[1.642s] Level 1:colcon.colcon_core.package_identification:_identify(.) by extension 'cmake'
[1.643s] Level 1:colcon.colcon_core.package_identification:_identify(.) by extension 'python'
[1.643s] Level 1:colcon.colcon_core.package_identification:_identify(.) by extensions ['python_setup_py']
[1.643s] Level 1:colcon.colcon_core.package_identification:_identify(.) by extension 'python_setup_py'
[1.644s] Level 1:colcon.colcon_core.package_identification:_identify(build) by extensions ['ignore', 'ignore_ament_install']
[1.644s] Level 1:colcon.colcon_core.package_identification:_identify(build) by extension 'ignore'
[1.645s] Level 1:colcon.colcon_core.package_identification:_identify(build) ignored
[1.645s] Level 1:colcon.colcon_core.package_identification:_identify(install) by extensions ['ignore', 'ignore_ament_install']
[1.646s] Level 1:colcon.colcon_core.package_identification:_identify(install) by extension 'ignore'
[1.646s] Level 1:colcon.colcon_core.package_identification:_identify(install) ignored
[1.647s] Level 1:colcon.colcon_core.package_identification:_identify(log) by extensions ['ignore', 'ignore_ament_install']
[1.648s] Level 1:colcon.colcon_core.package_identification:_identify(log) by extension 'ignore'
[1.648s] Level 1:colcon.colcon_core.package_identification:_identify(log) ignored
[1.649s] Level 1:colcon.colcon_core.package_identification:_identify(src) by extensions ['ignore', 'ignore_ament_install']
[1.649s] Level 1:colcon.colcon_core.package_identification:_identify(src) by extension 'ignore'
[1.650s] Level 1:colcon.colcon_core.package_identification:_identify(src) by extension 'ignore_ament_install'
[1.650s] Level 1:colcon.colcon_core.package_identification:_identify(src) by extensions ['colcon_pkg']
[1.650s] Level 1:colcon.colcon_core.package_identification:_identify(src) by extension 'colcon_pkg'
[1.650s] Level 1:colcon.colcon_core.package_identification:_identify(src) by extensions ['colcon_meta']
[1.651s] Level 1:colcon.colcon_core.package_identification:_identify(src) by extension 'colcon_meta'
[1.651s] Level 1:colcon.colcon_core.package_identification:_identify(src) by extensions ['ros']
[1.651s] Level 1:colcon.colcon_core.package_identification:_identify(src) by extension 'ros'
[1.652s] Level 1:colcon.colcon_core.package_identification:_identify(src) by extensions ['cmake', 'python']
[1.652s] Level 1:colcon.colcon_core.package_identification:_identify(src) by extension 'cmake'
[1.652s] Level 1:colcon.colcon_core.package_identification:_identify(src) by extension 'python'
[1.652s] Level 1:colcon.colcon_core.package_identification:_identify(src) by extensions ['python_setup_py']
[1.652s] Level 1:colcon.colcon_core.package_identification:_identify(src) by extension 'python_setup_py'
[1.653s] Level 1:colcon.colcon_core.package_identification:_identify(src/autonomous_exploration) by extensions ['ignore', 'ignore_ament_install']
[1.654s] Level 1:colcon.colcon_core.package_identification:_identify(src/autonomous_exploration) by extension 'ignore'
[1.654s] Level 1:colcon.colcon_core.package_identification:_identify(src/autonomous_exploration) by extension 'ignore_ament_install'
[1.654s] Level 1:colcon.colcon_core.package_identification:_identify(src/autonomous_exploration) by extensions ['colcon_pkg']
[1.655s] Level 1:colcon.colcon_core.package_identification:_identify(src/autonomous_exploration) by extension 'colcon_pkg'
[1.655s] Level 1:colcon.colcon_core.package_identification:_identify(src/autonomous_exploration) by extensions ['colcon_meta']
[1.655s] Level 1:colcon.colcon_core.package_identification:_identify(src/autonomous_exploration) by extension 'colcon_meta'
[1.655s] Level 1:colcon.colcon_core.package_identification:_identify(src/autonomous_exploration) by extensions ['ros']
[1.655s] Level 1:colcon.colcon_core.package_identification:_identify(src/autonomous_exploration) by extension 'ros'
[1.664s] DEBUG:colcon.colcon_core.package_identification:Package 'src/autonomous_exploration' with type 'ros.ament_python' and name 'autonomous_exploration'
[1.665s] Level 1:colcon.colcon_core.package_identification:_identify(src/ldlidar_stl_ros2) by extensions ['ignore', 'ignore_ament_install']
[1.666s] Level 1:colcon.colcon_core.package_identification:_identify(src/ldlidar_stl_ros2) by extension 'ignore'
[1.666s] Level 1:colcon.colcon_core.package_identification:_identify(src/ldlidar_stl_ros2) by extension 'ignore_ament_install'
[1.666s] Level 1:colcon.colcon_core.package_identification:_identify(src/ldlidar_stl_ros2) by extensions ['colcon_pkg']
[1.667s] Level 1:colcon.colcon_core.package_identification:_identify(src/ldlidar_stl_ros2) by extension 'colcon_pkg'
[1.667s] Level 1:colcon.colcon_core.package_identification:_identify(src/ldlidar_stl_ros2) by extensions ['colcon_meta']
[1.667s] Level 1:colcon.colcon_core.package_identification:_identify(src/ldlidar_stl_ros2) by extension 'colcon_meta'
[1.667s] Level 1:colcon.colcon_core.package_identification:_identify(src/ldlidar_stl_ros2) by extensions ['ros']
[1.668s] Level 1:colcon.colcon_core.package_identification:_identify(src/ldlidar_stl_ros2) by extension 'ros'
[1.671s] DEBUG:colcon.colcon_core.package_identification:Package 'src/ldlidar_stl_ros2' with type 'ros.ament_cmake' and name 'ldlidar_stl_ros2'
[1.672s] Level 1:colcon.colcon_core.package_identification:_identify(src/lidar_bringup) by extensions ['ignore', 'ignore_ament_install']
[1.673s] Level 1:colcon.colcon_core.package_identification:_identify(src/lidar_bringup) by extension 'ignore'
[1.674s] Level 1:colcon.colcon_core.package_identification:_identify(src/lidar_bringup) by extension 'ignore_ament_install'
[1.674s] Level 1:colcon.colcon_core.package_identification:_identify(src/lidar_bringup) by extensions ['colcon_pkg']
[1.675s] Level 1:colcon.colcon_core.package_identification:_identify(src/lidar_bringup) by extension 'colcon_pkg'
[1.675s] Level 1:colcon.colcon_core.package_identification:_identify(src/lidar_bringup) by extensions ['colcon_meta']
[1.676s] Level 1:colcon.colcon_core.package_identification:_identify(src/lidar_bringup) by extension 'colcon_meta'
[1.676s] Level 1:colcon.colcon_core.package_identification:_identify(src/lidar_bringup) by extensions ['ros']
[1.677s] Level 1:colcon.colcon_core.package_identification:_identify(src/lidar_bringup) by extension 'ros'
[1.679s] DEBUG:colcon.colcon_core.package_identification:Package 'src/lidar_bringup' with type 'ros.ament_cmake' and name 'lidar_bringup'
[1.680s] Level 1:colcon.colcon_core.package_identification:_identify(src/lidar_cartographer) by extensions ['ignore', 'ignore_ament_install']
[1.681s] Level 1:colcon.colcon_core.package_identification:_identify(src/lidar_cartographer) by extension 'ignore'
[1.681s] Level 1:colcon.colcon_core.package_identification:_identify(src/lidar_cartographer) by extension 'ignore_ament_install'
[1.681s] Level 1:colcon.colcon_core.package_identification:_identify(src/lidar_cartographer) by extensions ['colcon_pkg']
[1.682s] Level 1:colcon.colcon_core.package_identification:_identify(src/lidar_cartographer) by extension 'colcon_pkg'
[1.682s] Level 1:colcon.colcon_core.package_identification:_identify(src/lidar_cartographer) by extensions ['colcon_meta']
[1.682s] Level 1:colcon.colcon_core.package_identification:_identify(src/lidar_cartographer) by extension 'colcon_meta'
[1.682s] Level 1:colcon.colcon_core.package_identification:_identify(src/lidar_cartographer) by extensions ['ros']
[1.683s] Level 1:colcon.colcon_core.package_identification:_identify(src/lidar_cartographer) by extension 'ros'
[1.684s] DEBUG:colcon.colcon_core.package_identification:Package 'src/lidar_cartographer' with type 'ros.ament_cmake' and name 'lidar_cartographer'
[1.685s] Level 1:colcon.colcon_core.package_discovery:discover_packages(recursive) using defaults
[1.685s] Level 1:colcon.colcon_core.package_discovery:discover_packages(ignore) discover
[1.685s] Level 1:colcon.colcon_core.package_discovery:discover_packages(ignore) using defaults
[1.685s] Level 1:colcon.colcon_core.package_discovery:discover_packages(path) discover
[1.686s] Level 1:colcon.colcon_core.package_discovery:discover_packages(path) using defaults
[1.808s] Level 1:colcon.colcon_core.package_discovery:discover_packages(prefix_path) check parameters
[1.808s] Level 1:colcon.colcon_core.package_discovery:discover_packages(prefix_path) discover
[1.821s] DEBUG:colcon.colcon_installed_package_information.package_discovery:Found 4 installed packages in /home/kevin/ldlidar_ros2_ws/install
[1.831s] DEBUG:colcon.colcon_installed_package_information.package_discovery:Found 316 installed packages in /opt/ros/humble
[1.839s] Level 1:colcon.colcon_core.package_discovery:discover_packages(prefix_path) using defaults
[2.037s] Level 5:colcon.colcon_core.verb:set package 'autonomous_exploration' build argument 'cmake_args' from command line to 'None'
[2.037s] Level 5:colcon.colcon_core.verb:set package 'autonomous_exploration' build argument 'cmake_target' from command line to 'None'
[2.037s] Level 5:colcon.colcon_core.verb:set package 'autonomous_exploration' build argument 'cmake_target_skip_unavailable' from command line to 'False'
[2.038s] Level 5:colcon.colcon_core.verb:set package 'autonomous_exploration' build argument 'cmake_clean_cache' from command line to 'False'
[2.038s] Level 5:colcon.colcon_core.verb:set package 'autonomous_exploration' build argument 'cmake_clean_first' from command line to 'False'
[2.038s] Level 5:colcon.colcon_core.verb:set package 'autonomous_exploration' build argument 'cmake_force_configure' from command line to 'False'
[2.038s] Level 5:colcon.colcon_core.verb:set package 'autonomous_exploration' build argument 'ament_cmake_args' from command line to 'None'
[2.038s] Level 5:colcon.colcon_core.verb:set package 'autonomous_exploration' build argument 'catkin_cmake_args' from command line to 'None'
[2.038s] Level 5:colcon.colcon_core.verb:set package 'autonomous_exploration' build argument 'catkin_skip_building_tests' from command line to 'False'
[2.039s] DEBUG:colcon.colcon_core.verb:Building package 'autonomous_exploration' with the following arguments: {'ament_cmake_args': None, 'build_base': '/home/kevin/ldlidar_ros2_ws/build/autonomous_exploration', 'catkin_cmake_args': None, 'catkin_skip_building_tests': False, 'cmake_args': None, 'cmake_clean_cache': False, 'cmake_clean_first': False, 'cmake_force_configure': False, 'cmake_target': None, 'cmake_target_skip_unavailable': False, 'install_base': '/home/kevin/ldlidar_ros2_ws/install/autonomous_exploration', 'merge_install': False, 'path': '/home/kevin/ldlidar_ros2_ws/src/autonomous_exploration', 'symlink_install': False, 'test_result_base': None}
[2.040s] Level 5:colcon.colcon_core.verb:set package 'ldlidar_stl_ros2' build argument 'cmake_args' from command line to 'None'
[2.041s] Level 5:colcon.colcon_core.verb:set package 'ldlidar_stl_ros2' build argument 'cmake_target' from command line to 'None'
[2.041s] Level 5:colcon.colcon_core.verb:set package 'ldlidar_stl_ros2' build argument 'cmake_target_skip_unavailable' from command line to 'False'
[2.041s] Level 5:colcon.colcon_core.verb:set package 'ldlidar_stl_ros2' build argument 'cmake_clean_cache' from command line to 'False'
[2.041s] Level 5:colcon.colcon_core.verb:set package 'ldlidar_stl_ros2' build argument 'cmake_clean_first' from command line to 'False'
[2.041s] Level 5:colcon.colcon_core.verb:set package 'ldlidar_stl_ros2' build argument 'cmake_force_configure' from command line to 'False'
[2.041s] Level 5:colcon.colcon_core.verb:set package 'ldlidar_stl_ros2' build argument 'ament_cmake_args' from command line to 'None'
[2.041s] Level 5:colcon.colcon_core.verb:set package 'ldlidar_stl_ros2' build argument 'catkin_cmake_args' from command line to 'None'
[2.041s] Level 5:colcon.colcon_core.verb:set package 'ldlidar_stl_ros2' build argument 'catkin_skip_building_tests' from command line to 'False'
[2.042s] DEBUG:colcon.colcon_core.verb:Building package 'ldlidar_stl_ros2' with the following arguments: {'ament_cmake_args': None, 'build_base': '/home/kevin/ldlidar_ros2_ws/build/ldlidar_stl_ros2', 'catkin_cmake_args': None, 'catkin_skip_building_tests': False, 'cmake_args': None, 'cmake_clean_cache': False, 'cmake_clean_first': False, 'cmake_force_configure': False, 'cmake_target': None, 'cmake_target_skip_unavailable': False, 'install_base': '/home/kevin/ldlidar_ros2_ws/install/ldlidar_stl_ros2', 'merge_install': False, 'path': '/home/kevin/ldlidar_ros2_ws/src/ldlidar_stl_ros2', 'symlink_install': False, 'test_result_base': None}
[2.043s] Level 5:colcon.colcon_core.verb:set package 'lidar_bringup' build argument 'cmake_args' from command line to 'None'
[2.044s] Level 5:colcon.colcon_core.verb:set package 'lidar_bringup' build argument 'cmake_target' from command line to 'None'
[2.044s] Level 5:colcon.colcon_core.verb:set package 'lidar_bringup' build argument 'cmake_target_skip_unavailable' from command line to 'False'
[2.044s] Level 5:colcon.colcon_core.verb:set package 'lidar_bringup' build argument 'cmake_clean_cache' from command line to 'False'
[2.044s] Level 5:colcon.colcon_core.verb:set package 'lidar_bringup' build argument 'cmake_clean_first' from command line to 'False'
[2.044s] Level 5:colcon.colcon_core.verb:set package 'lidar_bringup' build argument 'cmake_force_configure' from command line to 'False'
[2.045s] Level 5:colcon.colcon_core.verb:set package 'lidar_bringup' build argument 'ament_cmake_args' from command line to 'None'
[2.045s] Level 5:colcon.colcon_core.verb:set package 'lidar_bringup' build argument 'catkin_cmake_args' from command line to 'None'
[2.045s] Level 5:colcon.colcon_core.verb:set package 'lidar_bringup' build argument 'catkin_skip_building_tests' from command line to 'False'
[2.045s] DEBUG:colcon.colcon_core.verb:Building package 'lidar_bringup' with the following arguments: {'ament_cmake_args': None, 'build_base': '/home/kevin/ldlidar_ros2_ws/build/lidar_bringup', 'catkin_cmake_args': None, 'catkin_skip_building_tests': False, 'cmake_args': None, 'cmake_clean_cache': False, 'cmake_clean_first': False, 'cmake_force_configure': False, 'cmake_target': None, 'cmake_target_skip_unavailable': False, 'install_base': '/home/kevin/ldlidar_ros2_ws/install/lidar_bringup', 'merge_install': False, 'path': '/home/kevin/ldlidar_ros2_ws/src/lidar_bringup', 'symlink_install': False, 'test_result_base': None}
[2.047s] Level 5:colcon.colcon_core.verb:set package 'lidar_cartographer' build argument 'cmake_args' from command line to 'None'
[2.047s] Level 5:colcon.colcon_core.verb:set package 'lidar_cartographer' build argument 'cmake_target' from command line to 'None'
[2.047s] Level 5:colcon.colcon_core.verb:set package 'lidar_cartographer' build argument 'cmake_target_skip_unavailable' from command line to 'False'
[2.047s] Level 5:colcon.colcon_core.verb:set package 'lidar_cartographer' build argument 'cmake_clean_cache' from command line to 'False'
[2.048s] Level 5:colcon.colcon_core.verb:set package 'lidar_cartographer' build argument 'cmake_clean_first' from command line to 'False'
[2.048s] Level 5:colcon.colcon_core.verb:set package 'lidar_cartographer' build argument 'cmake_force_configure' from command line to 'False'
[2.048s] Level 5:colcon.colcon_core.verb:set package 'lidar_cartographer' build argument 'ament_cmake_args' from command line to 'None'
[2.048s] Level 5:colcon.colcon_core.verb:set package 'lidar_cartographer' build argument 'catkin_cmake_args' from command line to 'None'
[2.048s] Level 5:colcon.colcon_core.verb:set package 'lidar_cartographer' build argument 'catkin_skip_building_tests' from command line to 'False'
[2.048s] DEBUG:colcon.colcon_core.verb:Building package 'lidar_cartographer' with the following arguments: {'ament_cmake_args': None, 'build_base': '/home/kevin/ldlidar_ros2_ws/build/lidar_cartographer', 'catkin_cmake_args': None, 'catkin_skip_building_tests': False, 'cmake_args': None, 'cmake_clean_cache': False, 'cmake_clean_first': False, 'cmake_force_configure': False, 'cmake_target': None, 'cmake_target_skip_unavailable': False, 'install_base': '/home/kevin/ldlidar_ros2_ws/install/lidar_cartographer', 'merge_install': False, 'path': '/home/kevin/ldlidar_ros2_ws/src/lidar_cartographer', 'symlink_install': False, 'test_result_base': None}
[2.049s] INFO:colcon.colcon_core.executor:Executing jobs using 'parallel' executor
[2.053s] DEBUG:colcon.colcon_parallel_executor.executor.parallel:run_until_complete
[2.054s] INFO:colcon.colcon_ros.task.ament_python.build:Building ROS package in '/home/kevin/ldlidar_ros2_ws/src/autonomous_exploration' with build type 'ament_python'
[2.055s] Level 1:colcon.colcon_core.shell:create_environment_hook('autonomous_exploration', 'ament_prefix_path')
[2.065s] INFO:colcon.colcon_core.plugin_system:Skipping extension 'colcon_core.shell.bat': Not used on non-Windows systems
[2.066s] INFO:colcon.colcon_core.shell:Creating environment hook '/home/kevin/ldlidar_ros2_ws/install/autonomous_exploration/share/autonomous_exploration/hook/ament_prefix_path.ps1'
[2.070s] INFO:colcon.colcon_core.shell:Creating environment descriptor '/home/kevin/ldlidar_ros2_ws/install/autonomous_exploration/share/autonomous_exploration/hook/ament_prefix_path.dsv'
[2.072s] INFO:colcon.colcon_core.shell:Creating environment hook '/home/kevin/ldlidar_ros2_ws/install/autonomous_exploration/share/autonomous_exploration/hook/ament_prefix_path.sh'
[2.077s] INFO:colcon.colcon_core.shell:Skip shell extension 'powershell' for command environment: Not usable outside of PowerShell
[2.077s] DEBUG:colcon.colcon_core.shell:Skip shell extension 'dsv' for command environment
[2.099s] INFO:colcon.colcon_ros.task.ament_cmake.build:Building ROS package in '/home/kevin/ldlidar_ros2_ws/src/ldlidar_stl_ros2' with build type 'ament_cmake'
[2.099s] INFO:colcon.colcon_cmake.task.cmake.build:Building CMake package in '/home/kevin/ldlidar_ros2_ws/src/ldlidar_stl_ros2'
[2.101s] INFO:colcon.colcon_core.shell:Skip shell extension 'powershell' for command environment: Not usable outside of PowerShell
[2.101s] DEBUG:colcon.colcon_core.shell:Skip shell extension 'dsv' for command environment
[2.125s] INFO:colcon.colcon_ros.task.ament_cmake.build:Building ROS package in '/home/kevin/ldlidar_ros2_ws/src/lidar_bringup' with build type 'ament_cmake'
[2.126s] INFO:colcon.colcon_cmake.task.cmake.build:Building CMake package in '/home/kevin/ldlidar_ros2_ws/src/lidar_bringup'
[2.127s] INFO:colcon.colcon_core.shell:Skip shell extension 'powershell' for command environment: Not usable outside of PowerShell
[2.128s] DEBUG:colcon.colcon_core.shell:Skip shell extension 'dsv' for command environment
[2.151s] INFO:colcon.colcon_ros.task.ament_cmake.build:Building ROS package in '/home/kevin/ldlidar_ros2_ws/src/lidar_cartographer' with build type 'ament_cmake'
[2.151s] INFO:colcon.colcon_cmake.task.cmake.build:Building CMake package in '/home/kevin/ldlidar_ros2_ws/src/lidar_cartographer'
[2.153s] INFO:colcon.colcon_core.shell:Skip shell extension 'powershell' for command environment: Not usable outside of PowerShell
[2.154s] DEBUG:colcon.colcon_core.shell:Skip shell extension 'dsv' for command environment
[3.502s] INFO:colcon.colcon_core.task.python.build:Building Python package in '/home/kevin/ldlidar_ros2_ws/src/autonomous_exploration'
[3.503s] INFO:colcon.colcon_core.shell:Skip shell extension 'powershell' for command environment: Not usable outside of PowerShell
[3.504s] DEBUG:colcon.colcon_core.shell:Skip shell extension 'dsv' for command environment
[3.551s] DEBUG:colcon.colcon_core.event_handler.log_command:Invoking command in '/home/kevin/ldlidar_ros2_ws/build/ldlidar_stl_ros2': CMAKE_PREFIX_PATH=${CMAKE_PREFIX_PATH}:/home/kevin/ldlidar_ros2_ws/install/autonomous_exploration:/opt/ros/humble /usr/bin/cmake --build /home/kevin/ldlidar_ros2_ws/build/ldlidar_stl_ros2 -- -j4 -l4
[3.586s] DEBUG:colcon.colcon_core.event_handler.log_command:Invoking command in '/home/kevin/ldlidar_ros2_ws/build/lidar_bringup': CMAKE_PREFIX_PATH=${CMAKE_PREFIX_PATH}:/home/kevin/ldlidar_ros2_ws/install/autonomous_exploration:/opt/ros/humble /usr/bin/cmake --build /home/kevin/ldlidar_ros2_ws/build/lidar_bringup -- -j4 -l4
[3.605s] DEBUG:colcon.colcon_core.event_handler.log_command:Invoking command in '/home/kevin/ldlidar_ros2_ws/build/lidar_cartographer': CMAKE_PREFIX_PATH=${CMAKE_PREFIX_PATH}:/home/kevin/ldlidar_ros2_ws/install/autonomous_exploration:/opt/ros/humble /usr/bin/cmake --build /home/kevin/ldlidar_ros2_ws/build/lidar_cartographer -- -j4 -l4
[3.835s] DEBUG:colcon.colcon_core.event_handler.log_command:Invoked command in '/home/kevin/ldlidar_ros2_ws/build/lidar_cartographer' returned '0': CMAKE_PREFIX_PATH=${CMAKE_PREFIX_PATH}:/home/kevin/ldlidar_ros2_ws/install/autonomous_exploration:/opt/ros/humble /usr/bin/cmake --build /home/kevin/ldlidar_ros2_ws/build/lidar_cartographer -- -j4 -l4
[3.961s] DEBUG:colcon.colcon_core.event_handler.log_command:Invoked command in '/home/kevin/ldlidar_ros2_ws/build/ldlidar_stl_ros2' returned '0': CMAKE_PREFIX_PATH=${CMAKE_PREFIX_PATH}:/home/kevin/ldlidar_ros2_ws/install/autonomous_exploration:/opt/ros/humble /usr/bin/cmake --build /home/kevin/ldlidar_ros2_ws/build/ldlidar_stl_ros2 -- -j4 -l4
[4.083s] DEBUG:colcon.colcon_core.event_handler.log_command:Invoking command in '/home/kevin/ldlidar_ros2_ws/build/lidar_cartographer': CMAKE_PREFIX_PATH=${CMAKE_PREFIX_PATH}:/home/kevin/ldlidar_ros2_ws/install/autonomous_exploration:/opt/ros/humble /usr/bin/cmake --install /home/kevin/ldlidar_ros2_ws/build/lidar_cartographer
[4.298s] Level 1:colcon.colcon_core.environment:create_environment_scripts_only(lidar_cartographer)
[4.321s] DEBUG:colcon.colcon_core.event_handler.log_command:Invoked command in '/home/kevin/ldlidar_ros2_ws/build/lidar_cartographer' returned '0': CMAKE_PREFIX_PATH=${CMAKE_PREFIX_PATH}:/home/kevin/ldlidar_ros2_ws/install/autonomous_exploration:/opt/ros/humble /usr/bin/cmake --install /home/kevin/ldlidar_ros2_ws/build/lidar_cartographer
[4.338s] Level 1:colcon.colcon_core.environment:checking '/home/kevin/ldlidar_ros2_ws/install/lidar_cartographer' for CMake module files
[4.343s] Level 1:colcon.colcon_core.environment:checking '/home/kevin/ldlidar_ros2_ws/install/lidar_cartographer' for CMake config files
[4.348s] Level 1:colcon.colcon_core.shell:create_environment_hook('lidar_cartographer', 'cmake_prefix_path')
[4.350s] INFO:colcon.colcon_core.shell:Creating environment hook '/home/kevin/ldlidar_ros2_ws/install/lidar_cartographer/share/lidar_cartographer/hook/cmake_prefix_path.ps1'
[4.357s] INFO:colcon.colcon_core.shell:Creating environment descriptor '/home/kevin/ldlidar_ros2_ws/install/lidar_cartographer/share/lidar_cartographer/hook/cmake_prefix_path.dsv'
[4.363s] INFO:colcon.colcon_core.shell:Creating environment hook '/home/kevin/ldlidar_ros2_ws/install/lidar_cartographer/share/lidar_cartographer/hook/cmake_prefix_path.sh'
[4.371s] Level 1:colcon.colcon_core.environment:checking '/home/kevin/ldlidar_ros2_ws/install/lidar_cartographer/bin'
[4.373s] Level 1:colcon.colcon_core.environment:checking '/home/kevin/ldlidar_ros2_ws/install/lidar_cartographer/lib/pkgconfig/lidar_cartographer.pc'
[4.376s] Level 1:colcon.colcon_core.environment:checking '/home/kevin/ldlidar_ros2_ws/install/lidar_cartographer/lib/python3.10/site-packages'
[4.380s] Level 1:colcon.colcon_core.environment:checking '/home/kevin/ldlidar_ros2_ws/install/lidar_cartographer/bin'
[4.384s] INFO:colcon.colcon_core.shell:Creating package script '/home/kevin/ldlidar_ros2_ws/install/lidar_cartographer/share/lidar_cartographer/package.ps1'
[4.395s] INFO:colcon.colcon_core.shell:Creating package descriptor '/home/kevin/ldlidar_ros2_ws/install/lidar_cartographer/share/lidar_cartographer/package.dsv'
[4.403s] INFO:colcon.colcon_core.shell:Creating package script '/home/kevin/ldlidar_ros2_ws/install/lidar_cartographer/share/lidar_cartographer/package.sh'
[4.415s] INFO:colcon.colcon_core.shell:Creating package script '/home/kevin/ldlidar_ros2_ws/install/lidar_cartographer/share/lidar_cartographer/package.bash'
[4.423s] INFO:colcon.colcon_core.shell:Creating package script '/home/kevin/ldlidar_ros2_ws/install/lidar_cartographer/share/lidar_cartographer/package.zsh'
[4.431s] Level 1:colcon.colcon_core.environment:create_file_with_runtime_dependencies(/home/kevin/ldlidar_ros2_ws/install/lidar_cartographer/share/colcon-core/packages/lidar_cartographer)
[4.478s] DEBUG:colcon.colcon_core.event_handler.log_command:Invoking command in '/home/kevin/ldlidar_ros2_ws/build/ldlidar_stl_ros2': CMAKE_PREFIX_PATH=${CMAKE_PREFIX_PATH}:/home/kevin/ldlidar_ros2_ws/install/autonomous_exploration:/opt/ros/humble /usr/bin/cmake --install /home/kevin/ldlidar_ros2_ws/build/ldlidar_stl_ros2
[4.771s] Level 1:colcon.colcon_core.environment:create_environment_scripts_only(ldlidar_stl_ros2)
[4.776s] Level 1:colcon.colcon_core.environment:checking '/home/kevin/ldlidar_ros2_ws/install/ldlidar_stl_ros2' for CMake module files
[4.781s] Level 1:colcon.colcon_core.environment:checking '/home/kevin/ldlidar_ros2_ws/install/ldlidar_stl_ros2' for CMake config files
[4.775s] DEBUG:colcon.colcon_core.event_handler.log_command:Invoked command in '/home/kevin/ldlidar_ros2_ws/build/ldlidar_stl_ros2' returned '0': CMAKE_PREFIX_PATH=${CMAKE_PREFIX_PATH}:/home/kevin/ldlidar_ros2_ws/install/autonomous_exploration:/opt/ros/humble /usr/bin/cmake --install /home/kevin/ldlidar_ros2_ws/build/ldlidar_stl_ros2
[4.795s] Level 1:colcon.colcon_core.shell:create_environment_hook('ldlidar_stl_ros2', 'cmake_prefix_path')
[4.797s] INFO:colcon.colcon_core.shell:Creating environment hook '/home/kevin/ldlidar_ros2_ws/install/ldlidar_stl_ros2/share/ldlidar_stl_ros2/hook/cmake_prefix_path.ps1'
[4.804s] INFO:colcon.colcon_core.shell:Creating environment descriptor '/home/kevin/ldlidar_ros2_ws/install/ldlidar_stl_ros2/share/ldlidar_stl_ros2/hook/cmake_prefix_path.dsv'
[4.815s] INFO:colcon.colcon_core.shell:Creating environment hook '/home/kevin/ldlidar_ros2_ws/install/ldlidar_stl_ros2/share/ldlidar_stl_ros2/hook/cmake_prefix_path.sh'
[4.823s] Level 1:colcon.colcon_core.environment:checking '/home/kevin/ldlidar_ros2_ws/install/ldlidar_stl_ros2/lib'
[4.828s] Level 1:colcon.colcon_core.environment:checking '/home/kevin/ldlidar_ros2_ws/install/ldlidar_stl_ros2/bin'
[4.834s] Level 1:colcon.colcon_core.environment:checking '/home/kevin/ldlidar_ros2_ws/install/ldlidar_stl_ros2/lib/pkgconfig/ldlidar_stl_ros2.pc'
[4.836s] Level 1:colcon.colcon_core.environment:checking '/home/kevin/ldlidar_ros2_ws/install/ldlidar_stl_ros2/lib/python3.10/site-packages'
[4.838s] Level 1:colcon.colcon_core.environment:checking '/home/kevin/ldlidar_ros2_ws/install/ldlidar_stl_ros2/bin'
[4.843s] INFO:colcon.colcon_core.shell:Creating package script '/home/kevin/ldlidar_ros2_ws/install/ldlidar_stl_ros2/share/ldlidar_stl_ros2/package.ps1'
[4.852s] INFO:colcon.colcon_core.shell:Creating package descriptor '/home/kevin/ldlidar_ros2_ws/install/ldlidar_stl_ros2/share/ldlidar_stl_ros2/package.dsv'
[4.862s] INFO:colcon.colcon_core.shell:Creating package script '/home/kevin/ldlidar_ros2_ws/install/ldlidar_stl_ros2/share/ldlidar_stl_ros2/package.sh'
[4.877s] INFO:colcon.colcon_core.shell:Creating package script '/home/kevin/ldlidar_ros2_ws/install/ldlidar_stl_ros2/share/ldlidar_stl_ros2/package.bash'
[4.884s] INFO:colcon.colcon_core.shell:Creating package script '/home/kevin/ldlidar_ros2_ws/install/ldlidar_stl_ros2/share/ldlidar_stl_ros2/package.zsh'
[4.901s] Level 1:colcon.colcon_core.environment:create_file_with_runtime_dependencies(/home/kevin/ldlidar_ros2_ws/install/ldlidar_stl_ros2/share/colcon-core/packages/ldlidar_stl_ros2)
[4.931s] Level 1:colcon.colcon_core.environment:create_environment_scripts_only(lidar_cartographer)
[4.934s] Level 1:colcon.colcon_core.environment:checking '/home/kevin/ldlidar_ros2_ws/install/lidar_cartographer' for CMake module files
[4.944s] Level 1:colcon.colcon_core.environment:checking '/home/kevin/ldlidar_ros2_ws/install/lidar_cartographer' for CMake config files
[4.952s] Level 1:colcon.colcon_core.shell:create_environment_hook('lidar_cartographer', 'cmake_prefix_path')
[4.959s] INFO:colcon.colcon_core.shell:Creating environment hook '/home/kevin/ldlidar_ros2_ws/install/lidar_cartographer/share/lidar_cartographer/hook/cmake_prefix_path.ps1'
[4.966s] INFO:colcon.colcon_core.shell:Creating environment descriptor '/home/kevin/ldlidar_ros2_ws/install/lidar_cartographer/share/lidar_cartographer/hook/cmake_prefix_path.dsv'
[4.973s] INFO:colcon.colcon_core.shell:Creating environment hook '/home/kevin/ldlidar_ros2_ws/install/lidar_cartographer/share/lidar_cartographer/hook/cmake_prefix_path.sh'
[4.987s] Level 1:colcon.colcon_core.environment:checking '/home/kevin/ldlidar_ros2_ws/install/lidar_cartographer/bin'
[4.989s] Level 1:colcon.colcon_core.environment:checking '/home/kevin/ldlidar_ros2_ws/install/lidar_cartographer/lib/pkgconfig/lidar_cartographer.pc'
[4.993s] Level 1:colcon.colcon_core.environment:checking '/home/kevin/ldlidar_ros2_ws/install/lidar_cartographer/lib/python3.10/site-packages'
[4.998s] Level 1:colcon.colcon_core.environment:checking '/home/kevin/ldlidar_ros2_ws/install/lidar_cartographer/bin'
[5.000s] INFO:colcon.colcon_core.shell:Creating package script '/home/kevin/ldlidar_ros2_ws/install/lidar_cartographer/share/lidar_cartographer/package.ps1'
[5.004s] INFO:colcon.colcon_core.shell:Creating package descriptor '/home/kevin/ldlidar_ros2_ws/install/lidar_cartographer/share/lidar_cartographer/package.dsv'
[5.013s] INFO:colcon.colcon_core.shell:Creating package script '/home/kevin/ldlidar_ros2_ws/install/lidar_cartographer/share/lidar_cartographer/package.sh'
[5.019s] INFO:colcon.colcon_core.shell:Creating package script '/home/kevin/ldlidar_ros2_ws/install/lidar_cartographer/share/lidar_cartographer/package.bash'
[5.024s] INFO:colcon.colcon_core.shell:Creating package script '/home/kevin/ldlidar_ros2_ws/install/lidar_cartographer/share/lidar_cartographer/package.zsh'
[5.029s] Level 1:colcon.colcon_core.environment:create_file_with_runtime_dependencies(/home/kevin/ldlidar_ros2_ws/install/lidar_cartographer/share/colcon-core/packages/lidar_cartographer)
[5.259s] Level 1:colcon.colcon_core.environment:create_environment_scripts_only(ldlidar_stl_ros2)
[5.261s] Level 1:colcon.colcon_core.environment:checking '/home/kevin/ldlidar_ros2_ws/install/ldlidar_stl_ros2' for CMake module files
[5.265s] Level 1:colcon.colcon_core.environment:checking '/home/kevin/ldlidar_ros2_ws/install/ldlidar_stl_ros2' for CMake config files
[5.269s] Level 1:colcon.colcon_core.shell:create_environment_hook('ldlidar_stl_ros2', 'cmake_prefix_path')
[5.271s] INFO:colcon.colcon_core.shell:Creating environment hook '/home/kevin/ldlidar_ros2_ws/install/ldlidar_stl_ros2/share/ldlidar_stl_ros2/hook/cmake_prefix_path.ps1'
[5.275s] INFO:colcon.colcon_core.shell:Creating environment descriptor '/home/kevin/ldlidar_ros2_ws/install/ldlidar_stl_ros2/share/ldlidar_stl_ros2/hook/cmake_prefix_path.dsv'
[5.279s] INFO:colcon.colcon_core.shell:Creating environment hook '/home/kevin/ldlidar_ros2_ws/install/ldlidar_stl_ros2/share/ldlidar_stl_ros2/hook/cmake_prefix_path.sh'
[5.287s] Level 1:colcon.colcon_core.environment:checking '/home/kevin/ldlidar_ros2_ws/install/ldlidar_stl_ros2/lib'
[5.289s] Level 1:colcon.colcon_core.environment:checking '/home/kevin/ldlidar_ros2_ws/install/ldlidar_stl_ros2/bin'
[5.290s] Level 1:colcon.colcon_core.environment:checking '/home/kevin/ldlidar_ros2_ws/install/ldlidar_stl_ros2/lib/pkgconfig/ldlidar_stl_ros2.pc'
[5.292s] Level 1:colcon.colcon_core.environment:checking '/home/kevin/ldlidar_ros2_ws/install/ldlidar_stl_ros2/lib/python3.10/site-packages'
[5.294s] Level 1:colcon.colcon_core.environment:checking '/home/kevin/ldlidar_ros2_ws/install/ldlidar_stl_ros2/bin'
[5.296s] INFO:colcon.colcon_core.shell:Creating package script '/home/kevin/ldlidar_ros2_ws/install/ldlidar_stl_ros2/share/ldlidar_stl_ros2/package.ps1'
[5.301s] INFO:colcon.colcon_core.shell:Creating package descriptor '/home/kevin/ldlidar_ros2_ws/install/ldlidar_stl_ros2/share/ldlidar_stl_ros2/package.dsv'
[5.306s] INFO:colcon.colcon_core.shell:Creating package script '/home/kevin/ldlidar_ros2_ws/install/ldlidar_stl_ros2/share/ldlidar_stl_ros2/package.sh'
[5.311s] INFO:colcon.colcon_core.shell:Creating package script '/home/kevin/ldlidar_ros2_ws/install/ldlidar_stl_ros2/share/ldlidar_stl_ros2/package.bash'
[5.319s] INFO:colcon.colcon_core.shell:Creating package script '/home/kevin/ldlidar_ros2_ws/install/ldlidar_stl_ros2/share/ldlidar_stl_ros2/package.zsh'
[5.325s] Level 1:colcon.colcon_core.environment:create_file_with_runtime_dependencies(/home/kevin/ldlidar_ros2_ws/install/ldlidar_stl_ros2/share/colcon-core/packages/ldlidar_stl_ros2)
[5.597s] DEBUG:colcon.colcon_core.event_handler.log_command:Invoked command in '/home/kevin/ldlidar_ros2_ws/build/lidar_bringup' returned '0': CMAKE_PREFIX_PATH=${CMAKE_PREFIX_PATH}:/home/kevin/ldlidar_ros2_ws/install/autonomous_exploration:/opt/ros/humble /usr/bin/cmake --build /home/kevin/ldlidar_ros2_ws/build/lidar_bringup -- -j4 -l4
[5.729s] DEBUG:colcon.colcon_core.event_handler.log_command:Invoking command in '/home/kevin/ldlidar_ros2_ws/build/lidar_bringup': CMAKE_PREFIX_PATH=${CMAKE_PREFIX_PATH}:/home/kevin/ldlidar_ros2_ws/install/autonomous_exploration:/opt/ros/humble /usr/bin/cmake --install /home/kevin/ldlidar_ros2_ws/build/lidar_bringup
[5.872s] Level 1:colcon.colcon_core.environment:create_environment_scripts_only(lidar_bringup)
[5.874s] Level 1:colcon.colcon_core.environment:checking '/home/kevin/ldlidar_ros2_ws/install/lidar_bringup' for CMake module files
[5.878s] DEBUG:colcon.colcon_core.event_handler.log_command:Invoked command in '/home/kevin/ldlidar_ros2_ws/build/lidar_bringup' returned '0': CMAKE_PREFIX_PATH=${CMAKE_PREFIX_PATH}:/home/kevin/ldlidar_ros2_ws/install/autonomous_exploration:/opt/ros/humble /usr/bin/cmake --install /home/kevin/ldlidar_ros2_ws/build/lidar_bringup
[5.879s] Level 1:colcon.colcon_core.environment:checking '/home/kevin/ldlidar_ros2_ws/install/lidar_bringup' for CMake config files
[5.882s] Level 1:colcon.colcon_core.shell:create_environment_hook('lidar_bringup', 'cmake_prefix_path')
[5.884s] INFO:colcon.colcon_core.shell:Creating environment hook '/home/kevin/ldlidar_ros2_ws/install/lidar_bringup/share/lidar_bringup/hook/cmake_prefix_path.ps1'
[5.886s] INFO:colcon.colcon_core.shell:Creating environment descriptor '/home/kevin/ldlidar_ros2_ws/install/lidar_bringup/share/lidar_bringup/hook/cmake_prefix_path.dsv'
[5.889s] INFO:colcon.colcon_core.shell:Creating environment hook '/home/kevin/ldlidar_ros2_ws/install/lidar_bringup/share/lidar_bringup/hook/cmake_prefix_path.sh'
[5.892s] Level 1:colcon.colcon_core.environment:checking '/home/kevin/ldlidar_ros2_ws/install/lidar_bringup/bin'
[5.893s] Level 1:colcon.colcon_core.environment:checking '/home/kevin/ldlidar_ros2_ws/install/lidar_bringup/lib/pkgconfig/lidar_bringup.pc'
[5.894s] Level 1:colcon.colcon_core.environment:checking '/home/kevin/ldlidar_ros2_ws/install/lidar_bringup/lib/python3.10/site-packages'
[5.896s] Level 1:colcon.colcon_core.environment:checking '/home/kevin/ldlidar_ros2_ws/install/lidar_bringup/bin'
[5.897s] INFO:colcon.colcon_core.shell:Creating package script '/home/kevin/ldlidar_ros2_ws/install/lidar_bringup/share/lidar_bringup/package.ps1'
[5.900s] INFO:colcon.colcon_core.shell:Creating package descriptor '/home/kevin/ldlidar_ros2_ws/install/lidar_bringup/share/lidar_bringup/package.dsv'
[5.903s] INFO:colcon.colcon_core.shell:Creating package script '/home/kevin/ldlidar_ros2_ws/install/lidar_bringup/share/lidar_bringup/package.sh'
[5.906s] INFO:colcon.colcon_core.shell:Creating package script '/home/kevin/ldlidar_ros2_ws/install/lidar_bringup/share/lidar_bringup/package.bash'
[5.908s] INFO:colcon.colcon_core.shell:Creating package script '/home/kevin/ldlidar_ros2_ws/install/lidar_bringup/share/lidar_bringup/package.zsh'
[5.912s] Level 1:colcon.colcon_core.environment:create_file_with_runtime_dependencies(/home/kevin/ldlidar_ros2_ws/install/lidar_bringup/share/colcon-core/packages/lidar_bringup)
[6.032s] Level 1:colcon.colcon_core.environment:create_environment_scripts_only(lidar_bringup)
[6.033s] Level 1:colcon.colcon_core.environment:checking '/home/kevin/ldlidar_ros2_ws/install/lidar_bringup' for CMake module files
[6.036s] Level 1:colcon.colcon_core.environment:checking '/home/kevin/ldlidar_ros2_ws/install/lidar_bringup' for CMake config files
[6.039s] Level 1:colcon.colcon_core.shell:create_environment_hook('lidar_bringup', 'cmake_prefix_path')
[6.040s] INFO:colcon.colcon_core.shell:Creating environment hook '/home/kevin/ldlidar_ros2_ws/install/lidar_bringup/share/lidar_bringup/hook/cmake_prefix_path.ps1'
[6.046s] INFO:colcon.colcon_core.shell:Creating environment descriptor '/home/kevin/ldlidar_ros2_ws/install/lidar_bringup/share/lidar_bringup/hook/cmake_prefix_path.dsv'
[6.093s] INFO:colcon.colcon_core.shell:Creating environment hook '/home/kevin/ldlidar_ros2_ws/install/lidar_bringup/share/lidar_bringup/hook/cmake_prefix_path.sh'
[6.098s] Level 1:colcon.colcon_core.environment:checking '/home/kevin/ldlidar_ros2_ws/install/lidar_bringup/bin'
[6.098s] Level 1:colcon.colcon_core.environment:checking '/home/kevin/ldlidar_ros2_ws/install/lidar_bringup/lib/pkgconfig/lidar_bringup.pc'
[6.099s] Level 1:colcon.colcon_core.environment:checking '/home/kevin/ldlidar_ros2_ws/install/lidar_bringup/lib/python3.10/site-packages'
[6.101s] Level 1:colcon.colcon_core.environment:checking '/home/kevin/ldlidar_ros2_ws/install/lidar_bringup/bin'
[6.102s] INFO:colcon.colcon_core.shell:Creating package script '/home/kevin/ldlidar_ros2_ws/install/lidar_bringup/share/lidar_bringup/package.ps1'
[6.105s] INFO:colcon.colcon_core.shell:Creating package descriptor '/home/kevin/ldlidar_ros2_ws/install/lidar_bringup/share/lidar_bringup/package.dsv'
[6.108s] INFO:colcon.colcon_core.shell:Creating package script '/home/kevin/ldlidar_ros2_ws/install/lidar_bringup/share/lidar_bringup/package.sh'
[6.111s] INFO:colcon.colcon_core.shell:Creating package script '/home/kevin/ldlidar_ros2_ws/install/lidar_bringup/share/lidar_bringup/package.bash'
[6.114s] INFO:colcon.colcon_core.shell:Creating package script '/home/kevin/ldlidar_ros2_ws/install/lidar_bringup/share/lidar_bringup/package.zsh'
[6.118s] Level 1:colcon.colcon_core.environment:create_file_with_runtime_dependencies(/home/kevin/ldlidar_ros2_ws/install/lidar_bringup/share/colcon-core/packages/lidar_bringup)
[6.388s] DEBUG:colcon.colcon_core.event_handler.log_command:Invoking command in '/home/kevin/ldlidar_ros2_ws/src/autonomous_exploration': PYTHONPATH=/home/kevin/ldlidar_ros2_ws/build/autonomous_exploration/prefix_override:/home/kevin/ldlidar_ros2_ws/install/autonomous_exploration/lib/python3.10/site-packages:${PYTHONPATH} /usr/bin/python3 -W ignore:setup.py install is deprecated setup.py egg_info --egg-base ../../build/autonomous_exploration build --build-base /home/kevin/ldlidar_ros2_ws/build/autonomous_exploration/build install --record /home/kevin/ldlidar_ros2_ws/build/autonomous_exploration/install.log --single-version-externally-managed install_data
[7.871s] Level 1:colcon.colcon_core.environment:checking '/home/kevin/ldlidar_ros2_ws/install/autonomous_exploration' for CMake module files
[7.873s] DEBUG:colcon.colcon_core.event_handler.log_command:Invoked command in '/home/kevin/ldlidar_ros2_ws/src/autonomous_exploration' returned '0': PYTHONPATH=/home/kevin/ldlidar_ros2_ws/build/autonomous_exploration/prefix_override:/home/kevin/ldlidar_ros2_ws/install/autonomous_exploration/lib/python3.10/site-packages:${PYTHONPATH} /usr/bin/python3 -W ignore:setup.py install is deprecated setup.py egg_info --egg-base ../../build/autonomous_exploration build --build-base /home/kevin/ldlidar_ros2_ws/build/autonomous_exploration/build install --record /home/kevin/ldlidar_ros2_ws/build/autonomous_exploration/install.log --single-version-externally-managed install_data
[7.875s] Level 1:colcon.colcon_core.environment:checking '/home/kevin/ldlidar_ros2_ws/install/autonomous_exploration' for CMake config files
[7.879s] Level 1:colcon.colcon_core.environment:checking '/home/kevin/ldlidar_ros2_ws/install/autonomous_exploration/lib'
[7.879s] Level 1:colcon.colcon_core.environment:checking '/home/kevin/ldlidar_ros2_ws/install/autonomous_exploration/bin'
[7.880s] Level 1:colcon.colcon_core.environment:checking '/home/kevin/ldlidar_ros2_ws/install/autonomous_exploration/lib/pkgconfig/autonomous_exploration.pc'
[7.882s] Level 1:colcon.colcon_core.environment:checking '/home/kevin/ldlidar_ros2_ws/install/autonomous_exploration/lib/python3.10/site-packages'
[7.882s] Level 1:colcon.colcon_core.shell:create_environment_hook('autonomous_exploration', 'pythonpath')
[7.883s] INFO:colcon.colcon_core.shell:Creating environment hook '/home/kevin/ldlidar_ros2_ws/install/autonomous_exploration/share/autonomous_exploration/hook/pythonpath.ps1'
[7.886s] INFO:colcon.colcon_core.shell:Creating environment descriptor '/home/kevin/ldlidar_ros2_ws/install/autonomous_exploration/share/autonomous_exploration/hook/pythonpath.dsv'
[7.889s] INFO:colcon.colcon_core.shell:Creating environment hook '/home/kevin/ldlidar_ros2_ws/install/autonomous_exploration/share/autonomous_exploration/hook/pythonpath.sh'
[7.892s] Level 1:colcon.colcon_core.environment:checking '/home/kevin/ldlidar_ros2_ws/install/autonomous_exploration/bin'
[7.893s] Level 1:colcon.colcon_core.environment:create_environment_scripts_only(autonomous_exploration)
[7.894s] INFO:colcon.colcon_core.shell:Creating package script '/home/kevin/ldlidar_ros2_ws/install/autonomous_exploration/share/autonomous_exploration/package.ps1'
[7.897s] INFO:colcon.colcon_core.shell:Creating package descriptor '/home/kevin/ldlidar_ros2_ws/install/autonomous_exploration/share/autonomous_exploration/package.dsv'
[7.899s] INFO:colcon.colcon_core.shell:Creating package script '/home/kevin/ldlidar_ros2_ws/install/autonomous_exploration/share/autonomous_exploration/package.sh'
[7.902s] INFO:colcon.colcon_core.shell:Creating package script '/home/kevin/ldlidar_ros2_ws/install/autonomous_exploration/share/autonomous_exploration/package.bash'
[7.904s] INFO:colcon.colcon_core.shell:Creating package script '/home/kevin/ldlidar_ros2_ws/install/autonomous_exploration/share/autonomous_exploration/package.zsh'
[7.906s] Level 1:colcon.colcon_core.environment:create_file_with_runtime_dependencies(/home/kevin/ldlidar_ros2_ws/install/autonomous_exploration/share/colcon-core/packages/autonomous_exploration)
[7.908s] DEBUG:colcon.colcon_parallel_executor.executor.parallel:closing loop
[7.910s] DEBUG:colcon.colcon_parallel_executor.executor.parallel:loop closed
[7.911s] DEBUG:colcon.colcon_parallel_executor.executor.parallel:run_until_complete finished with '0'
[7.912s] DEBUG:colcon.colcon_core.event_reactor:joining thread
[7.936s] INFO:colcon.colcon_core.plugin_system:Skipping extension 'colcon_notification.desktop_notification.terminal_notifier': Not used on non-Darwin systems
[7.937s] INFO:colcon.colcon_core.plugin_system:Skipping extension 'colcon_notification.desktop_notification.win32': Not used on non-Windows systems
[7.937s] INFO:colcon.colcon_notification.desktop_notification:Sending desktop notification using 'notify2'
[7.993s] DEBUG:colcon.colcon_core.event_reactor:joined thread
[7.995s] INFO:colcon.colcon_core.shell:Creating prefix script '/home/kevin/ldlidar_ros2_ws/install/local_setup.ps1'
[8.000s] INFO:colcon.colcon_core.shell:Creating prefix util module '/home/kevin/ldlidar_ros2_ws/install/_local_setup_util_ps1.py'
[8.006s] INFO:colcon.colcon_core.shell:Creating prefix chain script '/home/kevin/ldlidar_ros2_ws/install/setup.ps1'
[8.014s] INFO:colcon.colcon_core.shell:Creating prefix script '/home/kevin/ldlidar_ros2_ws/install/local_setup.sh'
[8.019s] INFO:colcon.colcon_core.shell:Creating prefix util module '/home/kevin/ldlidar_ros2_ws/install/_local_setup_util_sh.py'
[8.022s] INFO:colcon.colcon_core.shell:Creating prefix chain script '/home/kevin/ldlidar_ros2_ws/install/setup.sh'
[8.029s] INFO:colcon.colcon_core.shell:Creating prefix script '/home/kevin/ldlidar_ros2_ws/install/local_setup.bash'
[8.033s] INFO:colcon.colcon_core.shell:Creating prefix chain script '/home/kevin/ldlidar_ros2_ws/install/setup.bash'
[8.041s] INFO:colcon.colcon_core.shell:Creating prefix script '/home/kevin/ldlidar_ros2_ws/install/local_setup.zsh'
[8.045s] INFO:colcon.colcon_core.shell:Creating prefix chain script '/home/kevin/ldlidar_ros2_ws/install/setup.zsh'
