running egg_info
writing ../../build/autonomous_exploration/autonomous_exploration.egg-info/PKG-INFO
writing dependency_links to ../../build/autonomous_exploration/autonomous_exploration.egg-info/dependency_links.txt
writing entry points to ../../build/autonomous_exploration/autonomous_exploration.egg-info/entry_points.txt
writing requirements to ../../build/autonomous_exploration/autonomous_exploration.egg-info/requires.txt
writing top-level names to ../../build/autonomous_exploration/autonomous_exploration.egg-info/top_level.txt
reading manifest file '../../build/autonomous_exploration/autonomous_exploration.egg-info/SOURCES.txt'
writing manifest file '../../build/autonomous_exploration/autonomous_exploration.egg-info/SOURCES.txt'
running build
running build_py
copying autonomous_exploration/control.py -> /home/kev/ldlidar_ros2_ws/build/autonomous_exploration/build/lib/autonomous_exploration
copying autonomous_exploration/__init__.py -> /home/kev/ldlidar_ros2_ws/build/autonomous_exploration/build/lib/autonomous_exploration
running install
running install_lib
copying /home/kev/ldlidar_ros2_ws/build/autonomous_exploration/build/lib/autonomous_exploration/control.py -> /home/kev/ldlidar_ros2_ws/install/autonomous_exploration/lib/python3.10/site-packages/autonomous_exploration
copying /home/kev/ldlidar_ros2_ws/build/autonomous_exploration/build/lib/autonomous_exploration/__init__.py -> /home/kev/ldlidar_ros2_ws/install/autonomous_exploration/lib/python3.10/site-packages/autonomous_exploration
byte-compiling /home/kev/ldlidar_ros2_ws/install/autonomous_exploration/lib/python3.10/site-packages/autonomous_exploration/control.py to control.cpython-310.pyc
byte-compiling /home/kev/ldlidar_ros2_ws/install/autonomous_exploration/lib/python3.10/site-packages/autonomous_exploration/__init__.py to __init__.cpython-310.pyc
running install_data
copying resource/autonomous_exploration -> /home/kev/ldlidar_ros2_ws/install/autonomous_exploration/share/ament_index/resource_index/packages
copying package.xml -> /home/kev/ldlidar_ros2_ws/install/autonomous_exploration/share/autonomous_exploration
copying launch/exploration_launch.py -> /home/kev/ldlidar_ros2_ws/install/autonomous_exploration/share/autonomous_exploration/launch
creating /home/kev/ldlidar_ros2_ws/install/autonomous_exploration/share/autonomous_exploration/config
